<?xml version="1.0" encoding="UTF-8"?>
<!-- Generated by org.testng.reporters.JUnitXMLReporter -->
<testsuite ignored="3" hostname="DESKTOP-HCKLODP" failures="0" tests="1" name="Default test" time="13.3" errors="0" timestamp="2021-08-20T10:04:31 EDT">
  <testcase classname="testMethods.test" name="getTextFromPage" time="13.241"/>
  <testcase classname="testMethods.test" name="testCleanString" time="0.0">
    <ignored/>
  </testcase> <!-- testCleanString -->
  <testcase classname="testMethods.test" name="testCheckSpelling" time="0.0">
    <ignored/>
  </testcase> <!-- testCheckSpelling -->
  <testcase classname="testMethods.test" name="testGetSentence" time="0.0">
    <ignored/>
  </testcase> <!-- testGetSentence -->
</testsuite> <!-- Default test -->
