<?xml version="1.0" encoding="UTF-8"?>
<!-- Generated by org.testng.reporters.JUnitXMLReporter -->
<testsuite ignored="0" hostname="DESKTOP-HCKLODP" failures="0" tests="3" name="Test" time="0.093" errors="0" timestamp="2021-08-13T12:02:15 EDT">
  <testcase classname="testMethods.test" name="testGetSentence" time="0.016"/>
  <testcase classname="testMethods.test" name="testGetSentence" time="0.002"/>
  <testcase classname="testMethods.test" name="testGetSentence" time="0.002"/>
</testsuite> <!-- Test -->
