<?xml version="1.0" encoding="UTF-8"?>
<testng-results ignored="0" total="2" passed="2" failed="0" skipped="0">
  <reporter-output>
  </reporter-output>
  <suite started-at="2021-08-20T14:32:16 EDT" name="Suite" finished-at="2021-08-20T14:33:09 EDT" duration-ms="52286">
    <groups>
    </groups>
    <test started-at="2021-08-20T14:32:16 EDT" name="Test" finished-at="2021-08-20T14:33:09 EDT" duration-ms="52286">
      <class name="SpellCheck.SpellCheckPages">
        <test-method is-config="true" signature="initialize(java.lang.String)[pri:0, instance:SpellCheck.SpellCheckPages@67f639d3]" started-at="2021-08-20T14:32:16 EDT" name="initialize" finished-at="2021-08-20T14:32:22 EDT" duration-ms="5377" status="PASS">
          <params>
            <param index="0">
              <value>
                <![CDATA[OSRS]]>
              </value>
            </param>
          </params>
          <reporter-output>
          </reporter-output>
        </test-method> <!-- initialize -->
        <test-method signature="spellCheck(java.lang.String)[pri:0, instance:SpellCheck.SpellCheckPages@67f639d3]" started-at="2021-08-20T14:32:37 EDT" name="spellCheck" data-provider="getRandomPages" finished-at="2021-08-20T14:32:52 EDT" duration-ms="14629" status="PASS">
          <params>
            <param index="0">
              <value>
                <![CDATA[https://oldschool.runescape.wiki/w/Rubble]]>
              </value>
            </param>
          </params>
          <reporter-output>
          </reporter-output>
        </test-method> <!-- spellCheck -->
        <test-method signature="spellCheck(java.lang.String)[pri:0, instance:SpellCheck.SpellCheckPages@67f639d3]" started-at="2021-08-20T14:32:52 EDT" name="spellCheck" data-provider="getRandomPages" finished-at="2021-08-20T14:33:06 EDT" duration-ms="14454" status="PASS">
          <params>
            <param index="0">
              <value>
                <![CDATA[https://oldschool.runescape.wiki/w/Javelin_shaft]]>
              </value>
            </param>
          </params>
          <reporter-output>
          </reporter-output>
        </test-method> <!-- spellCheck -->
        <test-method is-config="true" signature="teardown()[pri:0, instance:SpellCheck.SpellCheckPages@67f639d3]" started-at="2021-08-20T14:33:06 EDT" name="teardown" finished-at="2021-08-20T14:33:09 EDT" duration-ms="2283" status="PASS">
          <reporter-output>
          </reporter-output>
        </test-method> <!-- teardown -->
        <test-method is-config="true" signature="offerSuggestions()[pri:0, instance:SpellCheck.SpellCheckPages@67f639d3]" started-at="2021-08-20T14:33:09 EDT" name="offerSuggestions" finished-at="2021-08-20T14:33:09 EDT" duration-ms="0" status="PASS">
          <reporter-output>
          </reporter-output>
        </test-method> <!-- offerSuggestions -->
      </class> <!-- SpellCheck.SpellCheckPages -->
    </test> <!-- Test -->
  </suite> <!-- Suite -->
</testng-results>
