<?xml version="1.0" encoding="UTF-8"?>
<testng-results ignored="0" total="500" passed="431" failed="69" skipped="0">
  <reporter-output>
    <line>
      <![CDATA[https://oldschool.runescape.wiki/w/%2724-carat%27_sword]]>
    </line>
    <line>
      <![CDATA[https://oldschool.runescape.wiki/w/%27Beedy-eye%27_Jones]]>
    </line>
    <line>
      <![CDATA[https://oldschool.runescape.wiki/w/%27Beefy%27_Burns]]>
    </line>
    <line>
      <![CDATA[<br>Potential error: Boppin<br>Boppin is a pirate found aboard the Lady Zay. <br>ID: SENTENCE_WHITESPACE = Add a space between sentences.<br>]]>
    </line>
    <line>
      <![CDATA[https://oldschool.runescape.wiki/w/%27Betty%27_B.Boppin]]>
    </line>
    <line>
      <![CDATA[<br>Potential error: mischarting<br>During Lunar Diplomacy, he is the navigator aboard the Lady Zay whom the player falsely accuses for mischarting the way to Lunar Isle. <br>ID: MORFOLOGIK_RULE_EN_GB = Possible spelling mistake found.<br>]]>
    </line>
    <line>
      <![CDATA[https://oldschool.runescape.wiki/w/%27Birds-Eye%27_Jack]]>
    </line>
    <line>
      <![CDATA[https://oldschool.runescape.wiki/w/'Black-eye']]>
    </line>
    <line>
      <![CDATA[https://oldschool.runescape.wiki/w/%27Currency%27_The_Alchemist]]>
    </line>
    <line>
      <![CDATA[<br>Potential error: him<br>By speaking to him you learn there is a hex on the ship, preventing it from leaving the Pirates' Cove during the Lunar Diplomacy quest.
<br>ID: PRP_COMMA = Consider adding a comma here.<br>]]>
    </line>
    <line>
      <![CDATA[https://oldschool.runescape.wiki/w/%27Eagle-eye%27_Shultz]]>
    </line>
    <line>
      <![CDATA[https://oldschool.runescape.wiki/w/'Gummy']]>
    </line>
    <line>
      <![CDATA[https://oldschool.runescape.wiki/w/%27Lecherous%27_Lee]]>
    </line>
    <line>
      <![CDATA[https://oldschool.runescape.wiki/w/%27No_fingers%27]]>
    </line>
    <line>
      <![CDATA[<br>Potential error: Picarron<br>'Picarron' Pete is a pirate aboard the Lady Zay, a large naval vessel that will transport the player to the Lunar Isle.
<br>ID: MORFOLOGIK_RULE_EN_GB = Possible spelling mistake found.<br>]]>
    </line>
    <line>
      <![CDATA[<br>Potential error: picarron<br>While "picarron" is not a word, it possibly is a misspelling of "picaroon", which is defined as a rogue or thief.
<br>ID: MORFOLOGIK_RULE_EN_GB = Possible spelling mistake found.<br>]]>
    </line>
    <line>
      <![CDATA[https://oldschool.runescape.wiki/w/%27Picarron%27_Pete]]>
    </line>
    <line>
      <![CDATA[https://oldschool.runescape.wiki/w/%27Sticky%27_Sanders]]>
    </line>
    <line>
      <![CDATA[<br>Potential error: weightlift<br>Examine He likes to weightlift a little too much.
<br>ID: MORFOLOGIK_RULE_EN_GB = Possible spelling mistake found.<br>]]>
    </line>
    <line>
      <![CDATA[https://oldschool.runescape.wiki/w/%27The_Guns%27]]>
    </line>
    <line>
      <![CDATA[https://oldschool.runescape.wiki/w/%27Transmute%27_The_Alchemist]]>
    </line>
    <line>
      <![CDATA[https://oldschool.runescape.wiki/w/%27perfect%27_gold]]>
    </line>
    <line>
      <![CDATA[<br>Potential error: nontradable<br>A 'perfect' gold bar is a nontradable gold bar smelted from 'perfect' gold ore. <br>ID: MORFOLOGIK_RULE_EN_GB = Possible spelling mistake found.<br>]]>
    </line>
    <line>
      <![CDATA[https://oldschool.runescape.wiki/w/%27perfect%27_gold_bar]]>
    </line>
    <line>
      <![CDATA[https://oldschool.runescape.wiki/w/%27perfect%27_gold_ore]]>
    </line>
    <line>
      <![CDATA[https://oldschool.runescape.wiki/w/%27perfect%27_necklace]]>
    </line>
    <line>
      <![CDATA[https://oldschool.runescape.wiki/w/%27perfect%27_ring]]>
    </line>
    <line>
      <![CDATA[https://oldschool.runescape.wiki/w/(+)]]>
    </line>
    <line>
      <![CDATA[https://oldschool.runescape.wiki/w/(-)]]>
    </line>
    <line>
      <![CDATA[https://oldschool.runescape.wiki/w/(a)]]>
    </line>
    <line>
      <![CDATA[https://oldschool.runescape.wiki/w/(attuned)]]>
    </line>
    <line>
      <![CDATA[https://oldschool.runescape.wiki/w/(b)]]>
    </line>
    <line>
      <![CDATA[https://oldschool.runescape.wiki/w/(basic)]]>
    </line>
    <line>
      <![CDATA[https://oldschool.runescape.wiki/w/(beginner)]]>
    </line>
    <line>
      <![CDATA[https://oldschool.runescape.wiki/w/(blue)]]>
    </line>
    <line>
      <![CDATA[https://oldschool.runescape.wiki/w/(broken)]]>
    </line>
    <line>
      <![CDATA[https://oldschool.runescape.wiki/w/(c)]]>
    </line>
    <line>
      <![CDATA[https://oldschool.runescape.wiki/w/(d)]]>
    </line>
    <line>
      <![CDATA[https://oldschool.runescape.wiki/w/(dark)]]>
    </line>
    <line>
      <![CDATA[https://oldschool.runescape.wiki/w/(dry)]]>
    </line>
    <line>
      <![CDATA[https://oldschool.runescape.wiki/w/(dusk)]]>
    </line>
    <line>
      <![CDATA[https://oldschool.runescape.wiki/w/(e)]]>
    </line>
    <line>
      <![CDATA[https://oldschool.runescape.wiki/w/(easy)]]>
    </line>
    <line>
      <![CDATA[https://oldschool.runescape.wiki/w/(elite)]]>
    </line>
    <line>
      <![CDATA[https://oldschool.runescape.wiki/w/(empty)]]>
    </line>
    <line>
      <![CDATA[https://oldschool.runescape.wiki/w/(full)]]>
    </line>
    <line>
      <![CDATA[https://oldschool.runescape.wiki/w/(g)]]>
    </line>
    <line>
      <![CDATA[https://oldschool.runescape.wiki/w/(green)]]>
    </line>
    <line>
      <![CDATA[https://oldschool.runescape.wiki/w/(h1)]]>
    </line>
    <line>
      <![CDATA[https://oldschool.runescape.wiki/w/(h2)]]>
    </line>
    <line>
      <![CDATA[https://oldschool.runescape.wiki/w/(h3)]]>
    </line>
    <line>
      <![CDATA[https://oldschool.runescape.wiki/w/(h4)]]>
    </line>
    <line>
      <![CDATA[https://oldschool.runescape.wiki/w/(h5)]]>
    </line>
    <line>
      <![CDATA[https://oldschool.runescape.wiki/w/(hard)]]>
    </line>
    <line>
      <![CDATA[https://oldschool.runescape.wiki/w/(i)]]>
    </line>
    <line>
      <![CDATA[https://oldschool.runescape.wiki/w/(inactive)]]>
    </line>
    <line>
      <![CDATA[https://oldschool.runescape.wiki/w/(kg)]]>
    </line>
    <line>
      <![CDATA[https://oldschool.runescape.wiki/w/(kp)]]>
    </line>
    <line>
      <![CDATA[https://oldschool.runescape.wiki/w/(l)]]>
    </line>
    <line>
      <![CDATA[https://oldschool.runescape.wiki/w/(lg)]]>
    </line>
    <line>
      <![CDATA[https://oldschool.runescape.wiki/w/(light)]]>
    </line>
    <line>
      <![CDATA[https://oldschool.runescape.wiki/w/(lit)]]>
    </line>
    <line>
      <![CDATA[https://oldschool.runescape.wiki/w/(m)]]>
    </line>
    <line>
      <![CDATA[https://oldschool.runescape.wiki/w/(master)]]>
    </line>
    <line>
      <![CDATA[https://oldschool.runescape.wiki/w/(medium)]]>
    </line>
    <line>
      <![CDATA[https://oldschool.runescape.wiki/w/(numerical)]]>
    </line>
    <line>
      <![CDATA[https://oldschool.runescape.wiki/w/(nz)]]>
    </line>
    <line>
      <![CDATA[https://oldschool.runescape.wiki/w/(o)]]>
    </line>
    <line>
      <![CDATA[https://oldschool.runescape.wiki/w/(or)]]>
    </line>
    <line>
      <![CDATA[https://oldschool.runescape.wiki/w/(p)]]>
    </line>
    <line>
      <![CDATA[https://oldschool.runescape.wiki/w/(p+)]]>
    </line>
    <line>
      <![CDATA[https://oldschool.runescape.wiki/w/(p++)]]>
    </line>
    <line>
      <![CDATA[https://oldschool.runescape.wiki/w/(perfected)]]>
    </line>
    <line>
      <![CDATA[<br>Potential error: ri<br>The (r) on the ring of suffering (r) and (ri) refer to their recoil effect given by charging them with rings of recoil.
<br>ID: MORFOLOGIK_RULE_EN_GB = Possible spelling mistake found.<br>]]>
    </line>
    <line>
      <![CDATA[<br>Potential error: runed<br>In RuneScape 3, the (r) suffix is used by urns, marking them as ready, or "runed", for use.
<br>ID: MORFOLOGIK_RULE_EN_GB = Possible spelling mistake. Did you mean <suggestion>ran</suggestion>, the past tense form of the verb 'run'?<br>]]>
    </line>
    <line>
      <![CDATA[https://oldschool.runescape.wiki/w/(r)]]>
    </line>
    <line>
      <![CDATA[https://oldschool.runescape.wiki/w/(red)]]>
    </line>
    <line>
      <![CDATA[https://oldschool.runescape.wiki/w/(sk)]]>
    </line>
    <line>
      <![CDATA[https://oldschool.runescape.wiki/w/(t)]]>
    </line>
    <line>
      <![CDATA[https://oldschool.runescape.wiki/w/(tattered)]]>
    </line>
    <line>
      <![CDATA[https://oldschool.runescape.wiki/w/(tier)]]>
    </line>
    <line>
      <![CDATA[https://oldschool.runescape.wiki/w/(u)]]>
    </line>
    <line>
      <![CDATA[https://oldschool.runescape.wiki/w/(uncharged)]]>
    </line>
    <line>
      <![CDATA[https://oldschool.runescape.wiki/w/(unf)]]>
    </line>
    <line>
      <![CDATA[https://oldschool.runescape.wiki/w/(w)]]>
    </line>
    <line>
      <![CDATA[https://oldschool.runescape.wiki/w/(wound)]]>
    </line>
    <line>
      <![CDATA[<br>Potential error: til<br>... 'til Dawn is a master combat achievement which requires the player to "Kill the Grotesque Guardians 20 times without leaving the instance."
<br>ID: MORFOLOGIK_RULE_EN_GB = Possible spelling mistake found.<br>]]>
    </line>
    <line>
      <![CDATA[https://oldschool.runescape.wiki/w/..._%27til_Dawn]]>
    </line>
    <line>
      <![CDATA[https://oldschool.runescape.wiki/w/1_April]]>
    </line>
    <line>
      <![CDATA[https://oldschool.runescape.wiki/w/1_August]]>
    </line>
    <line>
      <![CDATA[https://oldschool.runescape.wiki/w/1_December]]>
    </line>
    <line>
      <![CDATA[https://oldschool.runescape.wiki/w/1_February]]>
    </line>
    <line>
      <![CDATA[https://oldschool.runescape.wiki/w/1_January]]>
    </line>
    <line>
      <![CDATA[https://oldschool.runescape.wiki/w/1_July]]>
    </line>
    <line>
      <![CDATA[https://oldschool.runescape.wiki/w/1_June]]>
    </line>
    <line>
      <![CDATA[https://oldschool.runescape.wiki/w/1_March]]>
    </line>
    <line>
      <![CDATA[https://oldschool.runescape.wiki/w/1_May]]>
    </line>
    <line>
      <![CDATA[https://oldschool.runescape.wiki/w/1_November]]>
    </line>
    <line>
      <![CDATA[https://oldschool.runescape.wiki/w/1_October]]>
    </line>
    <line>
      <![CDATA[https://oldschool.runescape.wiki/w/1_September]]>
    </line>
    <line>
      <![CDATA[https://oldschool.runescape.wiki/w/1/3rds_full_jug]]>
    </line>
    <line>
      <![CDATA[https://oldschool.runescape.wiki/w/1/5ths_full_bucket]]>
    </line>
    <line>
      <![CDATA[https://oldschool.runescape.wiki/w/10_April]]>
    </line>
    <line>
      <![CDATA[https://oldschool.runescape.wiki/w/10_August]]>
    </line>
    <line>
      <![CDATA[https://oldschool.runescape.wiki/w/10_December]]>
    </line>
    <line>
      <![CDATA[https://oldschool.runescape.wiki/w/10_February]]>
    </line>
    <line>
      <![CDATA[https://oldschool.runescape.wiki/w/10_January]]>
    </line>
    <line>
      <![CDATA[https://oldschool.runescape.wiki/w/10_July]]>
    </line>
    <line>
      <![CDATA[https://oldschool.runescape.wiki/w/10_June]]>
    </line>
    <line>
      <![CDATA[https://oldschool.runescape.wiki/w/10_March]]>
    </line>
    <line>
      <![CDATA[https://oldschool.runescape.wiki/w/10_May]]>
    </line>
    <line>
      <![CDATA[https://oldschool.runescape.wiki/w/10_November]]>
    </line>
    <line>
      <![CDATA[https://oldschool.runescape.wiki/w/10_October]]>
    </line>
    <line>
      <![CDATA[https://oldschool.runescape.wiki/w/10_September]]>
    </line>
    <line>
      <![CDATA[https://oldschool.runescape.wiki/w/10th_Squad]]>
    </line>
    <line>
      <![CDATA[https://oldschool.runescape.wiki/w/10th_squad_sigil]]>
    </line>
    <line>
      <![CDATA[https://oldschool.runescape.wiki/w/11_April]]>
    </line>
    <line>
      <![CDATA[https://oldschool.runescape.wiki/w/11_August]]>
    </line>
    <line>
      <![CDATA[https://oldschool.runescape.wiki/w/11_December]]>
    </line>
    <line>
      <![CDATA[https://oldschool.runescape.wiki/w/11_February]]>
    </line>
    <line>
      <![CDATA[https://oldschool.runescape.wiki/w/11_January]]>
    </line>
    <line>
      <![CDATA[https://oldschool.runescape.wiki/w/11_July]]>
    </line>
    <line>
      <![CDATA[https://oldschool.runescape.wiki/w/11_June]]>
    </line>
    <line>
      <![CDATA[https://oldschool.runescape.wiki/w/11_March]]>
    </line>
    <line>
      <![CDATA[https://oldschool.runescape.wiki/w/11_May]]>
    </line>
    <line>
      <![CDATA[https://oldschool.runescape.wiki/w/11_November]]>
    </line>
    <line>
      <![CDATA[https://oldschool.runescape.wiki/w/11_October]]>
    </line>
    <line>
      <![CDATA[https://oldschool.runescape.wiki/w/11_September]]>
    </line>
    <line>
      <![CDATA[https://oldschool.runescape.wiki/w/12_April]]>
    </line>
    <line>
      <![CDATA[https://oldschool.runescape.wiki/w/12_August]]>
    </line>
    <line>
      <![CDATA[https://oldschool.runescape.wiki/w/12_December]]>
    </line>
    <line>
      <![CDATA[https://oldschool.runescape.wiki/w/12_February]]>
    </line>
    <line>
      <![CDATA[https://oldschool.runescape.wiki/w/12_January]]>
    </line>
    <line>
      <![CDATA[https://oldschool.runescape.wiki/w/12_July]]>
    </line>
    <line>
      <![CDATA[https://oldschool.runescape.wiki/w/12_June]]>
    </line>
    <line>
      <![CDATA[https://oldschool.runescape.wiki/w/12_March]]>
    </line>
    <line>
      <![CDATA[https://oldschool.runescape.wiki/w/12_May]]>
    </line>
    <line>
      <![CDATA[https://oldschool.runescape.wiki/w/12_November]]>
    </line>
    <line>
      <![CDATA[https://oldschool.runescape.wiki/w/12_October]]>
    </line>
    <line>
      <![CDATA[https://oldschool.runescape.wiki/w/12_September]]>
    </line>
    <line>
      <![CDATA[https://oldschool.runescape.wiki/w/13_April]]>
    </line>
    <line>
      <![CDATA[https://oldschool.runescape.wiki/w/13_August]]>
    </line>
    <line>
      <![CDATA[https://oldschool.runescape.wiki/w/13_December]]>
    </line>
    <line>
      <![CDATA[https://oldschool.runescape.wiki/w/13_February]]>
    </line>
    <line>
      <![CDATA[https://oldschool.runescape.wiki/w/13_January]]>
    </line>
    <line>
      <![CDATA[https://oldschool.runescape.wiki/w/13_July]]>
    </line>
    <line>
      <![CDATA[https://oldschool.runescape.wiki/w/13_June]]>
    </line>
    <line>
      <![CDATA[https://oldschool.runescape.wiki/w/13_March]]>
    </line>
    <line>
      <![CDATA[https://oldschool.runescape.wiki/w/13_May]]>
    </line>
    <line>
      <![CDATA[https://oldschool.runescape.wiki/w/13_November]]>
    </line>
    <line>
      <![CDATA[https://oldschool.runescape.wiki/w/13_October]]>
    </line>
    <line>
      <![CDATA[https://oldschool.runescape.wiki/w/13_September]]>
    </line>
    <line>
      <![CDATA[<br>Potential error: leet<br>His name reads "leet mage" in leetspeak, meaning "elite mage".
<br>ID: MORFOLOGIK_RULE_EN_GB = Possible spelling mistake found.<br>]]>
    </line>
    <line>
      <![CDATA[https://oldschool.runescape.wiki/w/1337mage43]]>
    </line>
    <line>
      <![CDATA[https://oldschool.runescape.wiki/w/1337sp34kr]]>
    </line>
    <line>
      <![CDATA[https://oldschool.runescape.wiki/w/14_April]]>
    </line>
    <line>
      <![CDATA[https://oldschool.runescape.wiki/w/14_August]]>
    </line>
    <line>
      <![CDATA[https://oldschool.runescape.wiki/w/14_December]]>
    </line>
    <line>
      <![CDATA[https://oldschool.runescape.wiki/w/14_February]]>
    </line>
    <line>
      <![CDATA[https://oldschool.runescape.wiki/w/14_January]]>
    </line>
    <line>
      <![CDATA[https://oldschool.runescape.wiki/w/14_July]]>
    </line>
    <line>
      <![CDATA[https://oldschool.runescape.wiki/w/14_June]]>
    </line>
    <line>
      <![CDATA[https://oldschool.runescape.wiki/w/14_March]]>
    </line>
    <line>
      <![CDATA[https://oldschool.runescape.wiki/w/14_May]]>
    </line>
    <line>
      <![CDATA[https://oldschool.runescape.wiki/w/14_November]]>
    </line>
    <line>
      <![CDATA[https://oldschool.runescape.wiki/w/14_October]]>
    </line>
    <line>
      <![CDATA[https://oldschool.runescape.wiki/w/14_September]]>
    </line>
    <line>
      <![CDATA[https://oldschool.runescape.wiki/w/15_April]]>
    </line>
    <line>
      <![CDATA[https://oldschool.runescape.wiki/w/15_August]]>
    </line>
    <line>
      <![CDATA[https://oldschool.runescape.wiki/w/15_December]]>
    </line>
    <line>
      <![CDATA[https://oldschool.runescape.wiki/w/15_February]]>
    </line>
    <line>
      <![CDATA[https://oldschool.runescape.wiki/w/15_July]]>
    </line>
    <line>
      <![CDATA[https://oldschool.runescape.wiki/w/15_June]]>
    </line>
    <line>
      <![CDATA[https://oldschool.runescape.wiki/w/15_March]]>
    </line>
    <line>
      <![CDATA[https://oldschool.runescape.wiki/w/15_May]]>
    </line>
    <line>
      <![CDATA[https://oldschool.runescape.wiki/w/15_November]]>
    </line>
    <line>
      <![CDATA[https://oldschool.runescape.wiki/w/15_October]]>
    </line>
    <line>
      <![CDATA[https://oldschool.runescape.wiki/w/15_September]]>
    </line>
    <line>
      <![CDATA[https://oldschool.runescape.wiki/w/16_April]]>
    </line>
    <line>
      <![CDATA[https://oldschool.runescape.wiki/w/16_August]]>
    </line>
    <line>
      <![CDATA[https://oldschool.runescape.wiki/w/16_December]]>
    </line>
    <line>
      <![CDATA[https://oldschool.runescape.wiki/w/16_February]]>
    </line>
    <line>
      <![CDATA[https://oldschool.runescape.wiki/w/16_January]]>
    </line>
    <line>
      <![CDATA[https://oldschool.runescape.wiki/w/16_July]]>
    </line>
    <line>
      <![CDATA[https://oldschool.runescape.wiki/w/16_June]]>
    </line>
    <line>
      <![CDATA[https://oldschool.runescape.wiki/w/16_March]]>
    </line>
    <line>
      <![CDATA[https://oldschool.runescape.wiki/w/16_May]]>
    </line>
    <line>
      <![CDATA[https://oldschool.runescape.wiki/w/16_November]]>
    </line>
    <line>
      <![CDATA[https://oldschool.runescape.wiki/w/16_October]]>
    </line>
    <line>
      <![CDATA[https://oldschool.runescape.wiki/w/16_September]]>
    </line>
    <line>
      <![CDATA[https://oldschool.runescape.wiki/w/17_April]]>
    </line>
    <line>
      <![CDATA[https://oldschool.runescape.wiki/w/17_August]]>
    </line>
    <line>
      <![CDATA[https://oldschool.runescape.wiki/w/17_December]]>
    </line>
    <line>
      <![CDATA[https://oldschool.runescape.wiki/w/17_February]]>
    </line>
    <line>
      <![CDATA[https://oldschool.runescape.wiki/w/17_January]]>
    </line>
    <line>
      <![CDATA[https://oldschool.runescape.wiki/w/17_July]]>
    </line>
    <line>
      <![CDATA[https://oldschool.runescape.wiki/w/17_June]]>
    </line>
    <line>
      <![CDATA[https://oldschool.runescape.wiki/w/17_March]]>
    </line>
    <line>
      <![CDATA[https://oldschool.runescape.wiki/w/17_May]]>
    </line>
    <line>
      <![CDATA[https://oldschool.runescape.wiki/w/17_November]]>
    </line>
    <line>
      <![CDATA[https://oldschool.runescape.wiki/w/17_October]]>
    </line>
    <line>
      <![CDATA[https://oldschool.runescape.wiki/w/17_September]]>
    </line>
    <line>
      <![CDATA[https://oldschool.runescape.wiki/w/18_April]]>
    </line>
    <line>
      <![CDATA[https://oldschool.runescape.wiki/w/18_August]]>
    </line>
    <line>
      <![CDATA[https://oldschool.runescape.wiki/w/18_December]]>
    </line>
    <line>
      <![CDATA[https://oldschool.runescape.wiki/w/18_February]]>
    </line>
    <line>
      <![CDATA[https://oldschool.runescape.wiki/w/18_January]]>
    </line>
    <line>
      <![CDATA[https://oldschool.runescape.wiki/w/18_July]]>
    </line>
    <line>
      <![CDATA[https://oldschool.runescape.wiki/w/18_June]]>
    </line>
    <line>
      <![CDATA[https://oldschool.runescape.wiki/w/18_March]]>
    </line>
    <line>
      <![CDATA[https://oldschool.runescape.wiki/w/18_May]]>
    </line>
    <line>
      <![CDATA[https://oldschool.runescape.wiki/w/18_November]]>
    </line>
    <line>
      <![CDATA[https://oldschool.runescape.wiki/w/18_October]]>
    </line>
    <line>
      <![CDATA[https://oldschool.runescape.wiki/w/18_September]]>
    </line>
    <line>
      <![CDATA[<br>Potential error: An<br>An 18lb shot is an item used in the shot put room, one of the activities that can be found in the Warriors' Guild. <br>ID: EN_A_VS_AN = Use <suggestion>A</suggestion> instead of 'An' if the following word doesn't start with a vowel sound, e.g. 'a sentence', 'a university'.<br>]]>
    </line>
    <line>
      <![CDATA[<br>Potential error: at<br>at the time of the shot. <br>ID: UPPERCASE_SENTENCE_START = This sentence does not start with an uppercase letter.<br>]]>
    </line>
    <line>
      <![CDATA[<br>Potential error: Otherwise<br>Otherwise this factor is
. <br>ID: SENT_START_CONJUNCTIVE_LINKING_ADVERB_COMMA = A comma may be missing after the conjunctive/linking adverb 'Otherwise'.<br>]]>
    </line>
    <line>
      <![CDATA[<br>Potential error: an<br>At level 99 Strength with 100% energy, performing a standing shot with an 18lb shot, with dusted hands, will allow the player to make a shot of 14 yards, granting 151.2 experience. <br>ID: EN_A_VS_AN = Use <suggestion>a</suggestion> instead of 'an' if the following word doesn't start with a vowel sound, e.g. 'a sentence', 'a university'.<br>]]>
    </line>
    <line>
      <![CDATA[https://oldschool.runescape.wiki/w/18lb_shot]]>
    </line>
    <line>
      <![CDATA[https://oldschool.runescape.wiki/w/19_April]]>
    </line>
    <line>
      <![CDATA[https://oldschool.runescape.wiki/w/19_August]]>
    </line>
    <line>
      <![CDATA[https://oldschool.runescape.wiki/w/19_December]]>
    </line>
    <line>
      <![CDATA[https://oldschool.runescape.wiki/w/19_February]]>
    </line>
    <line>
      <![CDATA[https://oldschool.runescape.wiki/w/19_January]]>
    </line>
    <line>
      <![CDATA[https://oldschool.runescape.wiki/w/19_July]]>
    </line>
    <line>
      <![CDATA[https://oldschool.runescape.wiki/w/19_June]]>
    </line>
    <line>
      <![CDATA[https://oldschool.runescape.wiki/w/19_March]]>
    </line>
    <line>
      <![CDATA[https://oldschool.runescape.wiki/w/19_May]]>
    </line>
    <line>
      <![CDATA[https://oldschool.runescape.wiki/w/19_November]]>
    </line>
    <line>
      <![CDATA[https://oldschool.runescape.wiki/w/19_October]]>
    </line>
    <line>
      <![CDATA[https://oldschool.runescape.wiki/w/19_September]]>
    </line>
    <line>
      <![CDATA[https://oldschool.runescape.wiki/w/1998]]>
    </line>
    <line>
      <![CDATA[<br>Potential error: JAva<br>Together they would be known as Jagex, standing for JAva Gaming EXperts.
<br>ID: MORFOLOGIK_RULE_EN_GB = Possible spelling mistake found.<br>]]>
    </line>
    <line>
      <![CDATA[<br>Potential error: EXperts<br>Together they would be known as Jagex, standing for JAva Gaming EXperts.
<br>ID: MORFOLOGIK_RULE_EN_GB = Possible spelling mistake found.<br>]]>
    </line>
    <line>
      <![CDATA[<br>Potential error: Identikit<br>22nd - Identikit system was finished. <br>ID: MORFOLOGIK_RULE_EN_GB = Possible spelling mistake found.<br>]]>
    </line>
    <line>
      <![CDATA[<br>Potential error: Identikit<br>19th - Player 'Identikit' system was being updated.
<br>ID: MORFOLOGIK_RULE_EN_GB = Possible spelling mistake found.<br>]]>
    </line>
    <line>
      <![CDATA[https://oldschool.runescape.wiki/w/1999]]>
    </line>
    <line>
      <![CDATA[https://oldschool.runescape.wiki/w/2_April]]>
    </line>
    <line>
      <![CDATA[https://oldschool.runescape.wiki/w/2_August]]>
    </line>
    <line>
      <![CDATA[https://oldschool.runescape.wiki/w/2_December]]>
    </line>
    <line>
      <![CDATA[https://oldschool.runescape.wiki/w/2_February]]>
    </line>
    <line>
      <![CDATA[https://oldschool.runescape.wiki/w/2_January]]>
    </line>
    <line>
      <![CDATA[https://oldschool.runescape.wiki/w/2_July]]>
    </line>
    <line>
      <![CDATA[https://oldschool.runescape.wiki/w/2_March]]>
    </line>
    <line>
      <![CDATA[https://oldschool.runescape.wiki/w/2_May]]>
    </line>
    <line>
      <![CDATA[https://oldschool.runescape.wiki/w/2_October]]>
    </line>
    <line>
      <![CDATA[https://oldschool.runescape.wiki/w/2_September]]>
    </line>
    <line>
      <![CDATA[https://oldschool.runescape.wiki/w/2/3rds_full_jug]]>
    </line>
    <line>
      <![CDATA[https://oldschool.runescape.wiki/w/2/5ths_full_bucket]]>
    </line>
    <line>
      <![CDATA[https://oldschool.runescape.wiki/w/20_April]]>
    </line>
    <line>
      <![CDATA[https://oldschool.runescape.wiki/w/20_January]]>
    </line>
    <line>
      <![CDATA[https://oldschool.runescape.wiki/w/20_July]]>
    </line>
    <line>
      <![CDATA[https://oldschool.runescape.wiki/w/20_June]]>
    </line>
    <line>
      <![CDATA[https://oldschool.runescape.wiki/w/20_March]]>
    </line>
    <line>
      <![CDATA[https://oldschool.runescape.wiki/w/20_May]]>
    </line>
    <line>
      <![CDATA[https://oldschool.runescape.wiki/w/20_September]]>
    </line>
    <line>
      <![CDATA[<br>Potential error: hiscore<br>If a player was permanently banned after being the first to reach 200 million experience and thus removed from the hiscores, their hiscore entry is not linked, and if available, proof of their ban is cited.
<br>ID: MORFOLOGIK_RULE_EN_GB = Possible spelling mistake found.<br>]]>
    </line>
    <line>
      <![CDATA[<br>Potential error: cap<br>So it'll take numbers up to 2 billion, which it treats as numbers up to 200,000,000.0, hence the 200 million XP cap you see."
<br>ID: CD_NN = Possible agreement error. The noun 'cap' seems to be countable.<br>]]>
    </line>
    <line>
      <![CDATA[https://oldschool.runescape.wiki/w/200_million_experience]]>
    </line>
    <line>
      <![CDATA[<br>Potential error: NPCS<br>27th - Added lots more NPCS.
<br>ID: MORFOLOGIK_RULE_EN_GB = Possible spelling mistake found.<br>]]>
    </line>
    <line>
      <![CDATA[<br>Potential error: Camoflauge<br>30th - Added new spell: Camoflauge.
<br>ID: MORFOLOGIK_RULE_EN_GB = Possible spelling mistake found.<br>]]>
    </line>
    <line>
      <![CDATA[<br>Potential error: Npcs<br>Npcs now have 5 different behaviour modes.
<br>ID: MORFOLOGIK_RULE_EN_GB = Possible spelling mistake found.<br>]]>
    </line>
    <line>
      <![CDATA[https://oldschool.runescape.wiki/w/2000]]>
    </line>
    <line>
      <![CDATA[https://oldschool.runescape.wiki/w/2001]]>
    </line>
    <line>
      <![CDATA[https://oldschool.runescape.wiki/w/2002]]>
    </line>
    <line>
      <![CDATA[https://oldschool.runescape.wiki/w/2003]]>
    </line>
    <line>
      <![CDATA[https://oldschool.runescape.wiki/w/2004]]>
    </line>
    <line>
      <![CDATA[https://oldschool.runescape.wiki/w/2005]]>
    </line>
    <line>
      <![CDATA[https://oldschool.runescape.wiki/w/2007]]>
    </line>
    <line>
      <![CDATA[https://oldschool.runescape.wiki/w/2013]]>
    </line>
    <line>
      <![CDATA[https://oldschool.runescape.wiki/w/2013_April_Fools]]>
    </line>
    <line>
      <![CDATA[<br>Potential error: Fudd<br>(Red eggs)
The examine text on the red eggs says, "Be vewy vewy quiet," which is a reference to Elmer Fudd from Looney Tunes, who unsuccessfully tries to hunt Bugs Bunny.
<br>ID: MORFOLOGIK_RULE_EN_GB = Possible spelling mistake found.<br>]]>
    </line>
    <line>
      <![CDATA[https://oldschool.runescape.wiki/w/2013_Easter_event]]>
    </line>
    <line>
      <![CDATA[https://oldschool.runescape.wiki/w/2013_Goblin_Invasion]]>
    </line>
    <line>
      <![CDATA[<br>Potential error: Fionn<br>The pixies Fionn and Cait will be at the ground floor of Diango's workshop (the building northeast of the red exclamation mark on the map); the pixies will be very frightened of the geists. <br>ID: MORFOLOGIK_RULE_EN_GB = Possible spelling mistake found.<br>]]>
    </line>
    <line>
      <![CDATA[<br>Potential error: Cait<br>The pixies Fionn and Cait will be at the ground floor of Diango's workshop (the building northeast of the red exclamation mark on the map); the pixies will be very frightened of the geists. <br>ID: MORFOLOGIK_RULE_EN_GB = Possible spelling mistake found.<br>]]>
    </line>
    <line>
      <![CDATA[<br>Potential error: otherwordly<br>Blue destabiliser A floating table Blue geist An otherwordly xylophone.
<br>ID: MORFOLOGIK_RULE_EN_GB = Possible spelling mistake found.<br>]]>
    </line>
    <line>
      <![CDATA[<br>Potential error: ghostbusting<br>Diango would then take back the ghostbusting equipment.
<br>ID: MORFOLOGIK_RULE_EN_GB = Possible spelling mistake found.<br>]]>
    </line>
    <line>
      <![CDATA[<br>Potential error: be<br>The best way to do that was be to try attacking it from the inside, cutting out the roots which required an axe. <br>ID: BEEN_PART_AGREEMENT = Consider using either the past participle <suggestion>been</suggestion> or the present participle <suggestion>being</suggestion> here.<br>]]>
    </line>
    <line>
      <![CDATA[<br>Potential error: Sorcha<br>Proceed to the same abandoned building in the north of Draynor Village, and you will find the pixies Cormac, Sorcha, Fionn, and Cait; all of whom are too frightened to talk. <br>ID: MORFOLOGIK_RULE_EN_GB = Possible spelling mistake found.<br>]]>
    </line>
    <line>
      <![CDATA[<br>Potential error: Fionn<br>Proceed to the same abandoned building in the north of Draynor Village, and you will find the pixies Cormac, Sorcha, Fionn, and Cait; all of whom are too frightened to talk. <br>ID: MORFOLOGIK_RULE_EN_GB = Possible spelling mistake found.<br>]]>
    </line>
    <line>
      <![CDATA[<br>Potential error: Cait<br>Proceed to the same abandoned building in the north of Draynor Village, and you will find the pixies Cormac, Sorcha, Fionn, and Cait; all of whom are too frightened to talk. <br>ID: MORFOLOGIK_RULE_EN_GB = Possible spelling mistake found.<br>]]>
    </line>
    <line>
      <![CDATA[<br>Potential error: addition<br>In addition Diango rewarded players with a Scythe, a Zombie head, an untradeable Black h'ween mask and two noted Pumpkins, red, blue, and green h'ween masks and the Scared emote.
<br>ID: SENT_START_CONJUNCTIVE_LINKING_ADVERB_COMMA = A comma may be missing after the conjunctive/linking adverb 'addition'.<br>]]>
    </line>
    <line>
      <![CDATA[<br>Potential error: ween<br>In addition Diango rewarded players with a Scythe, a Zombie head, an untradeable Black h'ween mask and two noted Pumpkins, red, blue, and green h'ween masks and the Scared emote.
<br>ID: MORFOLOGIK_RULE_EN_GB = Possible spelling mistake found.<br>]]>
    </line>
    <line>
      <![CDATA[<br>Potential error: ween<br>In addition Diango rewarded players with a Scythe, a Zombie head, an untradeable Black h'ween mask and two noted Pumpkins, red, blue, and green h'ween masks and the Scared emote.
<br>ID: MORFOLOGIK_RULE_EN_GB = Possible spelling mistake found.<br>]]>
    </line>
    <line>
      <![CDATA[https://oldschool.runescape.wiki/w/2013_Halloween_event]]>
    </line>
    <line>
      <![CDATA[https://oldschool.runescape.wiki/w/2013_Midsummer_event]]>
    </line>
    <line>
      <![CDATA[https://oldschool.runescape.wiki/w/2013_Rare_Drops]]>
    </line>
    <line>
      <![CDATA[https://oldschool.runescape.wiki/w/2014]]>
    </line>
    <line>
      <![CDATA[https://oldschool.runescape.wiki/w/2014_April_Fools]]>
    </line>
    <line>
      <![CDATA[<br>Potential error: Kree<br>To the east of the three eastern banquet tables were the God Wars Dungeon bosses Kree'arra, General Graardor, K'ril Tsutsaroth and Commander Zilyana. <br>ID: MORFOLOGIK_RULE_EN_GB = Possible spelling mistake found.<br>]]>
    </line>
    <line>
      <![CDATA[<br>Potential error: arra<br>To the east of the three eastern banquet tables were the God Wars Dungeon bosses Kree'arra, General Graardor, K'ril Tsutsaroth and Commander Zilyana. <br>ID: MORFOLOGIK_RULE_EN_GB = Possible spelling mistake found.<br>]]>
    </line>
    <line>
      <![CDATA[<br>Potential error: ril<br>To the east of the three eastern banquet tables were the God Wars Dungeon bosses Kree'arra, General Graardor, K'ril Tsutsaroth and Commander Zilyana. <br>ID: MORFOLOGIK_RULE_EN_GB = Possible spelling mistake found.<br>]]>
    </line>
    <line>
      <![CDATA[<br>Potential error: oh<br>oh and FIND THE GODSWORD!
<br>ID: INTERJECTIONS_PUNCTUATION = Interjections are usually punctuated.<br>]]>
    </line>
    <line>
      <![CDATA[<br>Potential error: ril<br>K'ril: Human, I disconnected and lost my plastic plate of whatever food you call this. <br>ID: MORFOLOGIK_RULE_EN_GB = Possible spelling mistake found.<br>]]>
    </line>
    <line>
      <![CDATA[<br>Potential error: ril<br>K'ril: Well then, I'll just unsubscribe from the dungeon and stop playing all together. <br>ID: MORFOLOGIK_RULE_EN_GB = Possible spelling mistake found.<br>]]>
    </line>
    <line>
      <![CDATA[<br>Potential error: Hrmph<br>Hrmph....
<br>ID: MORFOLOGIK_RULE_EN_GB = Possible spelling mistake found.<br>]]>
    </line>
    <line>
      <![CDATA[<br>Potential error: incentivise<br>You had to be given extra drops just to incentivise people to find you. <br>ID: OXFORD_SPELLING_Z_NOT_S = Would you like to use the Oxford spelling <suggestion>incentivize</suggestion>? The spelling 'incentivise' is also correct.<br>]]>
    </line>
    <line>
      <![CDATA[<br>Potential error: ril<br>K'ril: *growls* Enjoy the party... mortal.
<br>ID: MORFOLOGIK_RULE_EN_GB = Possible spelling mistake found.<br>]]>
    </line>
    <line>
      <![CDATA[<br>Potential error: Kree<br>Kree'Arra. <br>ID: MORFOLOGIK_RULE_EN_GB = Possible spelling mistake found.<br>]]>
    </line>
    <line>
      <![CDATA[<br>Potential error: Arra<br>Kree'Arra. <br>ID: MORFOLOGIK_RULE_EN_GB = Possible spelling mistake found.<br>]]>
    </line>
    <line>
      <![CDATA[<br>Potential error: Kree<br>Kree'arra: You what? <br>ID: MORFOLOGIK_RULE_EN_GB = Possible spelling mistake found.<br>]]>
    </line>
    <line>
      <![CDATA[<br>Potential error: arra<br>Kree'arra: You what? <br>ID: MORFOLOGIK_RULE_EN_GB = Possible spelling mistake found.<br>]]>
    </line>
    <line>
      <![CDATA[<br>Potential error: says<br>Still one of those guys who says 'Oh let's go kill Kree'Arra I bet SHE'LL drop us something good. <br>ID: RELATIVE_CLAUSE_AGREEMENT = Did you mean <suggestion>say</suggestion>? Alternatively, check whether the singular of 'guys' should be used.<br>]]>
    </line>
    <line>
      <![CDATA[<br>Potential error: Kree<br>Still one of those guys who says 'Oh let's go kill Kree'Arra I bet SHE'LL drop us something good. <br>ID: MORFOLOGIK_RULE_EN_GB = Possible spelling mistake found.<br>]]>
    </line>
    <line>
      <![CDATA[<br>Potential error: Arra<br>Still one of those guys who says 'Oh let's go kill Kree'Arra I bet SHE'LL drop us something good. <br>ID: MORFOLOGIK_RULE_EN_GB = Possible spelling mistake found.<br>]]>
    </line>
    <line>
      <![CDATA[<br>Potential error: geeze<br>I'm male alright.... geeze.
<br>ID: MORFOLOGIK_RULE_EN_GB = Possible spelling mistake found.<br>]]>
    </line>
    <line>
      <![CDATA[<br>Potential error: Kree<br>Kree'arra: Yeah, well... we put aside our differences for the party since we're indebted to the development team for bringing us to life in the first place.
<br>ID: MORFOLOGIK_RULE_EN_GB = Possible spelling mistake found.<br>]]>
    </line>
    <line>
      <![CDATA[<br>Potential error: arra<br>Kree'arra: Yeah, well... we put aside our differences for the party since we're indebted to the development team for bringing us to life in the first place.
<br>ID: MORFOLOGIK_RULE_EN_GB = Possible spelling mistake found.<br>]]>
    </line>
    <line>
      <![CDATA[<br>Potential error: Kree<br>Kree'arra: Although, I'm getting very annoyed with Graardor over there who just keeps eating everything he can find.
<br>ID: MORFOLOGIK_RULE_EN_GB = Possible spelling mistake found.<br>]]>
    </line>
    <line>
      <![CDATA[<br>Potential error: arra<br>Kree'arra: Although, I'm getting very annoyed with Graardor over there who just keeps eating everything he can find.
<br>ID: MORFOLOGIK_RULE_EN_GB = Possible spelling mistake found.<br>]]>
    </line>
    <line>
      <![CDATA[<br>Potential error: Kree<br>Kree'Arra looks at you glaringly.
<br>ID: MORFOLOGIK_RULE_EN_GB = Possible spelling mistake found.<br>]]>
    </line>
    <line>
      <![CDATA[<br>Potential error: Arra<br>Kree'Arra looks at you glaringly.
<br>ID: MORFOLOGIK_RULE_EN_GB = Possible spelling mistake found.<br>]]>
    </line>
    <line>
      <![CDATA[<br>Potential error: ing<br>With the release of RuneScape 2 in 2004, this Ghost model plagued almost every dungeon, crypt and popular PK'ing area of the wilderness.
<br>ID: MORFOLOGIK_RULE_EN_GB = Possible spelling mistake found.<br>]]>
    </line>
    <line>
      <![CDATA[<br>Potential error: firemakers<br>The magic tree offers high level woodcutters very expensive logs valuable to extreme firemakers and high level fletchers. <br>ID: MORFOLOGIK_RULE_EN_GB = Possible spelling mistake found.<br>]]>
    </line>
    <line>
      <![CDATA[https://oldschool.runescape.wiki/w/2014_Birthday_event]]>
    </line>
    <line>
      <![CDATA[<br>Potential error: leads<br>Entering the trapdoor in the floor will leads down to Diango's workshop. <br>ID: MD_BASEFORM = The modal verb 'will' requires the verb's base form.<br>]]>
    </line>
    <line>
      <![CDATA[<br>Potential error: Snowpiles<br>An engraving on the trunk reads 'Ug loves Aga'." Snowpiles around the tree could be gathered from to create Snowballs.
<br>ID: MORFOLOGIK_RULE_EN_GB = Possible spelling mistake found.<br>]]>
    </line>
    <line>
      <![CDATA[https://oldschool.runescape.wiki/w/2014_Christmas_event]]>
    </line>
    <line>
      <![CDATA[<br>Potential error: hypnotised<br>When you are down, try to navigate your way through the maze, towards the main room, where you can find hypnotised bunnies. <br>ID: OXFORD_SPELLING_Z_NOT_S = Would you like to use the Oxford spelling <suggestion>hypnotized</suggestion>? The spelling 'hypnotised' is also correct.<br>]]>
    </line>
    <line>
      <![CDATA[<br>Potential error: hypnotised<br>Here, an Easter egg mysteriously rolls down a chute and a bunny takes it and continues on its hypnotised way.
<br>ID: OXFORD_SPELLING_Z_NOT_S = Would you like to use the Oxford spelling <suggestion>hypnotized</suggestion>? The spelling 'hypnotised' is also correct.<br>]]>
    </line>
    <line>
      <![CDATA[<br>Potential error: hypnotising<br>You will need to climb up this chute and investigate if you are to find out who is responsible for hypnotising these and making them bury Easter eggs.
<br>ID: OXFORD_SPELLING_Z_NOT_S = Would you like to use the Oxford spelling <suggestion>hypnotizing</suggestion>? The spelling 'hypnotising' is also correct.<br>]]>
    </line>
    <line>
      <![CDATA[<br>Potential error: hypnotising<br>The source of the eggs can be found (the Easter egg bird), as well as the answer to the mystery of who is hypnotising the bunnies. <br>ID: OXFORD_SPELLING_Z_NOT_S = Would you like to use the Oxford spelling <suggestion>hypnotizing</suggestion>? The spelling 'hypnotising' is also correct.<br>]]>
    </line>
    <line>
      <![CDATA[<br>Potential error: unmorph<br>When you wear this ring, you will transform into an Easter egg until you unmorph! <br>ID: MORFOLOGIK_RULE_EN_GB = Possible spelling mistake found.<br>]]>
    </line>
    <line>
      <![CDATA[<br>Potential error: unmorph<br>In the areas containing the rabbits, you will notice that Easter magic causes you to unmorph after a few seconds. <br>ID: MORFOLOGIK_RULE_EN_GB = Possible spelling mistake found.<br>]]>
    </line>
    <line>
      <![CDATA[<br>Potential error: Also<br>Also through a complicated series of dying you could keep all items involved in the event. <br>ID: SENT_START_CONJUNCTIVE_LINKING_ADVERB_COMMA = A comma may be missing after the conjunctive/linking adverb 'Also'.<br>]]>
    </line>
    <line>
      <![CDATA[https://oldschool.runescape.wiki/w/2014_Easter_event]]>
    </line>
    <line>
      <![CDATA[https://oldschool.runescape.wiki/w/2014_Goblin_Invasion]]>
    </line>
    <line>
      <![CDATA[<br>Potential error: civilised<br>Chair The civilised way to rest your legs.
<br>ID: OXFORD_SPELLING_Z_NOT_S = Would you like to use the Oxford spelling <suggestion>civilized</suggestion>? The spelling 'civilised' is also correct.<br>]]>
    </line>
    <line>
      <![CDATA[<br>Potential error: houses<br>Bookcase Strange contraptions that houses paper things.
<br>ID: PLURAL_THAT_WHICH_WHO_AGREEMENT = The verb 'houses' does not seem to match the subject.<br>]]>
    </line>
    <line>
      <![CDATA[<br>Potential error: Wheeeeeee<br>Wheeeeeee!
<br>ID: MORFOLOGIK_RULE_EN_GB = Possible spelling mistake found.<br>]]>
    </line>
    <line>
      <![CDATA[<br>Potential error: ween<br>Other rewards from previous events: Skeleton outfit, Scythe, a Zombie head, an untradeable Black h'ween mask and two noted Pumpkins, red, blue, and green h'ween masks.
<br>ID: MORFOLOGIK_RULE_EN_GB = Possible spelling mistake found.<br>]]>
    </line>
    <line>
      <![CDATA[<br>Potential error: ween<br>Other rewards from previous events: Skeleton outfit, Scythe, a Zombie head, an untradeable Black h'ween mask and two noted Pumpkins, red, blue, and green h'ween masks.
<br>ID: MORFOLOGIK_RULE_EN_GB = Possible spelling mistake found.<br>]]>
    </line>
    <line>
      <![CDATA[https://oldschool.runescape.wiki/w/2014_Halloween_event]]>
    </line>
    <line>
      <![CDATA[<br>Potential error: Guthixian<br>He will be concerned as the ritual to protect nature from evil spirits isn't working, and the Guthixian altar isn't responding to their chants. <br>ID: MORFOLOGIK_RULE_EN_GB = Possible spelling mistake found.<br>]]>
    </line>
    <line>
      <![CDATA[<br>Potential error: JagexMatK<br>From left to right: JagexMatK JagexReach JagexJohnC JagexAsh JagexAlfred JagexWeath JagexRonan
Logging out after Thordur gives you your disk of returning will return you to the druids circle.
<br>ID: MORFOLOGIK_RULE_EN_GB = Possible spelling mistake found.<br>]]>
    </line>
    <line>
      <![CDATA[<br>Potential error: JagexReach<br>From left to right: JagexMatK JagexReach JagexJohnC JagexAsh JagexAlfred JagexWeath JagexRonan
Logging out after Thordur gives you your disk of returning will return you to the druids circle.
<br>ID: MORFOLOGIK_RULE_EN_GB = Possible spelling mistake found.<br>]]>
    </line>
    <line>
      <![CDATA[<br>Potential error: JagexJohnC<br>From left to right: JagexMatK JagexReach JagexJohnC JagexAsh JagexAlfred JagexWeath JagexRonan
Logging out after Thordur gives you your disk of returning will return you to the druids circle.
<br>ID: MORFOLOGIK_RULE_EN_GB = Possible spelling mistake found.<br>]]>
    </line>
    <line>
      <![CDATA[<br>Potential error: JagexAsh<br>From left to right: JagexMatK JagexReach JagexJohnC JagexAsh JagexAlfred JagexWeath JagexRonan
Logging out after Thordur gives you your disk of returning will return you to the druids circle.
<br>ID: MORFOLOGIK_RULE_EN_GB = Possible spelling mistake found.<br>]]>
    </line>
    <line>
      <![CDATA[<br>Potential error: JagexAlfred<br>From left to right: JagexMatK JagexReach JagexJohnC JagexAsh JagexAlfred JagexWeath JagexRonan
Logging out after Thordur gives you your disk of returning will return you to the druids circle.
<br>ID: MORFOLOGIK_RULE_EN_GB = Possible spelling mistake found.<br>]]>
    </line>
    <line>
      <![CDATA[<br>Potential error: JagexWeath<br>From left to right: JagexMatK JagexReach JagexJohnC JagexAsh JagexAlfred JagexWeath JagexRonan
Logging out after Thordur gives you your disk of returning will return you to the druids circle.
<br>ID: MORFOLOGIK_RULE_EN_GB = Possible spelling mistake found.<br>]]>
    </line>
    <line>
      <![CDATA[<br>Potential error: JagexRonan<br>From left to right: JagexMatK JagexReach JagexJohnC JagexAsh JagexAlfred JagexWeath JagexRonan
Logging out after Thordur gives you your disk of returning will return you to the druids circle.
<br>ID: MORFOLOGIK_RULE_EN_GB = Possible spelling mistake found.<br>]]>
    </line>
    <line>
      <![CDATA[https://oldschool.runescape.wiki/w/2014_Midsummer_event]]>
    </line>
    <line>
      <![CDATA[https://oldschool.runescape.wiki/w/2015]]>
    </line>
    <line>
      <![CDATA[<br>Potential error: teamcape<br>A wanderer of the Wilderness - William (the teamcape seller), he walks around near the Lava Dragon Isle. <br>ID: MORFOLOGIK_RULE_EN_GB = Possible spelling mistake found.<br>]]>
    </line>
    <line>
      <![CDATA[<br>Potential error: artifact<br>Little Mo: Well, everything was going to plan at the museum, the specialist examined the artifact and explained that it was actually part of an ancient and powerful, much larger stone.
<br>ID: MORFOLOGIK_RULE_EN_GB = Possible spelling mistake. 'artifact' is American English.<br>]]>
    </line>
    <line>
      <![CDATA[<br>Potential error: artifact<br>Player: So the artifact is gone... are you okay?
<br>ID: MORFOLOGIK_RULE_EN_GB = Possible spelling mistake. 'artifact' is American English.<br>]]>
    </line>
    <line>
      <![CDATA[<br>Potential error: artifact<br>Little Mo: A man from the Legends' Guild saw what happened and helped me up, he spoke of some kind of temple and offered to help me retrieve the artifact.
<br>ID: MORFOLOGIK_RULE_EN_GB = Possible spelling mistake. 'artifact' is American English.<br>]]>
    </line>
    <line>
      <![CDATA[https://oldschool.runescape.wiki/w/2015_April_Fools]]>
    </line>
    <line>
      <![CDATA[https://oldschool.runescape.wiki/w/2015_Birthday_event]]>
    </line>
    <line>
      <![CDATA[<br>Potential error: anymore<br>After talking to him, go ahead and grab four anti-presents off the nearby table (you can't hold and don't need anymore than four).
<br>ID: ANYMORE_ADVERB = Make sure that 'anymore' is used as an adverb, not as an adjective. Did you mean <suggestion>any more</suggestion>?<br>]]>
    </line>
    <line>
      <![CDATA[<br>Potential error: everything<br>Talk to Santa Claus, and you will explain everything that has happened. <br>ID: EXPLAIN_TO = The preposition 'to' may be missing (explain something to someone).<br>]]>
    </line>
    <line>
      <![CDATA[<br>Potential error: santaspeak<br>Evil Bob arrives and speaks to Anti-Santa with his santaspeak amulet, and proceeds to take him to ScapeRune's prison, where Prison Pete resides.
<br>ID: MORFOLOGIK_RULE_EN_GB = Possible spelling mistake found.<br>]]>
    </line>
    <line>
      <![CDATA[https://oldschool.runescape.wiki/w/2015_Christmas_event]]>
    </line>
    <line>
      <![CDATA[<br>Potential error: anyways<br>Now begin blasting the five chocolate creatures located throughout the warren:
TIP: Players can try to cast a spell on critters so that they will turn into the desired direction, even if the player has no required runes,since the game wouldn't let them cast anyways.
<br>ID: MORFOLOGIK_RULE_EN_GB = Possible spelling mistake found.<br>]]>
    </line>
    <line>
      <![CDATA[https://oldschool.runescape.wiki/w/2015_Easter_event]]>
    </line>
    <line>
      <![CDATA[<br>Potential error: Gielinorians<br>After failing to convince Gielinorians everywhere to abandon their Wintumber revelry for the sobering malaise of everyday life, Anti-Santa sought out his old buddy the Grim Reaper, for a much needed dose of cynicism. <br>ID: MORFOLOGIK_RULE_EN_GB = Possible spelling mistake found.<br>]]>
    </line>
    <line>
      <![CDATA[https://oldschool.runescape.wiki/w/2015_Halloween_event]]>
    </line>
    <line>
      <![CDATA[<br>Potential error: Guthixian<br>He will be concerned as the ritual to protect nature from evil spirits isn't working, and the Guthixian altar isn't responding to their chants. <br>ID: MORFOLOGIK_RULE_EN_GB = Possible spelling mistake found.<br>]]>
    </line>
    <line>
      <![CDATA[<br>Potential error: JagexMatK<br>From left to right: JagexMatK JagexJohnC JagexAsh JagexAlfred JagexWeath JagexRonan JagexKrista JagexDay JagexArchie Jagex_Ghost JagexIan JagexMaz
On the 3rd of July, when the event had ended, players were still able to speak with Kaqemeex and be teleported to Thordur where they would receive a riddle as well as a Disk of returning as normal; however, the riddle he gave to players was "null". <br>ID: MORFOLOGIK_RULE_EN_GB = Possible spelling mistake found.<br>]]>
    </line>
    <line>
      <![CDATA[<br>Potential error: JagexJohnC<br>From left to right: JagexMatK JagexJohnC JagexAsh JagexAlfred JagexWeath JagexRonan JagexKrista JagexDay JagexArchie Jagex_Ghost JagexIan JagexMaz
On the 3rd of July, when the event had ended, players were still able to speak with Kaqemeex and be teleported to Thordur where they would receive a riddle as well as a Disk of returning as normal; however, the riddle he gave to players was "null". <br>ID: MORFOLOGIK_RULE_EN_GB = Possible spelling mistake found.<br>]]>
    </line>
    <line>
      <![CDATA[<br>Potential error: JagexAsh<br>From left to right: JagexMatK JagexJohnC JagexAsh JagexAlfred JagexWeath JagexRonan JagexKrista JagexDay JagexArchie Jagex_Ghost JagexIan JagexMaz
On the 3rd of July, when the event had ended, players were still able to speak with Kaqemeex and be teleported to Thordur where they would receive a riddle as well as a Disk of returning as normal; however, the riddle he gave to players was "null". <br>ID: MORFOLOGIK_RULE_EN_GB = Possible spelling mistake found.<br>]]>
    </line>
    <line>
      <![CDATA[<br>Potential error: JagexAlfred<br>From left to right: JagexMatK JagexJohnC JagexAsh JagexAlfred JagexWeath JagexRonan JagexKrista JagexDay JagexArchie Jagex_Ghost JagexIan JagexMaz
On the 3rd of July, when the event had ended, players were still able to speak with Kaqemeex and be teleported to Thordur where they would receive a riddle as well as a Disk of returning as normal; however, the riddle he gave to players was "null". <br>ID: MORFOLOGIK_RULE_EN_GB = Possible spelling mistake found.<br>]]>
    </line>
    <line>
      <![CDATA[<br>Potential error: JagexWeath<br>From left to right: JagexMatK JagexJohnC JagexAsh JagexAlfred JagexWeath JagexRonan JagexKrista JagexDay JagexArchie Jagex_Ghost JagexIan JagexMaz
On the 3rd of July, when the event had ended, players were still able to speak with Kaqemeex and be teleported to Thordur where they would receive a riddle as well as a Disk of returning as normal; however, the riddle he gave to players was "null". <br>ID: MORFOLOGIK_RULE_EN_GB = Possible spelling mistake found.<br>]]>
    </line>
    <line>
      <![CDATA[<br>Potential error: JagexRonan<br>From left to right: JagexMatK JagexJohnC JagexAsh JagexAlfred JagexWeath JagexRonan JagexKrista JagexDay JagexArchie Jagex_Ghost JagexIan JagexMaz
On the 3rd of July, when the event had ended, players were still able to speak with Kaqemeex and be teleported to Thordur where they would receive a riddle as well as a Disk of returning as normal; however, the riddle he gave to players was "null". <br>ID: MORFOLOGIK_RULE_EN_GB = Possible spelling mistake found.<br>]]>
    </line>
    <line>
      <![CDATA[<br>Potential error: JagexKrista<br>From left to right: JagexMatK JagexJohnC JagexAsh JagexAlfred JagexWeath JagexRonan JagexKrista JagexDay JagexArchie Jagex_Ghost JagexIan JagexMaz
On the 3rd of July, when the event had ended, players were still able to speak with Kaqemeex and be teleported to Thordur where they would receive a riddle as well as a Disk of returning as normal; however, the riddle he gave to players was "null". <br>ID: MORFOLOGIK_RULE_EN_GB = Possible spelling mistake found.<br>]]>
    </line>
    <line>
      <![CDATA[<br>Potential error: JagexDay<br>From left to right: JagexMatK JagexJohnC JagexAsh JagexAlfred JagexWeath JagexRonan JagexKrista JagexDay JagexArchie Jagex_Ghost JagexIan JagexMaz
On the 3rd of July, when the event had ended, players were still able to speak with Kaqemeex and be teleported to Thordur where they would receive a riddle as well as a Disk of returning as normal; however, the riddle he gave to players was "null". <br>ID: MORFOLOGIK_RULE_EN_GB = Possible spelling mistake found.<br>]]>
    </line>
    <line>
      <![CDATA[<br>Potential error: JagexArchie<br>From left to right: JagexMatK JagexJohnC JagexAsh JagexAlfred JagexWeath JagexRonan JagexKrista JagexDay JagexArchie Jagex_Ghost JagexIan JagexMaz
On the 3rd of July, when the event had ended, players were still able to speak with Kaqemeex and be teleported to Thordur where they would receive a riddle as well as a Disk of returning as normal; however, the riddle he gave to players was "null". <br>ID: MORFOLOGIK_RULE_EN_GB = Possible spelling mistake found.<br>]]>
    </line>
    <line>
      <![CDATA[<br>Potential error: JagexIan<br>From left to right: JagexMatK JagexJohnC JagexAsh JagexAlfred JagexWeath JagexRonan JagexKrista JagexDay JagexArchie Jagex_Ghost JagexIan JagexMaz
On the 3rd of July, when the event had ended, players were still able to speak with Kaqemeex and be teleported to Thordur where they would receive a riddle as well as a Disk of returning as normal; however, the riddle he gave to players was "null". <br>ID: MORFOLOGIK_RULE_EN_GB = Possible spelling mistake found.<br>]]>
    </line>
    <line>
      <![CDATA[<br>Potential error: JagexMaz<br>From left to right: JagexMatK JagexJohnC JagexAsh JagexAlfred JagexWeath JagexRonan JagexKrista JagexDay JagexArchie Jagex_Ghost JagexIan JagexMaz
On the 3rd of July, when the event had ended, players were still able to speak with Kaqemeex and be teleported to Thordur where they would receive a riddle as well as a Disk of returning as normal; however, the riddle he gave to players was "null". <br>ID: MORFOLOGIK_RULE_EN_GB = Possible spelling mistake found.<br>]]>
    </line>
    <line>
      <![CDATA[https://oldschool.runescape.wiki/w/2015_Midsummer_event]]>
    </line>
    <line>
      <![CDATA[https://oldschool.runescape.wiki/w/2016]]>
    </line>
    <line>
      <![CDATA[<br>Potential error: becometh<br>Tree 40 Woodcutting axe It is the least of seeds, but now it is grown and becometh a tree.
<br>ID: MORFOLOGIK_RULE_EN_GB = Possible spelling mistake found.<br>]]>
    </line>
    <line>
      <![CDATA[<br>Potential error: EasyScape<br>It announced that the new skill would not be as fast to level as other skills due to the growing usage of the term "EasyScape." <br>ID: MORFOLOGIK_RULE_EN_GB = Possible spelling mistake found.<br>]]>
    </line>
    <line>
      <![CDATA[https://oldschool.runescape.wiki/w/2016_April_Fools]]>
    </line>
    <line>
      <![CDATA[<br>Potential error: Ebel<br>Head to Falador Park and speak to Sir Tiffy Cashien to receive a present intended for his grandson, Ebel Lum.
<br>ID: MORFOLOGIK_RULE_EN_GB = Possible spelling mistake found.<br>]]>
    </line>
    <line>
      <![CDATA[https://oldschool.runescape.wiki/w/2016_Birthday_event]]>
    </line>
    <line>
      <![CDATA[<br>Potential error: say<br>Ask her where her boss is, and she'll say her boss is named Carol and is found inside the cave entrance to the west, where the Christmas Factory is located. <br>ID: SAY_TELL = 'Say' cannot be followed by a direct personal object. Did you mean <suggestion>tell</suggestion>?<br>]]>
    </line>
    <line>
      <![CDATA[<br>Potential error: coworkers<br>Talk to the coworkers around the factory and find out what Carol likes. <br>ID: MORFOLOGIK_RULE_EN_GB = Possible spelling mistake found.<br>]]>
    </line>
    <line>
      <![CDATA[https://oldschool.runescape.wiki/w/2016_Christmas_event]]>
    </line>
    <line>
      <![CDATA[<br>Potential error: However<br>However immediately after he added it to the mixture it began to bubble and an evil Chocolate Chicken came out of it, destroying the eggs and the presents within them.
<br>ID: SENT_START_CONJUNCTIVE_LINKING_ADVERB_COMMA = A comma may be missing after the conjunctive/linking adverb 'However'.<br>]]>
    </line>
    <line>
      <![CDATA[<br>Potential error: close<br>close (but not at) northern part of room, in the middle (in terms of west-east): drop crates on it.
<br>ID: UPPERCASE_SENTENCE_START = This sentence does not start with an uppercase letter.<br>]]>
    </line>
    <line>
      <![CDATA[https://oldschool.runescape.wiki/w/2016_Easter_event]]>
    </line>
    <line>
      <![CDATA[<br>Potential error: sdzeor<br>To open the compartment, click the following in order (sdzeor): Sapphire - Diamond - Zenyte - Emerald - Onyx - Ruby. <br>ID: MORFOLOGIK_RULE_EN_GB = Possible spelling mistake found.<br>]]>
    </line>
    <line>
      <![CDATA[https://oldschool.runescape.wiki/w/2016_Halloween_event]]>
    </line>
    <line>
      <![CDATA[https://oldschool.runescape.wiki/w/2016_Midsummer_event]]>
    </line>
    <line>
      <![CDATA[https://oldschool.runescape.wiki/w/2017]]>
    </line>
    <line>
      <![CDATA[<br>Potential error: event<br>event. <br>ID: UPPERCASE_SENTENCE_START = This sentence does not start with an uppercase letter.<br>]]>
    </line>
    <line>
      <![CDATA[<br>Potential error: jk<br>Instead, a halloween mask would appear on the ground, with the chatbox stating "jk :P"[sic].
<br>ID: MORFOLOGIK_RULE_EN_GB = Possible spelling mistake found.<br>]]>
    </line>
    <line>
      <![CDATA[https://oldschool.runescape.wiki/w/2017_April_Fools]]>
    </line>
    <line>
      <![CDATA[<br>Potential error: sharpnin<br>They'll need sharpnin' eventually though. <br>ID: MORFOLOGIK_RULE_EN_GB = Possible spelling mistake found.<br>]]>
    </line>
    <line>
      <![CDATA[<br>Potential error: gotten<br>13
Leela East of Draynor Village I must admit it has gotten boring watching this jail, I've started counting the trees... <br>ID: GOT_GOTTEN = In the UK, the word 'gotten' is not used. Did you mean <suggestion>got</suggestion>?<br>]]>
    </line>
    <line>
      <![CDATA[<br>Potential error: partygoers<br>Speak to Party Pete, who will see that the partygoers are not enjoying themselves, and wants you to liven up the party.
<br>ID: MORFOLOGIK_RULE_EN_GB = Possible spelling mistake found.<br>]]>
    </line>
    <line>
      <![CDATA[<br>Potential error: Beelzeboss<br>The beginning of the dance off is a reference to the band Tenacious D's movie Beelzeboss where party pete and Jack Black, the lead singer both say 'Wait!' in a dramatic tone. <br>ID: MORFOLOGIK_RULE_EN_GB = Possible spelling mistake found.<br>]]>
    </line>
    <line>
      <![CDATA[<br>Potential error: pete<br>The beginning of the dance off is a reference to the band Tenacious D's movie Beelzeboss where party pete and Jack Black, the lead singer both say 'Wait!' in a dramatic tone. <br>ID: MORFOLOGIK_RULE_EN_GB = Possible spelling mistake found.<br>]]>
    </line>
    <line>
      <![CDATA[<br>Potential error: Kvothe<br>The lutist attending the party is a reference to the character Kvothe in the novel The Name of the Wind, the first of three novels in The Kingkiller Chronicle series by American author Patrick Rothfuss.
<br>ID: MORFOLOGIK_RULE_EN_GB = Possible spelling mistake found.<br>]]>
    </line>
    <line>
      <![CDATA[<br>Potential error: Kingkiller<br>The lutist attending the party is a reference to the character Kvothe in the novel The Name of the Wind, the first of three novels in The Kingkiller Chronicle series by American author Patrick Rothfuss.
<br>ID: MORFOLOGIK_RULE_EN_GB = Possible spelling mistake found.<br>]]>
    </line>
    <line>
      <![CDATA[<br>Potential error: Rothfuss<br>The lutist attending the party is a reference to the character Kvothe in the novel The Name of the Wind, the first of three novels in The Kingkiller Chronicle series by American author Patrick Rothfuss.
<br>ID: MORFOLOGIK_RULE_EN_GB = Possible spelling mistake found.<br>]]>
    </line>
    <line>
      <![CDATA[<br>Potential error: PSY<br>The crazy dance emote is based on the dance found in South Korean artist PSY's music video, Gangnam Style.
<br>ID: MORFOLOGIK_RULE_EN_GB = Possible spelling mistake found.<br>]]>
    </line>
    <line>
      <![CDATA[https://oldschool.runescape.wiki/w/2017_Birthday_event]]>
    </line>
    <line>
      <![CDATA[<br>Potential error: deputised<br>While he's taking this remarkably ill-timed break, he's deputised the Wise Old Man of Draynor Village to fill in for him. <br>ID: OXFORD_SPELLING_Z_NOT_S = Would you like to use the Oxford spelling <suggestion>deputized</suggestion>? The spelling 'deputised' is also correct.<br>]]>
    </line>
    <line>
      <![CDATA[<br>Potential error: ask<br>He ask you to speak to Thessalia, and will give you a teleport tablet before teleporting you directly to her shop in Varrock.
<br>ID: HE_VERB_AGR = The pronoun 'He' is usually used with a third-person or a past tense verb.<br>]]>
    </line>
    <line>
      <![CDATA[<br>Potential error: donner<br>Donner is heavily implied to have been cooked into Kristmas kebab, as its examine text is A meaty donner kebab. <br>ID: MORFOLOGIK_RULE_EN_GB = Possible spelling mistake found.<br>]]>
    </line>
    <line>
      <![CDATA[<br>Potential error: doner<br>The correct spelling is doner kebab, with the extra n being placed there purposely to imply Donner's unfortunate demise. <br>ID: MORFOLOGIK_RULE_EN_GB = Possible spelling mistake found.<br>]]>
    </line>
    <line>
      <![CDATA[https://oldschool.runescape.wiki/w/2017_Christmas_event]]>
    </line>
    <line>
      <![CDATA[<br>Potential error: chocholate<br>Use the chocolate mix on the oven to create the chocholate egg. <br>ID: MORFOLOGIK_RULE_EN_GB = Possible spelling mistake found.<br>]]>
    </line>
    <line>
      <![CDATA[https://oldschool.runescape.wiki/w/2017_Easter_event]]>
    </line>
    <line>
      <![CDATA[<br>Potential error: HANDEGAB<br>He will give you a riddle: PINS, HANDEGAB, and WOKBLISS. <br>ID: MORFOLOGIK_RULE_EN_GB = Possible spelling mistake found.<br>]]>
    </line>
    <line>
      <![CDATA[<br>Potential error: WOKBLISS<br>He will give you a riddle: PINS, HANDEGAB, and WOKBLISS. <br>ID: MORFOLOGIK_RULE_EN_GB = Possible spelling mistake found.<br>]]>
    </line>
    <line>
      <![CDATA[<br>Potential error: BLOWKISS<br>The letters unscrambled are SPIN, HEADBANG, and BLOWKISS, so perform the Spin, Headbang, and Blow Kiss emotes in that order. <br>ID: MORFOLOGIK_RULE_EN_GB = Possible spelling mistake found.<br>]]>
    </line>
    <line>
      <![CDATA[<br>Potential error: immobilise<br>Jarvis has set up a bear trap to immobilise him for the time bubble, and will make himself bleed to lure out Jonas. <br>ID: OXFORD_SPELLING_Z_NOT_S = Would you like to use the Oxford spelling <suggestion>immobilize</suggestion>? The spelling 'immobilise' is also correct.<br>]]>
    </line>
    <line>
      <![CDATA[<br>Potential error: Helda<br>Throughout Jarvis's house, the piles of books that players search around the sofa have the titles "Bride of Fenkenstrain", "A Nightmare of Elf Feet", and "The Helda Witch Project". <br>ID: MORFOLOGIK_RULE_EN_GB = Possible spelling mistake found.<br>]]>
    </line>
    <line>
      <![CDATA[<br>Potential error: TomH<br>Mod TomH's Twitter account. <br>ID: MORFOLOGIK_RULE_EN_GB = Possible spelling mistake found.<br>]]>
    </line>
    <line>
      <![CDATA[<br>Potential error: TomH<br>Mod TomH: "More the original films. <br>ID: MORFOLOGIK_RULE_EN_GB = Possible spelling mistake found.<br>]]>
    </line>
    <line>
      <![CDATA[https://oldschool.runescape.wiki/w/2017_Halloween_event]]>
    </line>
    <line>
      <![CDATA[<br>Potential error: Pwned<br>Incomplete pizza
8 July Pwned with a little maul. <br>ID: MORFOLOGIK_RULE_EN_GB = Possible spelling mistake found.<br>]]>
    </line>
    <line>
      <![CDATA[https://oldschool.runescape.wiki/w/2017_Midsummer_event]]>
    </line>
    <line>
      <![CDATA[https://oldschool.runescape.wiki/w/2018]]>
    </line>
    <line>
      <![CDATA[<br>Potential error: gnomecopter<br>In addition, a Developer's Blog for a new skill, Advanced Warfare, was released on the Old School RuneScape website, proposing new weapons such as RPGs, gnomecopter gunships and tactical nukes. <br>ID: MORFOLOGIK_RULE_EN_GB = Possible spelling mistake found.<br>]]>
    </line>
    <line>
      <![CDATA[https://oldschool.runescape.wiki/w/2018_April_Fools]]>
    </line>
    <line>
      <![CDATA[https://oldschool.runescape.wiki/w/2018_Birthday_event]]>
    </line>
    <line>
      <![CDATA[<br>Potential error: Ah<br>Ah ah ah! <br>ID: INTERJECTIONS_PUNCTUATION = Interjections are usually punctuated.<br>]]>
    </line>
    <line>
      <![CDATA[<br>Potential error: Ah<br>Ah ah ah!") <br>ID: INTERJECTIONS_PUNCTUATION = Interjections are usually punctuated.<br>]]>
    </line>
    <line>
      <![CDATA[<br>Potential error: is<br>is a reference to the character Count von Count from the television series Sesame Street.
<br>ID: UPPERCASE_SENTENCE_START = This sentence does not start with an uppercase letter.<br>]]>
    </line>
    <line>
      <![CDATA[https://oldschool.runescape.wiki/w/2018_Christmas_event]]>
    </line>
    <line>
      <![CDATA[<br>Potential error: ask<br>(2-1-3 is the order he ask for).
<br>ID: HE_VERB_AGR = The pronoun 'he' is usually used with a third-person or a past tense verb.<br>]]>
    </line>
    <line>
      <![CDATA[https://oldschool.runescape.wiki/w/2018_Easter_event]]>
    </line>
    <line>
      <![CDATA[<br>Potential error: lecturn<br>Eric will now need a "properly imposing" lecturn to read scary stories from. <br>ID: MORFOLOGIK_RULE_EN_GB = Possible spelling mistake found.<br>]]>
    </line>
    <line>
      <![CDATA[<br>Potential error: Dragith<br>Meanwhile, Eric feels his story is not quite scary enough, and decides to read the ancient tome he used as a cover for his scary story, titled 'The Rituals of Dragith Nurn'. <br>ID: MORFOLOGIK_RULE_EN_GB = Possible spelling mistake found.<br>]]>
    </line>
    <line>
      <![CDATA[<br>Potential error: Nurn<br>Meanwhile, Eric feels his story is not quite scary enough, and decides to read the ancient tome he used as a cover for his scary story, titled 'The Rituals of Dragith Nurn'. <br>ID: MORFOLOGIK_RULE_EN_GB = Possible spelling mistake found.<br>]]>
    </line>
    <line>
      <![CDATA[<br>Potential error: Urney<br>If you miss something important, Father Urney will make you go back to it before helping you any further.( 4•1)…
<br>ID: MORFOLOGIK_RULE_EN_GB = Possible spelling mistake found.<br>]]>
    </line>
    <line>
      <![CDATA[<br>Potential error: is<br>The Chambers of Eric is a reference to the similarly named Chambers of Xeric.
<br>ID: AGREEMENT_SENT_START = You should probably use: <suggestion>are</suggestion>.<br>]]>
    </line>
    <line>
      <![CDATA[<br>Potential error: Dragith<br>In the event, Eric peruses upon "The Rituals of Dragith Nurn" in the lectern; in RuneScape 3, Dragith Nurn was a Fifth Age necromancer who built the Lumbridge catacombs and who features prominently in the backstory of the quest "The Blood Pact." <br>ID: MORFOLOGIK_RULE_EN_GB = Possible spelling mistake found.<br>]]>
    </line>
    <line>
      <![CDATA[<br>Potential error: Nurn<br>In the event, Eric peruses upon "The Rituals of Dragith Nurn" in the lectern; in RuneScape 3, Dragith Nurn was a Fifth Age necromancer who built the Lumbridge catacombs and who features prominently in the backstory of the quest "The Blood Pact." <br>ID: MORFOLOGIK_RULE_EN_GB = Possible spelling mistake found.<br>]]>
    </line>
    <line>
      <![CDATA[<br>Potential error: Dragith<br>In the event, Eric peruses upon "The Rituals of Dragith Nurn" in the lectern; in RuneScape 3, Dragith Nurn was a Fifth Age necromancer who built the Lumbridge catacombs and who features prominently in the backstory of the quest "The Blood Pact." <br>ID: MORFOLOGIK_RULE_EN_GB = Possible spelling mistake found.<br>]]>
    </line>
    <line>
      <![CDATA[<br>Potential error: Nurn<br>In the event, Eric peruses upon "The Rituals of Dragith Nurn" in the lectern; in RuneScape 3, Dragith Nurn was a Fifth Age necromancer who built the Lumbridge catacombs and who features prominently in the backstory of the quest "The Blood Pact." <br>ID: MORFOLOGIK_RULE_EN_GB = Possible spelling mistake found.<br>]]>
    </line>
    <line>
      <![CDATA[<br>Potential error: Nurn<br>In addition, his mask can also be reconstructed, and Nurn can be fought inside the crypts.
<br>ID: MORFOLOGIK_RULE_EN_GB = Possible spelling mistake found.<br>]]>
    </line>
    <line>
      <![CDATA[https://oldschool.runescape.wiki/w/2018_Halloween_event]]>
    </line>
    <line>
      <![CDATA[https://oldschool.runescape.wiki/w/2019]]>
    </line>
    <line>
      <![CDATA[<br>Potential error: waterpump<br>Drink it, and use the beer glass on the waterpump by the entrance to the hair salon.
<br>ID: MORFOLOGIK_RULE_EN_GB = Possible spelling mistake found.<br>]]>
    </line>
    <line>
      <![CDATA[<br>Potential error: reckonings<br>Yet the childish thoughts of a Gnome Child can far outstrip the shallow reckonings of humankind. <br>ID: MORFOLOGIK_RULE_EN_GB = Possible spelling mistake found.<br>]]>
    </line>
    <line>
      <![CDATA[<br>Potential error: nethers<br>Gnome child: Do those six years go to the same destination as the food and drink, when it escapes from your nethers? <br>ID: MORFOLOGIK_RULE_EN_GB = Possible spelling mistake found.<br>]]>
    </line>
    <line>
      <![CDATA[<br>Potential error: sayed<br>Duke creature sayed world is more years old than Rantz has fingers on hand. <br>ID: MORFOLOGIK_RULE_EN_GB = Possible spelling mistake. Did you mean <suggestion>said</suggestion>, the past tense form of the verb 'say'?<br>]]>
    </line>
    <line>
      <![CDATA[https://oldschool.runescape.wiki/w/2019_Birthday_event]]>
    </line>
    <line>
      <![CDATA[<br>Potential error: icelords<br>Even if the player has completed Cold War, they will still say that they don't know how to deal with icelords.
<br>ID: MORFOLOGIK_RULE_EN_GB = Possible spelling mistake found.<br>]]>
    </line>
    <line>
      <![CDATA[https://oldschool.runescape.wiki/w/2019_Christmas_event]]>
    </line>
    <line>
      <![CDATA[<br>Potential error: Icelords<br>Equip shield, enter Icelords cell.
<br>ID: MORFOLOGIK_RULE_EN_GB = Possible spelling mistake found.<br>]]>
    </line>
    <line>
      <![CDATA[https://oldschool.runescape.wiki/w/2019_Christmas_event/Quick_guide]]>
    </line>
    <line>
      <![CDATA[<br>Potential error: Edd<br>The Easter Bunny's helpers names are Eg, Egg, and Eggy, which is a reference to the Cartoon Network show, Ed, Edd, 'n Eddy.
<br>ID: MORFOLOGIK_RULE_EN_GB = Possible spelling mistake found.<br>]]>
    </line>
    <line>
      <![CDATA[https://oldschool.runescape.wiki/w/2019_Easter_event]]>
    </line>
    <line>
      <![CDATA[https://oldschool.runescape.wiki/w/2019_Halloween_event]]>
    </line>
    <line>
      <![CDATA[https://oldschool.runescape.wiki/w/2020]]>
    </line>
    <line>
      <![CDATA[https://oldschool.runescape.wiki/w/2020_April_Fools]]>
    </line>
    <line>
      <![CDATA[<br>Potential error: However<br>However Juliet has since lost the will to do it, since the sadness over her breakup with Romeo has resurfaced. <br>ID: SENT_START_CONJUNCTIVE_LINKING_ADVERB_COMMA = A comma may be missing after the conjunctive/linking adverb 'However'.<br>]]>
    </line>
    <line>
      <![CDATA[<br>Potential error: suggest<br>She suggest the player talks to Gertrude living just west of Varrock as she knows her to have many cats and therefore lots of cat hair.
<br>ID: HE_VERB_AGR = The pronoun 'She' is usually used with a third-person or a past tense verb.<br>]]>
    </line>
    <line>
      <![CDATA[<br>Potential error: embarrasing<br>The player must then set up a little (and embarrasing) performance for Juliet by performing various joyful emotes such as dance, jig and spin until Juliet is happy. <br>ID: MORFOLOGIK_RULE_EN_GB = Possible spelling mistake found.<br>]]>
    </line>
    <line>
      <![CDATA[https://oldschool.runescape.wiki/w/2020_Birthday_event]]>
    </line>
    <line>
      <![CDATA[<br>Potential error: sledders<br>Keen sledders will be happy to know that the Sled Racing section will remain accessible via the cave in Goblin Village.
<br>ID: MORFOLOGIK_RULE_EN_GB = Possible spelling mistake found.<br>]]>
    </line>
    <line>
      <![CDATA[<br>Potential error: Smeagol<br>This is most likely a reference to the same quote by Smeagol from The Lord of the Rings.
<br>ID: MORFOLOGIK_RULE_EN_GB = Possible spelling mistake found.<br>]]>
    </line>
    <line>
      <![CDATA[https://oldschool.runescape.wiki/w/2020_Christmas_event]]>
    </line>
    <line>
      <![CDATA[<br>Potential error: Rabbaradoo<br>He will explain that the reason in which so many rabbits have appeared around him is that they have been constantly jumping out without any signs of stopping after he had placed some runes in his hat and said 'Rabbaradoo'; investigating further, you find out that he had accidentally created a portal. <br>ID: MORFOLOGIK_RULE_EN_GB = Possible spelling mistake found.<br>]]>
    </line>
    <line>
      <![CDATA[<br>Potential error: Descendance<br>He informs you that it is Egg Descendance Day tomorrow, and that he is supposed to prepare a big carrot cake for the celebration. <br>ID: MORFOLOGIK_RULE_EN_GB = Possible spelling mistake found.<br>]]>
    </line>
    <line>
      <![CDATA[<br>Potential error: Edd<br>The goat Viktor from The Restless Goat could be a reference to Rolf's goat from the cartoon "Ed, Edd n Eddy".
<br>ID: MORFOLOGIK_RULE_EN_GB = Possible spelling mistake found.<br>]]>
    </line>
    <line>
      <![CDATA[https://oldschool.runescape.wiki/w/2020_Easter_event]]>
    </line>
    <line>
      <![CDATA[https://oldschool.runescape.wiki/w/2020_Halloween_event]]>
    </line>
    <line>
      <![CDATA[https://oldschool.runescape.wiki/w/2021]]>
    </line>
    <line>
      <![CDATA[<br>Potential error: tollgate<br>Duke Horacio will provide you with 20 coins to pass through the Al-Kharid tollgate.
<br>ID: MORFOLOGIK_RULE_EN_GB = Possible spelling mistake found.<br>]]>
    </line>
    <line>
      <![CDATA[<br>Potential error: humanspeak<br>Wearing an M'speak amulet is not required for the player to talk to each monkey from their cage, because the monkeys are wearing amulets of humanspeak. <br>ID: MORFOLOGIK_RULE_EN_GB = Possible spelling mistake found.<br>]]>
    </line>
    <line>
      <![CDATA[<br>Potential error: JoJo<br>You're approaching me?", is reference to a JoJo's Bizarre Adventure: Stardust Crusaders line in which Dio says the line to Jotaro.
<br>ID: MORFOLOGIK_RULE_EN_GB = Possible spelling mistake found.<br>]]>
    </line>
    <line>
      <![CDATA[<br>Potential error: Jotaro<br>You're approaching me?", is reference to a JoJo's Bizarre Adventure: Stardust Crusaders line in which Dio says the line to Jotaro.
<br>ID: MORFOLOGIK_RULE_EN_GB = Possible spelling mistake found.<br>]]>
    </line>
    <line>
      <![CDATA[https://oldschool.runescape.wiki/w/2021_Birthday_event]]>
    </line>
    <line>
      <![CDATA[<br>Potential error: Dionysius<br>Ned, Dionysius and Aggie have a blast decorating Draynor.
<br>ID: MORFOLOGIK_RULE_EN_GB = Possible spelling mistake found.<br>]]>
    </line>
    <line>
      <![CDATA[<br>Potential error: lumberyard<br>If the player takes Gregg's teleport from the lumberyard to Draynor, Thessalia will change her dialogue to tell the player Gregg is at Draynor.
<br>ID: MORFOLOGIK_RULE_EN_GB = Possible spelling mistake found.<br>]]>
    </line>
    <line>
      <![CDATA[<br>Potential error: lumberyard<br>If the player skips taking Gregg's teleport and travels to Draynor manually, Thessalia will believe Gregg to be at the lumberyard, even if Gregg has left the lumberyard.
<br>ID: MORFOLOGIK_RULE_EN_GB = Possible spelling mistake found.<br>]]>
    </line>
    <line>
      <![CDATA[<br>Potential error: lumberyard<br>If the player skips taking Gregg's teleport and travels to Draynor manually, Thessalia will believe Gregg to be at the lumberyard, even if Gregg has left the lumberyard.
<br>ID: MORFOLOGIK_RULE_EN_GB = Possible spelling mistake found.<br>]]>
    </line>
    <line>
      <![CDATA[<br>Potential error: recognise<br>When Gregg brings up The Thing, the player will recognise The Thing if the player has completed the Sheep Shearer quest. <br>ID: OXFORD_SPELLING_Z_NOT_S = Would you like to use the Oxford spelling <suggestion>recognize</suggestion>? The spelling 'recognise' is also correct.<br>]]>
    </line>
    <line>
      <![CDATA[<br>Potential error: recognize<br>Additionally, the player will recognize The Thing as the KGP agents that are involved in the Cold War quest if the player has completed it. <br>ID: EN_WORD_COHERENCY = Do not mix variants of the same word ('recognize' and 'recognise') within a single text.<br>]]>
    </line>
    <line>
      <![CDATA[<br>Potential error: lumberyard<br>At the lumberyard, if the player is on a free-to-play world, Gregg will exclaim the sawmill operator to be missing.
<br>ID: MORFOLOGIK_RULE_EN_GB = Possible spelling mistake found.<br>]]>
    </line>
    <line>
      <![CDATA[<br>Potential error: lumberyard<br>At the lumberyard, if the player uses planks on Gregg, the player starts feeling unwell from the sudden thought of "XP waste".
<br>ID: MORFOLOGIK_RULE_EN_GB = Possible spelling mistake found.<br>]]>
    </line>
    <line>
      <![CDATA[<br>Potential error: lumberyard<br>After Gregg tries to get planks from the lumberyard and gets chased away from a cat, the player will mention that the lumbermill is a common place for cats to hide if the quest Gertrude's Cat is completed. <br>ID: MORFOLOGIK_RULE_EN_GB = Possible spelling mistake found.<br>]]>
    </line>
    <line>
      <![CDATA[<br>Potential error: lumbermill<br>After Gregg tries to get planks from the lumberyard and gets chased away from a cat, the player will mention that the lumbermill is a common place for cats to hide if the quest Gertrude's Cat is completed. <br>ID: MORFOLOGIK_RULE_EN_GB = Possible spelling mistake found.<br>]]>
    </line>
    <line>
      <![CDATA[<br>Potential error: lumberyard<br>If Gregg is then asked if he's alright after the cat attacked him, the player may tell their past experience with cats in the lumberyard (from the quest Gertrude's Cat).
<br>ID: MORFOLOGIK_RULE_EN_GB = Possible spelling mistake found.<br>]]>
    </line>
    <line>
      <![CDATA[<br>Potential error: dialogue<br>dialogue. <br>ID: UPPERCASE_SENTENCE_START = This sentence does not start with an uppercase letter.<br>]]>
    </line>
    <line>
      <![CDATA[<br>Potential error: dialogue<br>dialogue. <br>ID: UPPERCASE_SENTENCE_START = This sentence does not start with an uppercase letter.<br>]]>
    </line>
    <line>
      <![CDATA[<br>Potential error: Finally<br>Finally the Cook checks if Gregg is believed to be at the sheep pen (and Gregg is not at the kitchen), which is false; this picks the How should I know? <br>ID: SENT_START_CONJUNCTIVE_LINKING_ADVERB_COMMA = A comma may be missing after the conjunctive/linking adverb 'Finally'.<br>]]>
    </line>
    <line>
      <![CDATA[<br>Potential error: dialogue<br>dialogue.
<br>ID: UPPERCASE_SENTENCE_START = This sentence does not start with an uppercase letter.<br>]]>
    </line>
    <line>
      <![CDATA[https://oldschool.runescape.wiki/w/2021_Easter_event]]>
    </line>
    <line>
      <![CDATA[<br>Potential error: centers<br>During the event, several of the cities across Gielinor were decorated in their centers with lines of flags, and several boxes of fireworks, as well as some banners showing the number 20, celebrating the 20-year anniversary.
[...]
        </test-method> <!-- spellCheck -->
        <test-method signature="spellCheck(java.lang.String)[pri:0, instance:SpellCheck.SpellCheckPages@194bcebf]" started-at="2021-08-20T18:55:50 EDT" name="spellCheck" data-provider="getAllPages" finished-at="2021-08-20T18:56:21 EDT" duration-ms="31103" status="PASS">
          <params>
            <param index="0">
              <value>
                <![CDATA[https://oldschool.runescape.wiki/w/3rd age range legs]]>
              </value>
            </param>
          </params>
          <reporter-output>
            <line>
              <![CDATA[https://oldschool.runescape.wiki/w/3rd_age_range_legs]]>
            </line>
          </reporter-output>
        </test-method> <!-- spellCheck -->
        <test-method signature="spellCheck(java.lang.String)[pri:0, instance:SpellCheck.SpellCheckPages@194bcebf]" started-at="2021-08-20T18:56:21 EDT" name="spellCheck" data-provider="getAllPages" finished-at="2021-08-20T18:56:53 EDT" duration-ms="31373" status="PASS">
          <params>
            <param index="0">
              <value>
                <![CDATA[https://oldschool.runescape.wiki/w/3rd age range top]]>
              </value>
            </param>
          </params>
          <reporter-output>
            <line>
              <![CDATA[https://oldschool.runescape.wiki/w/3rd_age_range_top]]>
            </line>
          </reporter-output>
        </test-method> <!-- spellCheck -->
        <test-method signature="spellCheck(java.lang.String)[pri:0, instance:SpellCheck.SpellCheckPages@194bcebf]" started-at="2021-08-20T18:56:53 EDT" name="spellCheck" data-provider="getAllPages" finished-at="2021-08-20T18:57:25 EDT" duration-ms="32752" status="PASS">
          <params>
            <param index="0">
              <value>
                <![CDATA[https://oldschool.runescape.wiki/w/3rd age robe]]>
              </value>
            </param>
          </params>
          <reporter-output>
            <line>
              <![CDATA[https://oldschool.runescape.wiki/w/3rd_age_robe]]>
            </line>
          </reporter-output>
        </test-method> <!-- spellCheck -->
        <test-method signature="spellCheck(java.lang.String)[pri:0, instance:SpellCheck.SpellCheckPages@194bcebf]" started-at="2021-08-20T18:57:25 EDT" name="spellCheck" data-provider="getAllPages" finished-at="2021-08-20T18:57:59 EDT" duration-ms="33380" status="FAIL">
          <params>
            <param index="0">
              <value>
                <![CDATA[https://oldschool.runescape.wiki/w/3rd age robe top]]>
              </value>
            </param>
          </params>
          <exception class="junit.framework.AssertionFailedError">
            <message>
              <![CDATA[expected:<0> but was:<3>]]>
            </message>
            <full-stacktrace>
              <![CDATA[junit.framework.AssertionFailedError: expected:<0> but was:<3>
at junit.framework.Assert.fail(Assert.java:47)
at junit.framework.Assert.failNotEquals(Assert.java:282)
at junit.framework.Assert.assertEquals(Assert.java:64)
at junit.framework.Assert.assertEquals(Assert.java:201)
at junit.framework.Assert.assertEquals(Assert.java:207)
at SpellCheck.SpellCheckPages.spellCheck(SpellCheckPages.java:140)
at jdk.internal.reflect.GeneratedMethodAccessor3.invoke(Unknown Source)
at java.base/jdk.internal.reflect.DelegatingMethodAccessorImpl.invoke(DelegatingMethodAccessorImpl.java:43)
at java.base/java.lang.reflect.Method.invoke(Method.java:567)
at org.testng.internal.MethodInvocationHelper.invokeMethod(MethodInvocationHelper.java:133)
at org.testng.internal.TestInvoker.invokeMethod(TestInvoker.java:598)
at org.testng.internal.TestInvoker.invokeTestMethod(TestInvoker.java:173)
at org.testng.internal.MethodRunner.runInSequence(MethodRunner.java:46)
at org.testng.internal.TestInvoker$MethodInvocationAgent.invoke(TestInvoker.java:824)
at org.testng.internal.TestInvoker.invokeTestMethods(TestInvoker.java:146)
at org.testng.internal.TestMethodWorker.invokeTestMethods(TestMethodWorker.java:146)
at org.testng.internal.TestMethodWorker.run(TestMethodWorker.java:128)
at java.base/java.util.ArrayList.forEach(ArrayList.java:1511)
at org.testng.TestRunner.privateRun(TestRunner.java:794)
at org.testng.TestRunner.run(TestRunner.java:596)
at org.testng.SuiteRunner.runTest(SuiteRunner.java:377)
at org.testng.SuiteRunner.runSequentially(SuiteRunner.java:371)
at org.testng.SuiteRunner.privateRun(SuiteRunner.java:332)
at org.testng.SuiteRunner.run(SuiteRunner.java:276)
at org.testng.SuiteRunnerWorker.runSuite(SuiteRunnerWorker.java:53)
at org.testng.SuiteRunnerWorker.run(SuiteRunnerWorker.java:96)
at org.testng.TestNG.runSuitesSequentially(TestNG.java:1212)
at org.testng.TestNG.runSuitesLocally(TestNG.java:1134)
at org.testng.TestNG.runSuites(TestNG.java:1063)
at org.testng.TestNG.run(TestNG.java:1031)
at org.testng.remote.AbstractRemoteTestNG.run(AbstractRemoteTestNG.java:115)
at org.testng.remote.RemoteTestNG.initAndRun(RemoteTestNG.java:251)
at org.testng.remote.RemoteTestNG.main(RemoteTestNG.java:77)
]]>
            </full-stacktrace>
          </exception> <!-- junit.framework.AssertionFailedError -->
          <reporter-output>
            <line>
              <![CDATA[<br>Potential error: dagon<br>Requiring level 65 Magic and 30 Defence to wear, it has the fourth highest magic attack bonus of any body-slot item, only surpassed by dagon'hai robe top, ahrim's robetop and ancestral robe top.
<br>ID: MORFOLOGIK_RULE_EN_GB = Possible spelling mistake found.<br>]]>
            </line>
            <line>
              <![CDATA[<br>Potential error: hai<br>Requiring level 65 Magic and 30 Defence to wear, it has the fourth highest magic attack bonus of any body-slot item, only surpassed by dagon'hai robe top, ahrim's robetop and ancestral robe top.
<br>ID: MORFOLOGIK_RULE_EN_GB = Possible spelling mistake found.<br>]]>
            </line>
            <line>
              <![CDATA[<br>Potential error: ahrim<br>Requiring level 65 Magic and 30 Defence to wear, it has the fourth highest magic attack bonus of any body-slot item, only surpassed by dagon'hai robe top, ahrim's robetop and ancestral robe top.
<br>ID: MORFOLOGIK_RULE_EN_GB = Possible spelling mistake found.<br>]]>
            </line>
            <line>
              <![CDATA[https://oldschool.runescape.wiki/w/3rd_age_robe_top]]>
            </line>
          </reporter-output>
        </test-method> <!-- spellCheck -->
        <test-method signature="spellCheck(java.lang.String)[pri:0, instance:SpellCheck.SpellCheckPages@194bcebf]" started-at="2021-08-20T18:57:59 EDT" name="spellCheck" data-provider="getAllPages" finished-at="2021-08-20T18:58:43 EDT" duration-ms="44250" status="PASS">
          <params>
            <param index="0">
              <value>
                <![CDATA[https://oldschool.runescape.wiki/w/3rd age vambraces]]>
              </value>
            </param>
          </params>
          <reporter-output>
            <line>
              <![CDATA[https://oldschool.runescape.wiki/w/3rd_age_vambraces]]>
            </line>
          </reporter-output>
        </test-method> <!-- spellCheck -->
        <test-method signature="spellCheck(java.lang.String)[pri:0, instance:SpellCheck.SpellCheckPages@194bcebf]" started-at="2021-08-20T18:58:43 EDT" name="spellCheck" data-provider="getAllPages" finished-at="2021-08-20T18:59:04 EDT" duration-ms="20774" status="PASS">
          <params>
            <param index="0">
              <value>
                <![CDATA[https://oldschool.runescape.wiki/w/3rd age wand]]>
              </value>
            </param>
          </params>
          <reporter-output>
            <line>
              <![CDATA[https://oldschool.runescape.wiki/w/3rd_age_wand]]>
            </line>
          </reporter-output>
        </test-method> <!-- spellCheck -->
        <test-method signature="spellCheck(java.lang.String)[pri:0, instance:SpellCheck.SpellCheckPages@194bcebf]" started-at="2021-08-20T18:59:04 EDT" name="spellCheck" data-provider="getAllPages" finished-at="2021-08-20T18:59:09 EDT" duration-ms="5533" status="PASS">
          <params>
            <param index="0">
              <value>
                <![CDATA[https://oldschool.runescape.wiki/w/4 April]]>
              </value>
            </param>
          </params>
          <reporter-output>
            <line>
              <![CDATA[https://oldschool.runescape.wiki/w/4_April]]>
            </line>
          </reporter-output>
        </test-method> <!-- spellCheck -->
        <test-method signature="spellCheck(java.lang.String)[pri:0, instance:SpellCheck.SpellCheckPages@194bcebf]" started-at="2021-08-20T18:59:09 EDT" name="spellCheck" data-provider="getAllPages" finished-at="2021-08-20T18:59:15 EDT" duration-ms="5492" status="PASS">
          <params>
            <param index="0">
              <value>
                <![CDATA[https://oldschool.runescape.wiki/w/4 August]]>
              </value>
            </param>
          </params>
          <reporter-output>
            <line>
              <![CDATA[https://oldschool.runescape.wiki/w/4_August]]>
            </line>
          </reporter-output>
        </test-method> <!-- spellCheck -->
        <test-method signature="spellCheck(java.lang.String)[pri:0, instance:SpellCheck.SpellCheckPages@194bcebf]" started-at="2021-08-20T18:59:15 EDT" name="spellCheck" data-provider="getAllPages" finished-at="2021-08-20T18:59:21 EDT" duration-ms="6191" status="PASS">
          <params>
            <param index="0">
              <value>
                <![CDATA[https://oldschool.runescape.wiki/w/4 December]]>
              </value>
            </param>
          </params>
          <reporter-output>
            <line>
              <![CDATA[https://oldschool.runescape.wiki/w/4_December]]>
            </line>
          </reporter-output>
        </test-method> <!-- spellCheck -->
        <test-method signature="spellCheck(java.lang.String)[pri:0, instance:SpellCheck.SpellCheckPages@194bcebf]" started-at="2021-08-20T18:59:21 EDT" name="spellCheck" data-provider="getAllPages" finished-at="2021-08-20T18:59:41 EDT" duration-ms="19904" status="PASS">
          <params>
            <param index="0">
              <value>
                <![CDATA[https://oldschool.runescape.wiki/w/4 February]]>
              </value>
            </param>
          </params>
          <reporter-output>
            <line>
              <![CDATA[https://oldschool.runescape.wiki/w/4_February]]>
            </line>
          </reporter-output>
        </test-method> <!-- spellCheck -->
        <test-method signature="spellCheck(java.lang.String)[pri:0, instance:SpellCheck.SpellCheckPages@194bcebf]" started-at="2021-08-20T18:59:41 EDT" name="spellCheck" data-provider="getAllPages" finished-at="2021-08-20T18:59:44 EDT" duration-ms="3628" status="PASS">
          <params>
            <param index="0">
              <value>
                <![CDATA[https://oldschool.runescape.wiki/w/4 January]]>
              </value>
            </param>
          </params>
          <reporter-output>
            <line>
              <![CDATA[https://oldschool.runescape.wiki/w/4_January]]>
            </line>
          </reporter-output>
        </test-method> <!-- spellCheck -->
        <test-method signature="spellCheck(java.lang.String)[pri:0, instance:SpellCheck.SpellCheckPages@194bcebf]" started-at="2021-08-20T18:59:44 EDT" name="spellCheck" data-provider="getAllPages" finished-at="2021-08-20T18:59:49 EDT" duration-ms="4559" status="PASS">
          <params>
            <param index="0">
              <value>
                <![CDATA[https://oldschool.runescape.wiki/w/4 July]]>
              </value>
            </param>
          </params>
          <reporter-output>
            <line>
              <![CDATA[https://oldschool.runescape.wiki/w/4_July]]>
            </line>
          </reporter-output>
        </test-method> <!-- spellCheck -->
        <test-method signature="spellCheck(java.lang.String)[pri:0, instance:SpellCheck.SpellCheckPages@194bcebf]" started-at="2021-08-20T18:59:49 EDT" name="spellCheck" data-provider="getAllPages" finished-at="2021-08-20T18:59:54 EDT" duration-ms="4576" status="PASS">
          <params>
            <param index="0">
              <value>
                <![CDATA[https://oldschool.runescape.wiki/w/4 June]]>
              </value>
            </param>
          </params>
          <reporter-output>
            <line>
              <![CDATA[https://oldschool.runescape.wiki/w/4_June]]>
            </line>
          </reporter-output>
        </test-method> <!-- spellCheck -->
        <test-method signature="spellCheck(java.lang.String)[pri:0, instance:SpellCheck.SpellCheckPages@194bcebf]" started-at="2021-08-20T18:59:54 EDT" name="spellCheck" data-provider="getAllPages" finished-at="2021-08-20T18:59:59 EDT" duration-ms="5413" status="PASS">
          <params>
            <param index="0">
              <value>
                <![CDATA[https://oldschool.runescape.wiki/w/4 March]]>
              </value>
            </param>
          </params>
          <reporter-output>
            <line>
              <![CDATA[https://oldschool.runescape.wiki/w/4_March]]>
            </line>
          </reporter-output>
        </test-method> <!-- spellCheck -->
        <test-method signature="spellCheck(java.lang.String)[pri:0, instance:SpellCheck.SpellCheckPages@194bcebf]" started-at="2021-08-20T18:59:59 EDT" name="spellCheck" data-provider="getAllPages" finished-at="2021-08-20T19:00:04 EDT" duration-ms="5287" status="PASS">
          <params>
            <param index="0">
              <value>
                <![CDATA[https://oldschool.runescape.wiki/w/4 May]]>
              </value>
            </param>
          </params>
          <reporter-output>
            <line>
              <![CDATA[https://oldschool.runescape.wiki/w/4_May]]>
            </line>
          </reporter-output>
        </test-method> <!-- spellCheck -->
        <test-method is-config="true" signature="teardown()[pri:0, instance:SpellCheck.SpellCheckPages@194bcebf]" started-at="2021-08-20T19:00:08 EDT" name="teardown" finished-at="2021-08-20T19:01:14 EDT" duration-ms="65908" status="FAIL">
          <exception class="org.openqa.selenium.remote.UnreachableBrowserException">
            <message>
              <![CDATA[Error communicating with the remote browser. It may have died.
Build info: version: '3.141.59', revision: 'e82be7d358', time: '2018-11-14T08:17:03'
System info: host: 'DESKTOP-HCKLODP', ip: '192.168.0.109', os.name: 'Windows 10', os.arch: 'amd64', os.version: '10.0', java.version: '16.0.2'
Driver info: driver.version: RemoteWebDriver
Capabilities {acceptInsecureCerts: false, browserName: chrome, browserVersion: 92.0.4515.159, chrome: {chromedriverVersion: 91.0.4472.101 (af52a90bf870..., userDataDir: C:\Users\nheis\AppData\Loca...}, goog:chromeOptions: {debuggerAddress: localhost:58440}, javascriptEnabled: true, networkConnectionEnabled: false, pageLoadStrategy: normal, platform: WINDOWS, platformName: WINDOWS, proxy: Proxy(), setWindowRect: true, strictFileInteractability: false, timeouts: {implicit: 0, pageLoad: 300000, script: 30000}, unhandledPromptBehavior: dismiss and notify, webauthn:extension:largeBlob: true, webauthn:virtualAuthenticators: true}
Session ID: 0af79efb9ca574052bb827422db72649]]>
            </message>
            <full-stacktrace>
              <![CDATA[org.openqa.selenium.remote.UnreachableBrowserException: Error communicating with the remote browser. It may have died.
Build info: version: '3.141.59', revision: 'e82be7d358', time: '2018-11-14T08:17:03'
System info: host: 'DESKTOP-HCKLODP', ip: '192.168.0.109', os.name: 'Windows 10', os.arch: 'amd64', os.version: '10.0', java.version: '16.0.2'
Driver info: driver.version: RemoteWebDriver
Capabilities {acceptInsecureCerts: false, browserName: chrome, browserVersion: 92.0.4515.159, chrome: {chromedriverVersion: 91.0.4472.101 (af52a90bf870..., userDataDir: C:\Users\nheis\AppData\Loca...}, goog:chromeOptions: {debuggerAddress: localhost:58440}, javascriptEnabled: true, networkConnectionEnabled: false, pageLoadStrategy: normal, platform: WINDOWS, platformName: WINDOWS, proxy: Proxy(), setWindowRect: true, strictFileInteractability: false, timeouts: {implicit: 0, pageLoad: 300000, script: 30000}, unhandledPromptBehavior: dismiss and notify, webauthn:extension:largeBlob: true, webauthn:virtualAuthenticators: true}
Session ID: 0af79efb9ca574052bb827422db72649
at org.openqa.selenium.remote.RemoteWebDriver.execute(RemoteWebDriver.java:573)
at org.openqa.selenium.remote.RemoteWebDriver.execute(RemoteWebDriver.java:609)
at org.openqa.selenium.remote.RemoteWebDriver.quit(RemoteWebDriver.java:452)
at SpellCheck.BaseTest.teardown(BaseTest.java:51)
at java.base/jdk.internal.reflect.NativeMethodAccessorImpl.invoke0(Native Method)
at java.base/jdk.internal.reflect.NativeMethodAccessorImpl.invoke(NativeMethodAccessorImpl.java:78)
at java.base/jdk.internal.reflect.DelegatingMethodAccessorImpl.invoke(DelegatingMethodAccessorImpl.java:43)
at java.base/java.lang.reflect.Method.invoke(Method.java:567)
at org.testng.internal.MethodInvocationHelper.invokeMethod(MethodInvocationHelper.java:133)
at org.testng.internal.MethodInvocationHelper.invokeMethodConsideringTimeout(MethodInvocationHelper.java:62)
at org.testng.internal.ConfigInvoker.invokeConfigurationMethod(ConfigInvoker.java:385)
at org.testng.internal.ConfigInvoker.invokeConfigurations(ConfigInvoker.java:321)
at org.testng.TestRunner.invokeTestConfigurations(TestRunner.java:637)
at org.testng.TestRunner.afterRun(TestRunner.java:877)
at org.testng.TestRunner.run(TestRunner.java:599)
at org.testng.SuiteRunner.runTest(SuiteRunner.java:377)
at org.testng.SuiteRunner.runSequentially(SuiteRunner.java:371)
at org.testng.SuiteRunner.privateRun(SuiteRunner.java:332)
at org.testng.SuiteRunner.run(SuiteRunner.java:276)
at org.testng.SuiteRunnerWorker.runSuite(SuiteRunnerWorker.java:53)
at org.testng.SuiteRunnerWorker.run(SuiteRunnerWorker.java:96)
at org.testng.TestNG.runSuitesSequentially(TestNG.java:1212)
at org.testng.TestNG.runSuitesLocally(TestNG.java:1134)
at org.testng.TestNG.runSuites(TestNG.java:1063)
at org.testng.TestNG.run(TestNG.java:1031)
at org.testng.remote.AbstractRemoteTestNG.run(AbstractRemoteTestNG.java:115)
at org.testng.remote.RemoteTestNG.initAndRun(RemoteTestNG.java:251)
at org.testng.remote.RemoteTestNG.main(RemoteTestNG.java:77)
Caused by: java.lang.RuntimeException: java.util.concurrent.TimeoutException
at org.openqa.selenium.net.UrlChecker.waitUntilUnavailable(UrlChecker.java:145)
at org.openqa.selenium.remote.service.DriverService.stop(DriverService.java:224)
at org.openqa.selenium.remote.service.DriverCommandExecutor.execute(DriverCommandExecutor.java:95)
at org.openqa.selenium.remote.RemoteWebDriver.execute(RemoteWebDriver.java:552)
... 27 more
Caused by: java.util.concurrent.TimeoutException
at java.base/java.util.concurrent.FutureTask.get(FutureTask.java:204)
at com.google.common.util.concurrent.SimpleTimeLimiter.callWithTimeout(SimpleTimeLimiter.java:156)
at org.openqa.selenium.net.UrlChecker.waitUntilUnavailable(UrlChecker.java:115)
... 30 more
]]>
            </full-stacktrace>
          </exception> <!-- org.openqa.selenium.remote.UnreachableBrowserException -->
          <reporter-output>
          </reporter-output>
        </test-method> <!-- teardown -->
        <test-method is-config="true" signature="offerSuggestions()[pri:0, instance:SpellCheck.SpellCheckPages@194bcebf]" started-at="2021-08-20T19:01:52 EDT" name="offerSuggestions" finished-at="1969-12-31T19:00:00 EST" duration-ms="-1629500512890" status="SKIP">
          <reporter-output>
          </reporter-output>
        </test-method> <!-- offerSuggestions -->
      </class> <!-- SpellCheck.SpellCheckPages -->
    </test> <!-- Test -->
  </suite> <!-- Suite -->
</testng-results>
