<?xml version="1.0" encoding="UTF-8"?>
<!-- Generated by org.testng.reporters.JUnitReportReporter -->
<testsuite hostname="DESKTOP-HCKLODP" failures="0" tests="501" name="SpellCheck.SpellCheckPages" time="4426.905" errors="70" timestamp="2021-08-20T19:01:53 EDT" skipped="0">
  <testcase classname="SpellCheck.SpellCheckPages" name="spellCheck" time="5.857"/>
  <system-out>
    <![CDATA[https://oldschool.runescape.wiki/w/10_April]]>
  </system-out>
  <testcase classname="SpellCheck.SpellCheckPages" name="spellCheck" time="6.211"/>
  <system-out>
    <![CDATA[https://oldschool.runescape.wiki/w/(h3)]]>
  </system-out>
  <testcase classname="SpellCheck.SpellCheckPages" name="spellCheck" time="5.030"/>
  <system-out>
    <![CDATA[https://oldschool.runescape.wiki/w/22_October]]>
  </system-out>
  <testcase classname="SpellCheck.SpellCheckPages" name="spellCheck" time="15.766">
    <error message="expected:&lt;0&gt; but was:&lt;3&gt;" type="junit.framework.AssertionFailedError">
      <![CDATA[junit.framework.AssertionFailedError: expected:<0> but was:<3>
at junit.framework.Assert.fail(Assert.java:47)
at junit.framework.Assert.failNotEquals(Assert.java:282)
at junit.framework.Assert.assertEquals(Assert.java:64)
at junit.framework.Assert.assertEquals(Assert.java:201)
at junit.framework.Assert.assertEquals(Assert.java:207)
at SpellCheck.SpellCheckPages.spellCheck(SpellCheckPages.java:140)
at jdk.internal.reflect.GeneratedMethodAccessor3.invoke(Unknown Source)
at java.base/jdk.internal.reflect.DelegatingMethodAccessorImpl.invoke(DelegatingMethodAccessorImpl.java:43)
at java.base/java.lang.reflect.Method.invoke(Method.java:567)
at org.testng.internal.MethodInvocationHelper.invokeMethod(MethodInvocationHelper.java:133)
at org.testng.internal.TestInvoker.invokeMethod(TestInvoker.java:598)
at org.testng.internal.TestInvoker.invokeTestMethod(TestInvoker.java:173)
at org.testng.internal.MethodRunner.runInSequence(MethodRunner.java:46)
at org.testng.internal.TestInvoker$MethodInvocationAgent.invoke(TestInvoker.java:824)
at org.testng.internal.TestInvoker.invokeTestMethods(TestInvoker.java:146)
at org.testng.internal.TestMethodWorker.invokeTestMethods(TestMethodWorker.java:146)
at org.testng.internal.TestMethodWorker.run(TestMethodWorker.java:128)
at java.base/java.util.ArrayList.forEach(ArrayList.java:1511)
at org.testng.TestRunner.privateRun(TestRunner.java:794)
at org.testng.TestRunner.run(TestRunner.java:596)
at org.testng.SuiteRunner.runTest(SuiteRunner.java:377)
at org.testng.SuiteRunner.runSequentially(SuiteRunner.java:371)
at org.testng.SuiteRunner.privateRun(SuiteRunner.java:332)
at org.testng.SuiteRunner.run(SuiteRunner.java:276)
at org.testng.SuiteRunnerWorker.runSuite(SuiteRunnerWorker.java:53)
at org.testng.SuiteRunnerWorker.run(SuiteRunnerWorker.java:96)
at org.testng.TestNG.runSuitesSequentially(TestNG.java:1212)
at org.testng.TestNG.runSuitesLocally(TestNG.java:1134)
at org.testng.TestNG.runSuites(TestNG.java:1063)
at org.testng.TestNG.run(TestNG.java:1031)
at org.testng.remote.AbstractRemoteTestNG.run(AbstractRemoteTestNG.java:115)
at org.testng.remote.RemoteTestNG.initAndRun(RemoteTestNG.java:251)
at org.testng.remote.RemoteTestNG.main(RemoteTestNG.java:77)
]]>
    </error>
  </testcase> <!-- spellCheck -->
  <system-out>
    <![CDATA[<br>Potential error: NPCS<br>27th - Added lots more NPCS.
<br>ID: MORFOLOGIK_RULE_EN_GB = Possible spelling mistake found.<br>
<br>Potential error: Camoflauge<br>30th - Added new spell: Camoflauge.
<br>ID: MORFOLOGIK_RULE_EN_GB = Possible spelling mistake found.<br>
<br>Potential error: Npcs<br>Npcs now have 5 different behaviour modes.
<br>ID: MORFOLOGIK_RULE_EN_GB = Possible spelling mistake found.<br>
https://oldschool.runescape.wiki/w/2000]]>
  </system-out>
  <testcase classname="SpellCheck.SpellCheckPages" name="spellCheck" time="2.505">
    <error message="stale element reference: element is not attached to the page document
  (Session info: chrome=92.0.4515.159)
For documentation on this error, please visit: https://www.seleniumhq.org/exceptions/stale_element_reference.html
Build info: version: &#039;3.141.59&#039;, revision: &#039;e82be7d358&#039;, time: &#039;2018-11-14T08:17:03&#039;
System info: host: &#039;DESKTOP-HCKLODP&#039;, ip: &#039;192.168.0.109&#039;, os.name: &#039;Windows 10&#039;, os.arch: &#039;amd64&#039;, os.version: &#039;10.0&#039;, java.version: &#039;16.0.2&#039;
Driver info: org.openqa.selenium.chrome.ChromeDriver
Capabilities {acceptInsecureCerts: false, browserName: chrome, browserVersion: 92.0.4515.159, chrome: {chromedriverVersion: 91.0.4472.101 (af52a90bf870..., userDataDir: C:\Users\nheis\AppData\Loca...}, goog:chromeOptions: {debuggerAddress: localhost:58440}, javascriptEnabled: true, networkConnectionEnabled: false, pageLoadStrategy: normal, platform: WINDOWS, platformName: WINDOWS, proxy: Proxy(), setWindowRect: true, strictFileInteractability: false, timeouts: {implicit: 0, pageLoad: 300000, script: 30000}, unhandledPromptBehavior: dismiss and notify, webauthn:extension:largeBlob: true, webauthn:virtualAuthenticators: true}
Session ID: 0af79efb9ca574052bb827422db72649" type="org.openqa.selenium.StaleElementReferenceException">
      <![CDATA[org.openqa.selenium.StaleElementReferenceException: stale element reference: element is not attached to the page document
  (Session info: chrome=92.0.4515.159)
For documentation on this error, please visit: https://www.seleniumhq.org/exceptions/stale_element_reference.html
Build info: version: '3.141.59', revision: 'e82be7d358', time: '2018-11-14T08:17:03'
System info: host: 'DESKTOP-HCKLODP', ip: '192.168.0.109', os.name: 'Windows 10', os.arch: 'amd64', os.version: '10.0', java.version: '16.0.2'
Driver info: org.openqa.selenium.chrome.ChromeDriver
Capabilities {acceptInsecureCerts: false, browserName: chrome, browserVersion: 92.0.4515.159, chrome: {chromedriverVersion: 91.0.4472.101 (af52a90bf870..., userDataDir: C:\Users\nheis\AppData\Loca...}, goog:chromeOptions: {debuggerAddress: localhost:58440}, javascriptEnabled: true, networkConnectionEnabled: false, pageLoadStrategy: normal, platform: WINDOWS, platformName: WINDOWS, proxy: Proxy(), setWindowRect: true, strictFileInteractability: false, timeouts: {implicit: 0, pageLoad: 300000, script: 30000}, unhandledPromptBehavior: dismiss and notify, webauthn:extension:largeBlob: true, webauthn:virtualAuthenticators: true}
Session ID: 0af79efb9ca574052bb827422db72649
at java.base/jdk.internal.reflect.NativeConstructorAccessorImpl.newInstance0(Native Method)
at java.base/jdk.internal.reflect.NativeConstructorAccessorImpl.newInstance(NativeConstructorAccessorImpl.java:78)
at java.base/jdk.internal.reflect.DelegatingConstructorAccessorImpl.newInstance(DelegatingConstructorAccessorImpl.java:45)
at java.base/java.lang.reflect.Constructor.newInstanceWithCaller(Constructor.java:499)
at java.base/java.lang.reflect.Constructor.newInstance(Constructor.java:480)
at org.openqa.selenium.remote.http.W3CHttpResponseCodec.createException(W3CHttpResponseCodec.java:187)
at org.openqa.selenium.remote.http.W3CHttpResponseCodec.decode(W3CHttpResponseCodec.java:122)
at org.openqa.selenium.remote.http.W3CHttpResponseCodec.decode(W3CHttpResponseCodec.java:49)
at org.openqa.selenium.remote.HttpCommandExecutor.execute(HttpCommandExecutor.java:158)
at org.openqa.selenium.remote.service.DriverCommandExecutor.execute(DriverCommandExecutor.java:83)
at org.openqa.selenium.remote.RemoteWebDriver.execute(RemoteWebDriver.java:552)
at org.openqa.selenium.remote.RemoteWebElement.execute(RemoteWebElement.java:285)
at org.openqa.selenium.remote.RemoteWebElement.getText(RemoteWebElement.java:166)
at SpellCheck.BaseTest.getAllLinkWords(BaseTest.java:59)
at SpellCheck.SpellCheckPages.spellCheck(SpellCheckPages.java:133)
at jdk.internal.reflect.GeneratedMethodAccessor3.invoke(Unknown Source)
at java.base/jdk.internal.reflect.DelegatingMethodAccessorImpl.invoke(DelegatingMethodAccessorImpl.java:43)
at java.base/java.lang.reflect.Method.invoke(Method.java:567)
at org.testng.internal.MethodInvocationHelper.invokeMethod(MethodInvocationHelper.java:133)
at org.testng.internal.TestInvoker.invokeMethod(TestInvoker.java:598)
at org.testng.internal.TestInvoker.invokeTestMethod(TestInvoker.java:173)
at org.testng.internal.MethodRunner.runInSequence(MethodRunner.java:46)
at org.testng.internal.TestInvoker$MethodInvocationAgent.invoke(TestInvoker.java:824)
at org.testng.internal.TestInvoker.invokeTestMethods(TestInvoker.java:146)
at org.testng.internal.TestMethodWorker.invokeTestMethods(TestMethodWorker.java:146)
at org.testng.internal.TestMethodWorker.run(TestMethodWorker.java:128)
at java.base/java.util.ArrayList.forEach(ArrayList.java:1511)
at org.testng.TestRunner.privateRun(TestRunner.java:794)
at org.testng.TestRunner.run(TestRunner.java:596)
at org.testng.SuiteRunner.runTest(SuiteRunner.java:377)
at org.testng.SuiteRunner.runSequentially(SuiteRunner.java:371)
at org.testng.SuiteRunner.privateRun(SuiteRunner.java:332)
at org.testng.SuiteRunner.run(SuiteRunner.java:276)
at org.testng.SuiteRunnerWorker.runSuite(SuiteRunnerWorker.java:53)
at org.testng.SuiteRunnerWorker.run(SuiteRunnerWorker.java:96)
at org.testng.TestNG.runSuitesSequentially(TestNG.java:1212)
at org.testng.TestNG.runSuitesLocally(TestNG.java:1134)
at org.testng.TestNG.runSuites(TestNG.java:1063)
at org.testng.TestNG.run(TestNG.java:1031)
at org.testng.remote.AbstractRemoteTestNG.run(AbstractRemoteTestNG.java:115)
at org.testng.remote.RemoteTestNG.initAndRun(RemoteTestNG.java:251)
at org.testng.remote.RemoteTestNG.main(RemoteTestNG.java:77)
]]>
    </error>
  </testcase> <!-- spellCheck -->
  <system-out/>
  <testcase classname="SpellCheck.SpellCheckPages" name="spellCheck" time="4.628"/>
  <system-out>
    <![CDATA[https://oldschool.runescape.wiki/w/(b)]]>
  </system-out>
  <testcase classname="SpellCheck.SpellCheckPages" name="spellCheck" time="5.692"/>
  <system-out>
    <![CDATA[https://oldschool.runescape.wiki/w/16_September]]>
  </system-out>
  <testcase classname="SpellCheck.SpellCheckPages" name="spellCheck" time="5.361"/>
  <system-out>
    <![CDATA[https://oldschool.runescape.wiki/w/16_February]]>
  </system-out>
  <testcase classname="SpellCheck.SpellCheckPages" name="spellCheck" time="5.048"/>
  <system-out>
    <![CDATA[https://oldschool.runescape.wiki/w/29_May]]>
  </system-out>
  <testcase classname="SpellCheck.SpellCheckPages" name="spellCheck" time="5.394"/>
  <system-out>
    <![CDATA[https://oldschool.runescape.wiki/w/3_June]]>
  </system-out>
  <testcase classname="SpellCheck.SpellCheckPages" name="spellCheck" time="6.174"/>
  <system-out>
    <![CDATA[https://oldschool.runescape.wiki/w/12_October]]>
  </system-out>
  <testcase classname="SpellCheck.SpellCheckPages" name="spellCheck" time="5.712"/>
  <system-out>
    <![CDATA[https://oldschool.runescape.wiki/w/13_September]]>
  </system-out>
  <testcase classname="SpellCheck.SpellCheckPages" name="spellCheck" time="11.740">
    <error message="expected:&lt;0&gt; but was:&lt;1&gt;" type="junit.framework.AssertionFailedError">
      <![CDATA[junit.framework.AssertionFailedError: expected:<0> but was:<1>
at junit.framework.Assert.fail(Assert.java:47)
at junit.framework.Assert.failNotEquals(Assert.java:282)
at junit.framework.Assert.assertEquals(Assert.java:64)
at junit.framework.Assert.assertEquals(Assert.java:201)
at junit.framework.Assert.assertEquals(Assert.java:207)
at SpellCheck.SpellCheckPages.spellCheck(SpellCheckPages.java:140)
at jdk.internal.reflect.GeneratedMethodAccessor3.invoke(Unknown Source)
at java.base/jdk.internal.reflect.DelegatingMethodAccessorImpl.invoke(DelegatingMethodAccessorImpl.java:43)
at java.base/java.lang.reflect.Method.invoke(Method.java:567)
at org.testng.internal.MethodInvocationHelper.invokeMethod(MethodInvocationHelper.java:133)
at org.testng.internal.TestInvoker.invokeMethod(TestInvoker.java:598)
at org.testng.internal.TestInvoker.invokeTestMethod(TestInvoker.java:173)
at org.testng.internal.MethodRunner.runInSequence(MethodRunner.java:46)
at org.testng.internal.TestInvoker$MethodInvocationAgent.invoke(TestInvoker.java:824)
at org.testng.internal.TestInvoker.invokeTestMethods(TestInvoker.java:146)
at org.testng.internal.TestMethodWorker.invokeTestMethods(TestMethodWorker.java:146)
at org.testng.internal.TestMethodWorker.run(TestMethodWorker.java:128)
at java.base/java.util.ArrayList.forEach(ArrayList.java:1511)
at org.testng.TestRunner.privateRun(TestRunner.java:794)
at org.testng.TestRunner.run(TestRunner.java:596)
at org.testng.SuiteRunner.runTest(SuiteRunner.java:377)
at org.testng.SuiteRunner.runSequentially(SuiteRunner.java:371)
at org.testng.SuiteRunner.privateRun(SuiteRunner.java:332)
at org.testng.SuiteRunner.run(SuiteRunner.java:276)
at org.testng.SuiteRunnerWorker.runSuite(SuiteRunnerWorker.java:53)
at org.testng.SuiteRunnerWorker.run(SuiteRunnerWorker.java:96)
at org.testng.TestNG.runSuitesSequentially(TestNG.java:1212)
at org.testng.TestNG.runSuitesLocally(TestNG.java:1134)
at org.testng.TestNG.runSuites(TestNG.java:1063)
at org.testng.TestNG.run(TestNG.java:1031)
at org.testng.remote.AbstractRemoteTestNG.run(AbstractRemoteTestNG.java:115)
at org.testng.remote.RemoteTestNG.initAndRun(RemoteTestNG.java:251)
at org.testng.remote.RemoteTestNG.main(RemoteTestNG.java:77)
]]>
    </error>
  </testcase> <!-- spellCheck -->
  <system-out>
    <![CDATA[<br>Potential error: anyways<br>Now begin blasting the five chocolate creatures located throughout the warren:
TIP: Players can try to cast a spell on critters so that they will turn into the desired direction, even if the player has no required runes,since the game wouldn't let them cast anyways.
<br>ID: MORFOLOGIK_RULE_EN_GB = Possible spelling mistake found.<br>
https://oldschool.runescape.wiki/w/2015_Easter_event]]>
  </system-out>
  <testcase classname="SpellCheck.SpellCheckPages" name="spellCheck" time="18.637">
    <error message="expected:&lt;0&gt; but was:&lt;7&gt;" type="junit.framework.AssertionFailedError">
      <![CDATA[junit.framework.AssertionFailedError: expected:<0> but was:<7>
at junit.framework.Assert.fail(Assert.java:47)
at junit.framework.Assert.failNotEquals(Assert.java:282)
at junit.framework.Assert.assertEquals(Assert.java:64)
at junit.framework.Assert.assertEquals(Assert.java:201)
at junit.framework.Assert.assertEquals(Assert.java:207)
at SpellCheck.SpellCheckPages.spellCheck(SpellCheckPages.java:140)
at jdk.internal.reflect.GeneratedMethodAccessor3.invoke(Unknown Source)
at java.base/jdk.internal.reflect.DelegatingMethodAccessorImpl.invoke(DelegatingMethodAccessorImpl.java:43)
at java.base/java.lang.reflect.Method.invoke(Method.java:567)
at org.testng.internal.MethodInvocationHelper.invokeMethod(MethodInvocationHelper.java:133)
at org.testng.internal.TestInvoker.invokeMethod(TestInvoker.java:598)
at org.testng.internal.TestInvoker.invokeTestMethod(TestInvoker.java:173)
at org.testng.internal.MethodRunner.runInSequence(MethodRunner.java:46)
at org.testng.internal.TestInvoker$MethodInvocationAgent.invoke(TestInvoker.java:824)
at org.testng.internal.TestInvoker.invokeTestMethods(TestInvoker.java:146)
at org.testng.internal.TestMethodWorker.invokeTestMethods(TestMethodWorker.java:146)
at org.testng.internal.TestMethodWorker.run(TestMethodWorker.java:128)
at java.base/java.util.ArrayList.forEach(ArrayList.java:1511)
at org.testng.TestRunner.privateRun(TestRunner.java:794)
at org.testng.TestRunner.run(TestRunner.java:596)
at org.testng.SuiteRunner.runTest(SuiteRunner.java:377)
at org.testng.SuiteRunner.runSequentially(SuiteRunner.java:371)
at org.testng.SuiteRunner.privateRun(SuiteRunner.java:332)
at org.testng.SuiteRunner.run(SuiteRunner.java:276)
at org.testng.SuiteRunnerWorker.runSuite(SuiteRunnerWorker.java:53)
at org.testng.SuiteRunnerWorker.run(SuiteRunnerWorker.java:96)
at org.testng.TestNG.runSuitesSequentially(TestNG.java:1212)
at org.testng.TestNG.runSuitesLocally(TestNG.java:1134)
at org.testng.TestNG.runSuites(TestNG.java:1063)
at org.testng.TestNG.run(TestNG.java:1031)
at org.testng.remote.AbstractRemoteTestNG.run(AbstractRemoteTestNG.java:115)
at org.testng.remote.RemoteTestNG.initAndRun(RemoteTestNG.java:251)
at org.testng.remote.RemoteTestNG.main(RemoteTestNG.java:77)
]]>
    </error>
  </testcase> <!-- spellCheck -->
  <system-out>
    <![CDATA[<br>Potential error: HANDEGAB<br>He will give you a riddle: PINS, HANDEGAB, and WOKBLISS. <br>ID: MORFOLOGIK_RULE_EN_GB = Possible spelling mistake found.<br>
<br>Potential error: WOKBLISS<br>He will give you a riddle: PINS, HANDEGAB, and WOKBLISS. <br>ID: MORFOLOGIK_RULE_EN_GB = Possible spelling mistake found.<br>
<br>Potential error: BLOWKISS<br>The letters unscrambled are SPIN, HEADBANG, and BLOWKISS, so perform the Spin, Headbang, and Blow Kiss emotes in that order. <br>ID: MORFOLOGIK_RULE_EN_GB = Possible spelling mistake found.<br>
<br>Potential error: immobilise<br>Jarvis has set up a bear trap to immobilise him for the time bubble, and will make himself bleed to lure out Jonas. <br>ID: OXFORD_SPELLING_Z_NOT_S = Would you like to use the Oxford spelling <suggestion>immobilize</suggestion>? The spelling 'immobilise' is also correct.<br>
<br>Potential error: Helda<br>Throughout Jarvis's house, the piles of books that players search around the sofa have the titles "Bride of Fenkenstrain", "A Nightmare of Elf Feet", and "The Helda Witch Project". <br>ID: MORFOLOGIK_RULE_EN_GB = Possible spelling mistake found.<br>
<br>Potential error: TomH<br>Mod TomH's Twitter account. <br>ID: MORFOLOGIK_RULE_EN_GB = Possible spelling mistake found.<br>
<br>Potential error: TomH<br>Mod TomH: "More the original films. <br>ID: MORFOLOGIK_RULE_EN_GB = Possible spelling mistake found.<br>
https://oldschool.runescape.wiki/w/2017_Halloween_event]]>
  </system-out>
  <testcase classname="SpellCheck.SpellCheckPages" name="spellCheck" time="8.040"/>
  <system-out>
    <![CDATA[https://oldschool.runescape.wiki/w/'Black-eye']]>
  </system-out>
  <testcase classname="SpellCheck.SpellCheckPages" name="spellCheck" time="21.546"/>
  <system-out>
    <![CDATA[https://oldschool.runescape.wiki/w/29_April]]>
  </system-out>
  <testcase classname="SpellCheck.SpellCheckPages" name="spellCheck" time="10.252"/>
  <system-out>
    <![CDATA[https://oldschool.runescape.wiki/w/2_October]]>
  </system-out>
  <testcase classname="SpellCheck.SpellCheckPages" name="spellCheck" time="4.253">
    <error message="stale element reference: element is not attached to the page document
  (Session info: chrome=92.0.4515.159)
For documentation on this error, please visit: https://www.seleniumhq.org/exceptions/stale_element_reference.html
Build info: version: &#039;3.141.59&#039;, revision: &#039;e82be7d358&#039;, time: &#039;2018-11-14T08:17:03&#039;
System info: host: &#039;DESKTOP-HCKLODP&#039;, ip: &#039;192.168.0.109&#039;, os.name: &#039;Windows 10&#039;, os.arch: &#039;amd64&#039;, os.version: &#039;10.0&#039;, java.version: &#039;16.0.2&#039;
Driver info: org.openqa.selenium.chrome.ChromeDriver
Capabilities {acceptInsecureCerts: false, browserName: chrome, browserVersion: 92.0.4515.159, chrome: {chromedriverVersion: 91.0.4472.101 (af52a90bf870..., userDataDir: C:\Users\nheis\AppData\Loca...}, goog:chromeOptions: {debuggerAddress: localhost:58440}, javascriptEnabled: true, networkConnectionEnabled: false, pageLoadStrategy: normal, platform: WINDOWS, platformName: WINDOWS, proxy: Proxy(), setWindowRect: true, strictFileInteractability: false, timeouts: {implicit: 0, pageLoad: 300000, script: 30000}, unhandledPromptBehavior: dismiss and notify, webauthn:extension:largeBlob: true, webauthn:virtualAuthenticators: true}
Session ID: 0af79efb9ca574052bb827422db72649" type="org.openqa.selenium.StaleElementReferenceException">
      <![CDATA[org.openqa.selenium.StaleElementReferenceException: stale element reference: element is not attached to the page document
  (Session info: chrome=92.0.4515.159)
For documentation on this error, please visit: https://www.seleniumhq.org/exceptions/stale_element_reference.html
Build info: version: '3.141.59', revision: 'e82be7d358', time: '2018-11-14T08:17:03'
System info: host: 'DESKTOP-HCKLODP', ip: '192.168.0.109', os.name: 'Windows 10', os.arch: 'amd64', os.version: '10.0', java.version: '16.0.2'
Driver info: org.openqa.selenium.chrome.ChromeDriver
Capabilities {acceptInsecureCerts: false, browserName: chrome, browserVersion: 92.0.4515.159, chrome: {chromedriverVersion: 91.0.4472.101 (af52a90bf870..., userDataDir: C:\Users\nheis\AppData\Loca...}, goog:chromeOptions: {debuggerAddress: localhost:58440}, javascriptEnabled: true, networkConnectionEnabled: false, pageLoadStrategy: normal, platform: WINDOWS, platformName: WINDOWS, proxy: Proxy(), setWindowRect: true, strictFileInteractability: false, timeouts: {implicit: 0, pageLoad: 300000, script: 30000}, unhandledPromptBehavior: dismiss and notify, webauthn:extension:largeBlob: true, webauthn:virtualAuthenticators: true}
Session ID: 0af79efb9ca574052bb827422db72649
at java.base/jdk.internal.reflect.NativeConstructorAccessorImpl.newInstance0(Native Method)
at java.base/jdk.internal.reflect.NativeConstructorAccessorImpl.newInstance(NativeConstructorAccessorImpl.java:78)
at java.base/jdk.internal.reflect.DelegatingConstructorAccessorImpl.newInstance(DelegatingConstructorAccessorImpl.java:45)
at java.base/java.lang.reflect.Constructor.newInstanceWithCaller(Constructor.java:499)
at java.base/java.lang.reflect.Constructor.newInstance(Constructor.java:480)
at org.openqa.selenium.remote.http.W3CHttpResponseCodec.createException(W3CHttpResponseCodec.java:187)
at org.openqa.selenium.remote.http.W3CHttpResponseCodec.decode(W3CHttpResponseCodec.java:122)
at org.openqa.selenium.remote.http.W3CHttpResponseCodec.decode(W3CHttpResponseCodec.java:49)
at org.openqa.selenium.remote.HttpCommandExecutor.execute(HttpCommandExecutor.java:158)
at org.openqa.selenium.remote.service.DriverCommandExecutor.execute(DriverCommandExecutor.java:83)
at org.openqa.selenium.remote.RemoteWebDriver.execute(RemoteWebDriver.java:552)
at org.openqa.selenium.remote.RemoteWebElement.execute(RemoteWebElement.java:285)
at org.openqa.selenium.remote.RemoteWebElement.getText(RemoteWebElement.java:166)
at SpellCheck.BaseTest.getAllLinkWords(BaseTest.java:59)
at SpellCheck.SpellCheckPages.spellCheck(SpellCheckPages.java:133)
at jdk.internal.reflect.GeneratedMethodAccessor3.invoke(Unknown Source)
at java.base/jdk.internal.reflect.DelegatingMethodAccessorImpl.invoke(DelegatingMethodAccessorImpl.java:43)
at java.base/java.lang.reflect.Method.invoke(Method.java:567)
at org.testng.internal.MethodInvocationHelper.invokeMethod(MethodInvocationHelper.java:133)
at org.testng.internal.TestInvoker.invokeMethod(TestInvoker.java:598)
at org.testng.internal.TestInvoker.invokeTestMethod(TestInvoker.java:173)
at org.testng.internal.MethodRunner.runInSequence(MethodRunner.java:46)
at org.testng.internal.TestInvoker$MethodInvocationAgent.invoke(TestInvoker.java:824)
at org.testng.internal.TestInvoker.invokeTestMethods(TestInvoker.java:146)
at org.testng.internal.TestMethodWorker.invokeTestMethods(TestMethodWorker.java:146)
at org.testng.internal.TestMethodWorker.run(TestMethodWorker.java:128)
at java.base/java.util.ArrayList.forEach(ArrayList.java:1511)
at org.testng.TestRunner.privateRun(TestRunner.java:794)
at org.testng.TestRunner.run(TestRunner.java:596)
at org.testng.SuiteRunner.runTest(SuiteRunner.java:377)
at org.testng.SuiteRunner.runSequentially(SuiteRunner.java:371)
at org.testng.SuiteRunner.privateRun(SuiteRunner.java:332)
at org.testng.SuiteRunner.run(SuiteRunner.java:276)
at org.testng.SuiteRunnerWorker.runSuite(SuiteRunnerWorker.java:53)
at org.testng.SuiteRunnerWorker.run(SuiteRunnerWorker.java:96)
at org.testng.TestNG.runSuitesSequentially(TestNG.java:1212)
at org.testng.TestNG.runSuitesLocally(TestNG.java:1134)
at org.testng.TestNG.runSuites(TestNG.java:1063)
at org.testng.TestNG.run(TestNG.java:1031)
at org.testng.remote.AbstractRemoteTestNG.run(AbstractRemoteTestNG.java:115)
at org.testng.remote.RemoteTestNG.initAndRun(RemoteTestNG.java:251)
at org.testng.remote.RemoteTestNG.main(RemoteTestNG.java:77)
]]>
    </error>
  </testcase> <!-- spellCheck -->
  <system-out/>
  <testcase classname="SpellCheck.SpellCheckPages" name="spellCheck" time="5.746"/>
  <system-out>
    <![CDATA[https://oldschool.runescape.wiki/w/11_April]]>
  </system-out>
  <testcase classname="SpellCheck.SpellCheckPages" name="spellCheck" time="5.932"/>
  <system-out>
    <![CDATA[https://oldschool.runescape.wiki/w/2_February]]>
  </system-out>
  <testcase classname="SpellCheck.SpellCheckPages" name="spellCheck" time="7.520"/>
  <system-out>
    <![CDATA[https://oldschool.runescape.wiki/w/20_April]]>
  </system-out>
  <testcase classname="SpellCheck.SpellCheckPages" name="spellCheck" time="7.535"/>
  <system-out>
    <![CDATA[https://oldschool.runescape.wiki/w/2007]]>
  </system-out>
  <testcase classname="SpellCheck.SpellCheckPages" name="spellCheck" time="4.937"/>
  <system-out>
    <![CDATA[https://oldschool.runescape.wiki/w/18_May]]>
  </system-out>
  <testcase classname="SpellCheck.SpellCheckPages" name="spellCheck" time="6.587"/>
  <system-out>
    <![CDATA[https://oldschool.runescape.wiki/w/21_December]]>
  </system-out>
  <testcase classname="SpellCheck.SpellCheckPages" name="spellCheck" time="4.520"/>
  <system-out>
    <![CDATA[https://oldschool.runescape.wiki/w/29_March]]>
  </system-out>
  <testcase classname="SpellCheck.SpellCheckPages" name="spellCheck" time="5.244"/>
  <system-out>
    <![CDATA[https://oldschool.runescape.wiki/w/12_December]]>
  </system-out>
  <testcase classname="SpellCheck.SpellCheckPages" name="spellCheck" time="5.691"/>
  <system-out>
    <![CDATA[https://oldschool.runescape.wiki/w/(i)]]>
  </system-out>
  <testcase classname="SpellCheck.SpellCheckPages" name="spellCheck" time="36.768"/>
  <system-out>
    <![CDATA[https://oldschool.runescape.wiki/w/25_July]]>
  </system-out>
  <testcase classname="SpellCheck.SpellCheckPages" name="spellCheck" time="44.250"/>
  <system-out>
    <![CDATA[https://oldschool.runescape.wiki/w/3rd_age_vambraces]]>
  </system-out>
  <testcase classname="SpellCheck.SpellCheckPages" name="spellCheck" time="5.139"/>
  <system-out>
    <![CDATA[https://oldschool.runescape.wiki/w/(full)]]>
  </system-out>
  <testcase classname="SpellCheck.SpellCheckPages" name="spellCheck" time="10.599"/>
  <system-out>
    <![CDATA[https://oldschool.runescape.wiki/w/2020_Halloween_event]]>
  </system-out>
  <testcase classname="SpellCheck.SpellCheckPages" name="spellCheck" time="7.773">
    <error message="stale element reference: element is not attached to the page document
  (Session info: chrome=92.0.4515.159)
For documentation on this error, please visit: https://www.seleniumhq.org/exceptions/stale_element_reference.html
Build info: version: &#039;3.141.59&#039;, revision: &#039;e82be7d358&#039;, time: &#039;2018-11-14T08:17:03&#039;
System info: host: &#039;DESKTOP-HCKLODP&#039;, ip: &#039;192.168.0.109&#039;, os.name: &#039;Windows 10&#039;, os.arch: &#039;amd64&#039;, os.version: &#039;10.0&#039;, java.version: &#039;16.0.2&#039;
Driver info: org.openqa.selenium.chrome.ChromeDriver
Capabilities {acceptInsecureCerts: false, browserName: chrome, browserVersion: 92.0.4515.159, chrome: {chromedriverVersion: 91.0.4472.101 (af52a90bf870..., userDataDir: C:\Users\nheis\AppData\Loca...}, goog:chromeOptions: {debuggerAddress: localhost:58440}, javascriptEnabled: true, networkConnectionEnabled: false, pageLoadStrategy: normal, platform: WINDOWS, platformName: WINDOWS, proxy: Proxy(), setWindowRect: true, strictFileInteractability: false, timeouts: {implicit: 0, pageLoad: 300000, script: 30000}, unhandledPromptBehavior: dismiss and notify, webauthn:extension:largeBlob: true, webauthn:virtualAuthenticators: true}
Session ID: 0af79efb9ca574052bb827422db72649" type="org.openqa.selenium.StaleElementReferenceException">
      <![CDATA[org.openqa.selenium.StaleElementReferenceException: stale element reference: element is not attached to the page document
  (Session info: chrome=92.0.4515.159)
For documentation on this error, please visit: https://www.seleniumhq.org/exceptions/stale_element_reference.html
Build info: version: '3.141.59', revision: 'e82be7d358', time: '2018-11-14T08:17:03'
System info: host: 'DESKTOP-HCKLODP', ip: '192.168.0.109', os.name: 'Windows 10', os.arch: 'amd64', os.version: '10.0', java.version: '16.0.2'
Driver info: org.openqa.selenium.chrome.ChromeDriver
Capabilities {acceptInsecureCerts: false, browserName: chrome, browserVersion: 92.0.4515.159, chrome: {chromedriverVersion: 91.0.4472.101 (af52a90bf870..., userDataDir: C:\Users\nheis\AppData\Loca...}, goog:chromeOptions: {debuggerAddress: localhost:58440}, javascriptEnabled: true, networkConnectionEnabled: false, pageLoadStrategy: normal, platform: WINDOWS, platformName: WINDOWS, proxy: Proxy(), setWindowRect: true, strictFileInteractability: false, timeouts: {implicit: 0, pageLoad: 300000, script: 30000}, unhandledPromptBehavior: dismiss and notify, webauthn:extension:largeBlob: true, webauthn:virtualAuthenticators: true}
Session ID: 0af79efb9ca574052bb827422db72649
at java.base/jdk.internal.reflect.NativeConstructorAccessorImpl.newInstance0(Native Method)
at java.base/jdk.internal.reflect.NativeConstructorAccessorImpl.newInstance(NativeConstructorAccessorImpl.java:78)
at java.base/jdk.internal.reflect.DelegatingConstructorAccessorImpl.newInstance(DelegatingConstructorAccessorImpl.java:45)
at java.base/java.lang.reflect.Constructor.newInstanceWithCaller(Constructor.java:499)
at java.base/java.lang.reflect.Constructor.newInstance(Constructor.java:480)
at org.openqa.selenium.remote.http.W3CHttpResponseCodec.createException(W3CHttpResponseCodec.java:187)
at org.openqa.selenium.remote.http.W3CHttpResponseCodec.decode(W3CHttpResponseCodec.java:122)
at org.openqa.selenium.remote.http.W3CHttpResponseCodec.decode(W3CHttpResponseCodec.java:49)
at org.openqa.selenium.remote.HttpCommandExecutor.execute(HttpCommandExecutor.java:158)
at org.openqa.selenium.remote.service.DriverCommandExecutor.execute(DriverCommandExecutor.java:83)
at org.openqa.selenium.remote.RemoteWebDriver.execute(RemoteWebDriver.java:552)
at org.openqa.selenium.remote.RemoteWebElement.execute(RemoteWebElement.java:285)
at org.openqa.selenium.remote.RemoteWebElement.getText(RemoteWebElement.java:166)
at SpellCheck.BaseTest.getAllLinkWords(BaseTest.java:59)
at SpellCheck.SpellCheckPages.spellCheck(SpellCheckPages.java:133)
at jdk.internal.reflect.GeneratedMethodAccessor3.invoke(Unknown Source)
at java.base/jdk.internal.reflect.DelegatingMethodAccessorImpl.invoke(DelegatingMethodAccessorImpl.java:43)
at java.base/java.lang.reflect.Method.invoke(Method.java:567)
at org.testng.internal.MethodInvocationHelper.invokeMethod(MethodInvocationHelper.java:133)
at org.testng.internal.TestInvoker.invokeMethod(TestInvoker.java:598)
at org.testng.internal.TestInvoker.invokeTestMethod(TestInvoker.java:173)
at org.testng.internal.MethodRunner.runInSequence(MethodRunner.java:46)
at org.testng.internal.TestInvoker$MethodInvocationAgent.invoke(TestInvoker.java:824)
at org.testng.internal.TestInvoker.invokeTestMethods(TestInvoker.java:146)
at org.testng.internal.TestMethodWorker.invokeTestMethods(TestMethodWorker.java:146)
at org.testng.internal.TestMethodWorker.run(TestMethodWorker.java:128)
at java.base/java.util.ArrayList.forEach(ArrayList.java:1511)
at org.testng.TestRunner.privateRun(TestRunner.java:794)
at org.testng.TestRunner.run(TestRunner.java:596)
at org.testng.SuiteRunner.runTest(SuiteRunner.java:377)
at org.testng.SuiteRunner.runSequentially(SuiteRunner.java:371)
at org.testng.SuiteRunner.privateRun(SuiteRunner.java:332)
at org.testng.SuiteRunner.run(SuiteRunner.java:276)
at org.testng.SuiteRunnerWorker.runSuite(SuiteRunnerWorker.java:53)
at org.testng.SuiteRunnerWorker.run(SuiteRunnerWorker.java:96)
at org.testng.TestNG.runSuitesSequentially(TestNG.java:1212)
at org.testng.TestNG.runSuitesLocally(TestNG.java:1134)
at org.testng.TestNG.runSuites(TestNG.java:1063)
at org.testng.TestNG.run(TestNG.java:1031)
at org.testng.remote.AbstractRemoteTestNG.run(AbstractRemoteTestNG.java:115)
at org.testng.remote.RemoteTestNG.initAndRun(RemoteTestNG.java:251)
at org.testng.remote.RemoteTestNG.main(RemoteTestNG.java:77)
]]>
    </error>
  </testcase> <!-- spellCheck -->
  <system-out/>
  <testcase classname="SpellCheck.SpellCheckPages" name="spellCheck" time="5.769"/>
  <system-out>
    <![CDATA[https://oldschool.runescape.wiki/w/21_August]]>
  </system-out>
  <testcase classname="SpellCheck.SpellCheckPages" name="spellCheck" time="12.026"/>
  <system-out>
    <![CDATA[https://oldschool.runescape.wiki/w/1/5ths_full_bucket]]>
  </system-out>
  <testcase classname="SpellCheck.SpellCheckPages" name="spellCheck" time="6.405"/>
  <system-out>
    <![CDATA[https://oldschool.runescape.wiki/w/3_September]]>
  </system-out>
  <testcase classname="SpellCheck.SpellCheckPages" name="spellCheck" time="7.235"/>
  <system-out>
    <![CDATA[https://oldschool.runescape.wiki/w/20th_anniversary_boots]]>
  </system-out>
  <testcase classname="SpellCheck.SpellCheckPages" name="spellCheck" time="2.766">
    <error message="stale element reference: element is not attached to the page document
  (Session info: chrome=92.0.4515.159)
For documentation on this error, please visit: https://www.seleniumhq.org/exceptions/stale_element_reference.html
Build info: version: &#039;3.141.59&#039;, revision: &#039;e82be7d358&#039;, time: &#039;2018-11-14T08:17:03&#039;
System info: host: &#039;DESKTOP-HCKLODP&#039;, ip: &#039;192.168.0.109&#039;, os.name: &#039;Windows 10&#039;, os.arch: &#039;amd64&#039;, os.version: &#039;10.0&#039;, java.version: &#039;16.0.2&#039;
Driver info: org.openqa.selenium.chrome.ChromeDriver
Capabilities {acceptInsecureCerts: false, browserName: chrome, browserVersion: 92.0.4515.159, chrome: {chromedriverVersion: 91.0.4472.101 (af52a90bf870..., userDataDir: C:\Users\nheis\AppData\Loca...}, goog:chromeOptions: {debuggerAddress: localhost:58440}, javascriptEnabled: true, networkConnectionEnabled: false, pageLoadStrategy: normal, platform: WINDOWS, platformName: WINDOWS, proxy: Proxy(), setWindowRect: true, strictFileInteractability: false, timeouts: {implicit: 0, pageLoad: 300000, script: 30000}, unhandledPromptBehavior: dismiss and notify, webauthn:extension:largeBlob: true, webauthn:virtualAuthenticators: true}
Session ID: 0af79efb9ca574052bb827422db72649" type="org.openqa.selenium.StaleElementReferenceException">
      <![CDATA[org.openqa.selenium.StaleElementReferenceException: stale element reference: element is not attached to the page document
  (Session info: chrome=92.0.4515.159)
For documentation on this error, please visit: https://www.seleniumhq.org/exceptions/stale_element_reference.html
Build info: version: '3.141.59', revision: 'e82be7d358', time: '2018-11-14T08:17:03'
System info: host: 'DESKTOP-HCKLODP', ip: '192.168.0.109', os.name: 'Windows 10', os.arch: 'amd64', os.version: '10.0', java.version: '16.0.2'
Driver info: org.openqa.selenium.chrome.ChromeDriver
Capabilities {acceptInsecureCerts: false, browserName: chrome, browserVersion: 92.0.4515.159, chrome: {chromedriverVersion: 91.0.4472.101 (af52a90bf870..., userDataDir: C:\Users\nheis\AppData\Loca...}, goog:chromeOptions: {debuggerAddress: localhost:58440}, javascriptEnabled: true, networkConnectionEnabled: false, pageLoadStrategy: normal, platform: WINDOWS, platformName: WINDOWS, proxy: Proxy(), setWindowRect: true, strictFileInteractability: false, timeouts: {implicit: 0, pageLoad: 300000, script: 30000}, unhandledPromptBehavior: dismiss and notify, webauthn:extension:largeBlob: true, webauthn:virtualAuthenticators: true}
Session ID: 0af79efb9ca574052bb827422db72649
at java.base/jdk.internal.reflect.NativeConstructorAccessorImpl.newInstance0(Native Method)
at java.base/jdk.internal.reflect.NativeConstructorAccessorImpl.newInstance(NativeConstructorAccessorImpl.java:78)
at java.base/jdk.internal.reflect.DelegatingConstructorAccessorImpl.newInstance(DelegatingConstructorAccessorImpl.java:45)
at java.base/java.lang.reflect.Constructor.newInstanceWithCaller(Constructor.java:499)
at java.base/java.lang.reflect.Constructor.newInstance(Constructor.java:480)
at org.openqa.selenium.remote.http.W3CHttpResponseCodec.createException(W3CHttpResponseCodec.java:187)
at org.openqa.selenium.remote.http.W3CHttpResponseCodec.decode(W3CHttpResponseCodec.java:122)
at org.openqa.selenium.remote.http.W3CHttpResponseCodec.decode(W3CHttpResponseCodec.java:49)
at org.openqa.selenium.remote.HttpCommandExecutor.execute(HttpCommandExecutor.java:158)
at org.openqa.selenium.remote.service.DriverCommandExecutor.execute(DriverCommandExecutor.java:83)
at org.openqa.selenium.remote.RemoteWebDriver.execute(RemoteWebDriver.java:552)
at org.openqa.selenium.remote.RemoteWebElement.execute(RemoteWebElement.java:285)
at org.openqa.selenium.remote.RemoteWebElement.getText(RemoteWebElement.java:166)
at SpellCheck.BaseTest.getAllLinkWords(BaseTest.java:59)
at SpellCheck.SpellCheckPages.spellCheck(SpellCheckPages.java:133)
at jdk.internal.reflect.GeneratedMethodAccessor3.invoke(Unknown Source)
at java.base/jdk.internal.reflect.DelegatingMethodAccessorImpl.invoke(DelegatingMethodAccessorImpl.java:43)
at java.base/java.lang.reflect.Method.invoke(Method.java:567)
at org.testng.internal.MethodInvocationHelper.invokeMethod(MethodInvocationHelper.java:133)
at org.testng.internal.TestInvoker.invokeMethod(TestInvoker.java:598)
at org.testng.internal.TestInvoker.invokeTestMethod(TestInvoker.java:173)
at org.testng.internal.MethodRunner.runInSequence(MethodRunner.java:46)
at org.testng.internal.TestInvoker$MethodInvocationAgent.invoke(TestInvoker.java:824)
at org.testng.internal.TestInvoker.invokeTestMethods(TestInvoker.java:146)
at org.testng.internal.TestMethodWorker.invokeTestMethods(TestMethodWorker.java:146)
at org.testng.internal.TestMethodWorker.run(TestMethodWorker.java:128)
at java.base/java.util.ArrayList.forEach(ArrayList.java:1511)
at org.testng.TestRunner.privateRun(TestRunner.java:794)
at org.testng.TestRunner.run(TestRunner.java:596)
at org.testng.SuiteRunner.runTest(SuiteRunner.java:377)
at org.testng.SuiteRunner.runSequentially(SuiteRunner.java:371)
at org.testng.SuiteRunner.privateRun(SuiteRunner.java:332)
at org.testng.SuiteRunner.run(SuiteRunner.java:276)
at org.testng.SuiteRunnerWorker.runSuite(SuiteRunnerWorker.java:53)
at org.testng.SuiteRunnerWorker.run(SuiteRunnerWorker.java:96)
at org.testng.TestNG.runSuitesSequentially(TestNG.java:1212)
at org.testng.TestNG.runSuitesLocally(TestNG.java:1134)
at org.testng.TestNG.runSuites(TestNG.java:1063)
at org.testng.TestNG.run(TestNG.java:1031)
at org.testng.remote.AbstractRemoteTestNG.run(AbstractRemoteTestNG.java:115)
at org.testng.remote.RemoteTestNG.initAndRun(RemoteTestNG.java:251)
at org.testng.remote.RemoteTestNG.main(RemoteTestNG.java:77)
]]>
    </error>
  </testcase> <!-- spellCheck -->
  <system-out/>
  <testcase classname="SpellCheck.SpellCheckPages" name="spellCheck" time="5.789"/>
  <system-out>
    <![CDATA[https://oldschool.runescape.wiki/w/27_October]]>
  </system-out>
  <testcase classname="SpellCheck.SpellCheckPages" name="spellCheck" time="6.255"/>
  <system-out>
    <![CDATA[https://oldschool.runescape.wiki/w/19_August]]>
  </system-out>
  <testcase classname="SpellCheck.SpellCheckPages" name="spellCheck" time="18.636">
    <error message="expected:&lt;0&gt; but was:&lt;2&gt;" type="junit.framework.AssertionFailedError">
      <![CDATA[junit.framework.AssertionFailedError: expected:<0> but was:<2>
at junit.framework.Assert.fail(Assert.java:47)
at junit.framework.Assert.failNotEquals(Assert.java:282)
at junit.framework.Assert.assertEquals(Assert.java:64)
at junit.framework.Assert.assertEquals(Assert.java:201)
at junit.framework.Assert.assertEquals(Assert.java:207)
at SpellCheck.SpellCheckPages.spellCheck(SpellCheckPages.java:140)
at jdk.internal.reflect.GeneratedMethodAccessor3.invoke(Unknown Source)
at java.base/jdk.internal.reflect.DelegatingMethodAccessorImpl.invoke(DelegatingMethodAccessorImpl.java:43)
at java.base/java.lang.reflect.Method.invoke(Method.java:567)
at org.testng.internal.MethodInvocationHelper.invokeMethod(MethodInvocationHelper.java:133)
at org.testng.internal.TestInvoker.invokeMethod(TestInvoker.java:598)
at org.testng.internal.TestInvoker.invokeTestMethod(TestInvoker.java:173)
at org.testng.internal.MethodRunner.runInSequence(MethodRunner.java:46)
at org.testng.internal.TestInvoker$MethodInvocationAgent.invoke(TestInvoker.java:824)
at org.testng.internal.TestInvoker.invokeTestMethods(TestInvoker.java:146)
at org.testng.internal.TestMethodWorker.invokeTestMethods(TestMethodWorker.java:146)
at org.testng.internal.TestMethodWorker.run(TestMethodWorker.java:128)
at java.base/java.util.ArrayList.forEach(ArrayList.java:1511)
at org.testng.TestRunner.privateRun(TestRunner.java:794)
at org.testng.TestRunner.run(TestRunner.java:596)
at org.testng.SuiteRunner.runTest(SuiteRunner.java:377)
at org.testng.SuiteRunner.runSequentially(SuiteRunner.java:371)
at org.testng.SuiteRunner.privateRun(SuiteRunner.java:332)
at org.testng.SuiteRunner.run(SuiteRunner.java:276)
at org.testng.SuiteRunnerWorker.runSuite(SuiteRunnerWorker.java:53)
at org.testng.SuiteRunnerWorker.run(SuiteRunnerWorker.java:96)
at org.testng.TestNG.runSuitesSequentially(TestNG.java:1212)
at org.testng.TestNG.runSuitesLocally(TestNG.java:1134)
at org.testng.TestNG.runSuites(TestNG.java:1063)
at org.testng.TestNG.run(TestNG.java:1031)
at org.testng.remote.AbstractRemoteTestNG.run(AbstractRemoteTestNG.java:115)
at org.testng.remote.RemoteTestNG.initAndRun(RemoteTestNG.java:251)
at org.testng.remote.RemoteTestNG.main(RemoteTestNG.java:77)
]]>
    </error>
  </testcase> <!-- spellCheck -->
  <system-out>
    <![CDATA[<br>Potential error: becometh<br>Tree 40 Woodcutting axe It is the least of seeds, but now it is grown and becometh a tree.
<br>ID: MORFOLOGIK_RULE_EN_GB = Possible spelling mistake found.<br>
<br>Potential error: EasyScape<br>It announced that the new skill would not be as fast to level as other skills due to the growing usage of the term "EasyScape." <br>ID: MORFOLOGIK_RULE_EN_GB = Possible spelling mistake found.<br>
https://oldschool.runescape.wiki/w/2016_April_Fools]]>
  </system-out>
  <testcase classname="SpellCheck.SpellCheckPages" name="spellCheck" time="5.207"/>
  <system-out>
    <![CDATA[https://oldschool.runescape.wiki/w/15_October]]>
  </system-out>
  <testcase classname="SpellCheck.SpellCheckPages" name="spellCheck" time="16.543"/>
  <system-out>
    <![CDATA[https://oldschool.runescape.wiki/w/%2724-carat%27_sword]]>
  </system-out>
  <testcase classname="SpellCheck.SpellCheckPages" name="spellCheck" time="2.112">
    <error message="stale element reference: element is not attached to the page document
  (Session info: chrome=92.0.4515.159)
For documentation on this error, please visit: https://www.seleniumhq.org/exceptions/stale_element_reference.html
Build info: version: &#039;3.141.59&#039;, revision: &#039;e82be7d358&#039;, time: &#039;2018-11-14T08:17:03&#039;
System info: host: &#039;DESKTOP-HCKLODP&#039;, ip: &#039;192.168.0.109&#039;, os.name: &#039;Windows 10&#039;, os.arch: &#039;amd64&#039;, os.version: &#039;10.0&#039;, java.version: &#039;16.0.2&#039;
Driver info: org.openqa.selenium.chrome.ChromeDriver
Capabilities {acceptInsecureCerts: false, browserName: chrome, browserVersion: 92.0.4515.159, chrome: {chromedriverVersion: 91.0.4472.101 (af52a90bf870..., userDataDir: C:\Users\nheis\AppData\Loca...}, goog:chromeOptions: {debuggerAddress: localhost:58440}, javascriptEnabled: true, networkConnectionEnabled: false, pageLoadStrategy: normal, platform: WINDOWS, platformName: WINDOWS, proxy: Proxy(), setWindowRect: true, strictFileInteractability: false, timeouts: {implicit: 0, pageLoad: 300000, script: 30000}, unhandledPromptBehavior: dismiss and notify, webauthn:extension:largeBlob: true, webauthn:virtualAuthenticators: true}
Session ID: 0af79efb9ca574052bb827422db72649" type="org.openqa.selenium.StaleElementReferenceException">
      <![CDATA[org.openqa.selenium.StaleElementReferenceException: stale element reference: element is not attached to the page document
  (Session info: chrome=92.0.4515.159)
For documentation on this error, please visit: https://www.seleniumhq.org/exceptions/stale_element_reference.html
Build info: version: '3.141.59', revision: 'e82be7d358', time: '2018-11-14T08:17:03'
System info: host: 'DESKTOP-HCKLODP', ip: '192.168.0.109', os.name: 'Windows 10', os.arch: 'amd64', os.version: '10.0', java.version: '16.0.2'
Driver info: org.openqa.selenium.chrome.ChromeDriver
Capabilities {acceptInsecureCerts: false, browserName: chrome, browserVersion: 92.0.4515.159, chrome: {chromedriverVersion: 91.0.4472.101 (af52a90bf870..., userDataDir: C:\Users\nheis\AppData\Loca...}, goog:chromeOptions: {debuggerAddress: localhost:58440}, javascriptEnabled: true, networkConnectionEnabled: false, pageLoadStrategy: normal, platform: WINDOWS, platformName: WINDOWS, proxy: Proxy(), setWindowRect: true, strictFileInteractability: false, timeouts: {implicit: 0, pageLoad: 300000, script: 30000}, unhandledPromptBehavior: dismiss and notify, webauthn:extension:largeBlob: true, webauthn:virtualAuthenticators: true}
Session ID: 0af79efb9ca574052bb827422db72649
at java.base/jdk.internal.reflect.NativeConstructorAccessorImpl.newInstance0(Native Method)
at java.base/jdk.internal.reflect.NativeConstructorAccessorImpl.newInstance(NativeConstructorAccessorImpl.java:78)
at java.base/jdk.internal.reflect.DelegatingConstructorAccessorImpl.newInstance(DelegatingConstructorAccessorImpl.java:45)
at java.base/java.lang.reflect.Constructor.newInstanceWithCaller(Constructor.java:499)
at java.base/java.lang.reflect.Constructor.newInstance(Constructor.java:480)
at org.openqa.selenium.remote.http.W3CHttpResponseCodec.createException(W3CHttpResponseCodec.java:187)
at org.openqa.selenium.remote.http.W3CHttpResponseCodec.decode(W3CHttpResponseCodec.java:122)
at org.openqa.selenium.remote.http.W3CHttpResponseCodec.decode(W3CHttpResponseCodec.java:49)
at org.openqa.selenium.remote.HttpCommandExecutor.execute(HttpCommandExecutor.java:158)
at org.openqa.selenium.remote.service.DriverCommandExecutor.execute(DriverCommandExecutor.java:83)
at org.openqa.selenium.remote.RemoteWebDriver.execute(RemoteWebDriver.java:552)
at org.openqa.selenium.remote.RemoteWebElement.execute(RemoteWebElement.java:285)
at org.openqa.selenium.remote.RemoteWebElement.getText(RemoteWebElement.java:166)
at SpellCheck.BaseTest.getAllLinkWords(BaseTest.java:59)
at SpellCheck.SpellCheckPages.spellCheck(SpellCheckPages.java:133)
at jdk.internal.reflect.GeneratedMethodAccessor3.invoke(Unknown Source)
at java.base/jdk.internal.reflect.DelegatingMethodAccessorImpl.invoke(DelegatingMethodAccessorImpl.java:43)
at java.base/java.lang.reflect.Method.invoke(Method.java:567)
at org.testng.internal.MethodInvocationHelper.invokeMethod(MethodInvocationHelper.java:133)
at org.testng.internal.TestInvoker.invokeMethod(TestInvoker.java:598)
at org.testng.internal.TestInvoker.invokeTestMethod(TestInvoker.java:173)
at org.testng.internal.MethodRunner.runInSequence(MethodRunner.java:46)
at org.testng.internal.TestInvoker$MethodInvocationAgent.invoke(TestInvoker.java:824)
at org.testng.internal.TestInvoker.invokeTestMethods(TestInvoker.java:146)
at org.testng.internal.TestMethodWorker.invokeTestMethods(TestMethodWorker.java:146)
at org.testng.internal.TestMethodWorker.run(TestMethodWorker.java:128)
at java.base/java.util.ArrayList.forEach(ArrayList.java:1511)
at org.testng.TestRunner.privateRun(TestRunner.java:794)
at org.testng.TestRunner.run(TestRunner.java:596)
at org.testng.SuiteRunner.runTest(SuiteRunner.java:377)
at org.testng.SuiteRunner.runSequentially(SuiteRunner.java:371)
at org.testng.SuiteRunner.privateRun(SuiteRunner.java:332)
at org.testng.SuiteRunner.run(SuiteRunner.java:276)
at org.testng.SuiteRunnerWorker.runSuite(SuiteRunnerWorker.java:53)
at org.testng.SuiteRunnerWorker.run(SuiteRunnerWorker.java:96)
at org.testng.TestNG.runSuitesSequentially(TestNG.java:1212)
at org.testng.TestNG.runSuitesLocally(TestNG.java:1134)
at org.testng.TestNG.runSuites(TestNG.java:1063)
at org.testng.TestNG.run(TestNG.java:1031)
at org.testng.remote.AbstractRemoteTestNG.run(AbstractRemoteTestNG.java:115)
at org.testng.remote.RemoteTestNG.initAndRun(RemoteTestNG.java:251)
at org.testng.remote.RemoteTestNG.main(RemoteTestNG.java:77)
]]>
    </error>
  </testcase> <!-- spellCheck -->
  <system-out/>
  <testcase classname="SpellCheck.SpellCheckPages" name="spellCheck" time="6.286"/>
  <system-out>
    <![CDATA[https://oldschool.runescape.wiki/w/12_February]]>
  </system-out>
  <testcase classname="SpellCheck.SpellCheckPages" name="spellCheck" time="14.133">
    <error message="expected:&lt;0&gt; but was:&lt;1&gt;" type="junit.framework.AssertionFailedError">
      <![CDATA[junit.framework.AssertionFailedError: expected:<0> but was:<1>
at junit.framework.Assert.fail(Assert.java:47)
at junit.framework.Assert.failNotEquals(Assert.java:282)
at junit.framework.Assert.assertEquals(Assert.java:64)
at junit.framework.Assert.assertEquals(Assert.java:201)
at junit.framework.Assert.assertEquals(Assert.java:207)
at SpellCheck.SpellCheckPages.spellCheck(SpellCheckPages.java:140)
at jdk.internal.reflect.GeneratedMethodAccessor3.invoke(Unknown Source)
at java.base/jdk.internal.reflect.DelegatingMethodAccessorImpl.invoke(DelegatingMethodAccessorImpl.java:43)
at java.base/java.lang.reflect.Method.invoke(Method.java:567)
at org.testng.internal.MethodInvocationHelper.invokeMethod(MethodInvocationHelper.java:133)
at org.testng.internal.TestInvoker.invokeMethod(TestInvoker.java:598)
at org.testng.internal.TestInvoker.invokeTestMethod(TestInvoker.java:173)
at org.testng.internal.MethodRunner.runInSequence(MethodRunner.java:46)
at org.testng.internal.TestInvoker$MethodInvocationAgent.invoke(TestInvoker.java:824)
at org.testng.internal.TestInvoker.invokeTestMethods(TestInvoker.java:146)
at org.testng.internal.TestMethodWorker.invokeTestMethods(TestMethodWorker.java:146)
at org.testng.internal.TestMethodWorker.run(TestMethodWorker.java:128)
at java.base/java.util.ArrayList.forEach(ArrayList.java:1511)
at org.testng.TestRunner.privateRun(TestRunner.java:794)
at org.testng.TestRunner.run(TestRunner.java:596)
at org.testng.SuiteRunner.runTest(SuiteRunner.java:377)
at org.testng.SuiteRunner.runSequentially(SuiteRunner.java:371)
at org.testng.SuiteRunner.privateRun(SuiteRunner.java:332)
at org.testng.SuiteRunner.run(SuiteRunner.java:276)
at org.testng.SuiteRunnerWorker.runSuite(SuiteRunnerWorker.java:53)
at org.testng.SuiteRunnerWorker.run(SuiteRunnerWorker.java:96)
at org.testng.TestNG.runSuitesSequentially(TestNG.java:1212)
at org.testng.TestNG.runSuitesLocally(TestNG.java:1134)
at org.testng.TestNG.runSuites(TestNG.java:1063)
at org.testng.TestNG.run(TestNG.java:1031)
at org.testng.remote.AbstractRemoteTestNG.run(AbstractRemoteTestNG.java:115)
at org.testng.remote.RemoteTestNG.initAndRun(RemoteTestNG.java:251)
at org.testng.remote.RemoteTestNG.main(RemoteTestNG.java:77)
]]>
    </error>
  </testcase> <!-- spellCheck -->
  <system-out>
    <![CDATA[<br>Potential error: sdzeor<br>To open the compartment, click the following in order (sdzeor): Sapphire - Diamond - Zenyte - Emerald - Onyx - Ruby. <br>ID: MORFOLOGIK_RULE_EN_GB = Possible spelling mistake found.<br>
https://oldschool.runescape.wiki/w/2016_Halloween_event]]>
  </system-out>
  <testcase classname="SpellCheck.SpellCheckPages" name="spellCheck" time="5.533"/>
  <system-out>
    <![CDATA[https://oldschool.runescape.wiki/w/4_April]]>
  </system-out>
  <testcase classname="SpellCheck.SpellCheckPages" name="spellCheck" time="6.271"/>
  <system-out>
    <![CDATA[https://oldschool.runescape.wiki/w/(medium)]]>
  </system-out>
  <testcase classname="SpellCheck.SpellCheckPages" name="spellCheck" time="5.727"/>
  <system-out>
    <![CDATA[https://oldschool.runescape.wiki/w/3_April]]>
  </system-out>
  <testcase classname="SpellCheck.SpellCheckPages" name="spellCheck" time="5.302"/>
  <system-out>
    <![CDATA[https://oldschool.runescape.wiki/w/24_March]]>
  </system-out>
  <testcase classname="SpellCheck.SpellCheckPages" name="spellCheck" time="4.731"/>
  <system-out>
    <![CDATA[https://oldschool.runescape.wiki/w/14_March]]>
  </system-out>
  <testcase classname="SpellCheck.SpellCheckPages" name="spellCheck" time="5.404"/>
  <system-out>
    <![CDATA[https://oldschool.runescape.wiki/w/16_August]]>
  </system-out>
  <testcase classname="SpellCheck.SpellCheckPages" name="spellCheck" time="5.656"/>
  <system-out>
    <![CDATA[https://oldschool.runescape.wiki/w/12_August]]>
  </system-out>
  <testcase classname="SpellCheck.SpellCheckPages" name="spellCheck" time="4.216"/>
  <system-out>
    <![CDATA[https://oldschool.runescape.wiki/w/15_June]]>
  </system-out>
  <testcase classname="SpellCheck.SpellCheckPages" name="spellCheck" time="5.453"/>
  <system-out>
    <![CDATA[https://oldschool.runescape.wiki/w/11_October]]>
  </system-out>
  <testcase classname="SpellCheck.SpellCheckPages" name="spellCheck" time="13.712">
    <error message="expected:&lt;0&gt; but was:&lt;2&gt;" type="junit.framework.AssertionFailedError">
      <![CDATA[junit.framework.AssertionFailedError: expected:<0> but was:<2>
at junit.framework.Assert.fail(Assert.java:47)
at junit.framework.Assert.failNotEquals(Assert.java:282)
at junit.framework.Assert.assertEquals(Assert.java:64)
at junit.framework.Assert.assertEquals(Assert.java:201)
at junit.framework.Assert.assertEquals(Assert.java:207)
at SpellCheck.SpellCheckPages.spellCheck(SpellCheckPages.java:140)
at jdk.internal.reflect.GeneratedMethodAccessor3.invoke(Unknown Source)
at java.base/jdk.internal.reflect.DelegatingMethodAccessorImpl.invoke(DelegatingMethodAccessorImpl.java:43)
at java.base/java.lang.reflect.Method.invoke(Method.java:567)
at org.testng.internal.MethodInvocationHelper.invokeMethod(MethodInvocationHelper.java:133)
at org.testng.internal.TestInvoker.invokeMethod(TestInvoker.java:598)
at org.testng.internal.TestInvoker.invokeTestMethod(TestInvoker.java:173)
at org.testng.internal.MethodRunner.runInSequence(MethodRunner.java:46)
at org.testng.internal.TestInvoker$MethodInvocationAgent.invoke(TestInvoker.java:824)
at org.testng.internal.TestInvoker.invokeTestMethods(TestInvoker.java:146)
at org.testng.internal.TestMethodWorker.invokeTestMethods(TestMethodWorker.java:146)
at org.testng.internal.TestMethodWorker.run(TestMethodWorker.java:128)
at java.base/java.util.ArrayList.forEach(ArrayList.java:1511)
at org.testng.TestRunner.privateRun(TestRunner.java:794)
at org.testng.TestRunner.run(TestRunner.java:596)
at org.testng.SuiteRunner.runTest(SuiteRunner.java:377)
at org.testng.SuiteRunner.runSequentially(SuiteRunner.java:371)
at org.testng.SuiteRunner.privateRun(SuiteRunner.java:332)
at org.testng.SuiteRunner.run(SuiteRunner.java:276)
at org.testng.SuiteRunnerWorker.runSuite(SuiteRunnerWorker.java:53)
at org.testng.SuiteRunnerWorker.run(SuiteRunnerWorker.java:96)
at org.testng.TestNG.runSuitesSequentially(TestNG.java:1212)
at org.testng.TestNG.runSuitesLocally(TestNG.java:1134)
at org.testng.TestNG.runSuites(TestNG.java:1063)
at org.testng.TestNG.run(TestNG.java:1031)
at org.testng.remote.AbstractRemoteTestNG.run(AbstractRemoteTestNG.java:115)
at org.testng.remote.RemoteTestNG.initAndRun(RemoteTestNG.java:251)
at org.testng.remote.RemoteTestNG.main(RemoteTestNG.java:77)
]]>
    </error>
  </testcase> <!-- spellCheck -->
  <system-out>
    <![CDATA[<br>Potential error: leads<br>Entering the trapdoor in the floor will leads down to Diango's workshop. <br>ID: MD_BASEFORM = The modal verb 'will' requires the verb's base form.<br>
<br>Potential error: Snowpiles<br>An engraving on the trunk reads 'Ug loves Aga'." Snowpiles around the tree could be gathered from to create Snowballs.
<br>ID: MORFOLOGIK_RULE_EN_GB = Possible spelling mistake found.<br>
https://oldschool.runescape.wiki/w/2014_Christmas_event]]>
  </system-out>
  <testcase classname="SpellCheck.SpellCheckPages" name="spellCheck" time="6.077"/>
  <system-out>
    <![CDATA[https://oldschool.runescape.wiki/w/13_December]]>
  </system-out>
  <testcase classname="SpellCheck.SpellCheckPages" name="spellCheck" time="10.209"/>
  <system-out>
    <![CDATA[https://oldschool.runescape.wiki/w/%27perfect%27_necklace]]>
  </system-out>
  <testcase classname="SpellCheck.SpellCheckPages" name="spellCheck" time="5.223"/>
  <system-out>
    <![CDATA[https://oldschool.runescape.wiki/w/14_November]]>
  </system-out>
  <testcase classname="SpellCheck.SpellCheckPages" name="spellCheck" time="56.912">
    <error message="expected:&lt;0&gt; but was:&lt;1&gt;" type="junit.framework.AssertionFailedError">
      <![CDATA[junit.framework.AssertionFailedError: expected:<0> but was:<1>
at junit.framework.Assert.fail(Assert.java:47)
at junit.framework.Assert.failNotEquals(Assert.java:282)
at junit.framework.Assert.assertEquals(Assert.java:64)
at junit.framework.Assert.assertEquals(Assert.java:201)
at junit.framework.Assert.assertEquals(Assert.java:207)
at SpellCheck.SpellCheckPages.spellCheck(SpellCheckPages.java:140)
at jdk.internal.reflect.GeneratedMethodAccessor3.invoke(Unknown Source)
at java.base/jdk.internal.reflect.DelegatingMethodAccessorImpl.invoke(DelegatingMethodAccessorImpl.java:43)
at java.base/java.lang.reflect.Method.invoke(Method.java:567)
at org.testng.internal.MethodInvocationHelper.invokeMethod(MethodInvocationHelper.java:133)
at org.testng.internal.TestInvoker.invokeMethod(TestInvoker.java:598)
at org.testng.internal.TestInvoker.invokeTestMethod(TestInvoker.java:173)
at org.testng.internal.MethodRunner.runInSequence(MethodRunner.java:46)
at org.testng.internal.TestInvoker$MethodInvocationAgent.invoke(TestInvoker.java:824)
at org.testng.internal.TestInvoker.invokeTestMethods(TestInvoker.java:146)
at org.testng.internal.TestMethodWorker.invokeTestMethods(TestMethodWorker.java:146)
at org.testng.internal.TestMethodWorker.run(TestMethodWorker.java:128)
at java.base/java.util.ArrayList.forEach(ArrayList.java:1511)
at org.testng.TestRunner.privateRun(TestRunner.java:794)
at org.testng.TestRunner.run(TestRunner.java:596)
at org.testng.SuiteRunner.runTest(SuiteRunner.java:377)
at org.testng.SuiteRunner.runSequentially(SuiteRunner.java:371)
at org.testng.SuiteRunner.privateRun(SuiteRunner.java:332)
at org.testng.SuiteRunner.run(SuiteRunner.java:276)
at org.testng.SuiteRunnerWorker.runSuite(SuiteRunnerWorker.java:53)
at org.testng.SuiteRunnerWorker.run(SuiteRunnerWorker.java:96)
at org.testng.TestNG.runSuitesSequentially(TestNG.java:1212)
at org.testng.TestNG.runSuitesLocally(TestNG.java:1134)
at org.testng.TestNG.runSuites(TestNG.java:1063)
at org.testng.TestNG.run(TestNG.java:1031)
at org.testng.remote.AbstractRemoteTestNG.run(AbstractRemoteTestNG.java:115)
at org.testng.remote.RemoteTestNG.initAndRun(RemoteTestNG.java:251)
at org.testng.remote.RemoteTestNG.main(RemoteTestNG.java:77)
]]>
    </error>
  </testcase> <!-- spellCheck -->
  <system-out>
    <![CDATA[<br>Potential error: Pwned<br>Incomplete pizza
8 July Pwned with a little maul. <br>ID: MORFOLOGIK_RULE_EN_GB = Possible spelling mistake found.<br>
https://oldschool.runescape.wiki/w/2017_Midsummer_event]]>
  </system-out>
  <testcase classname="SpellCheck.SpellCheckPages" name="spellCheck" time="11.754"/>
  <system-out>
    <![CDATA[https://oldschool.runescape.wiki/w/26_September]]>
  </system-out>
  <testcase classname="SpellCheck.SpellCheckPages" name="spellCheck" time="8.951"/>
  <system-out>
    <![CDATA[https://oldschool.runescape.wiki/w/20th_anniversary_outfit]]>
  </system-out>
  <testcase classname="SpellCheck.SpellCheckPages" name="spellCheck" time="32.752"/>
  <system-out>
    <![CDATA[https://oldschool.runescape.wiki/w/3rd_age_robe]]>
  </system-out>
  <testcase classname="SpellCheck.SpellCheckPages" name="spellCheck" time="4.559"/>
  <system-out>
    <![CDATA[https://oldschool.runescape.wiki/w/4_July]]>
  </system-out>
  <testcase classname="SpellCheck.SpellCheckPages" name="spellCheck" time="6.330"/>
  <system-out>
    <![CDATA[https://oldschool.runescape.wiki/w/(h2)]]>
  </system-out>
  <testcase classname="SpellCheck.SpellCheckPages" name="spellCheck" time="4.736"/>
  <system-out>
    <![CDATA[https://oldschool.runescape.wiki/w/(nz)]]>
  </system-out>
  <testcase classname="SpellCheck.SpellCheckPages" name="spellCheck" time="6.394"/>
  <system-out>
    <![CDATA[https://oldschool.runescape.wiki/w/24_October]]>
  </system-out>
  <testcase classname="SpellCheck.SpellCheckPages" name="spellCheck" time="12.937"/>
  <system-out>
    <![CDATA[https://oldschool.runescape.wiki/w/3rd_age_pickaxe]]>
  </system-out>
  <testcase classname="SpellCheck.SpellCheckPages" name="spellCheck" time="13.976">
    <error message="expected:&lt;0&gt; but was:&lt;10&gt;" type="junit.framework.AssertionFailedError">
      <![CDATA[junit.framework.AssertionFailedError: expected:<0> but was:<10>
at junit.framework.Assert.fail(Assert.java:47)
at junit.framework.Assert.failNotEquals(Assert.java:282)
at junit.framework.Assert.assertEquals(Assert.java:64)
at junit.framework.Assert.assertEquals(Assert.java:201)
at junit.framework.Assert.assertEquals(Assert.java:207)
at SpellCheck.SpellCheckPages.spellCheck(SpellCheckPages.java:140)
at jdk.internal.reflect.GeneratedMethodAccessor3.invoke(Unknown Source)
at java.base/jdk.internal.reflect.DelegatingMethodAccessorImpl.invoke(DelegatingMethodAccessorImpl.java:43)
at java.base/java.lang.reflect.Method.invoke(Method.java:567)
at org.testng.internal.MethodInvocationHelper.invokeMethod(MethodInvocationHelper.java:133)
at org.testng.internal.TestInvoker.invokeMethod(TestInvoker.java:598)
at org.testng.internal.TestInvoker.invokeTestMethod(TestInvoker.java:173)
at org.testng.internal.MethodRunner.runInSequence(MethodRunner.java:46)
at org.testng.internal.TestInvoker$MethodInvocationAgent.invoke(TestInvoker.java:824)
at org.testng.internal.TestInvoker.invokeTestMethods(TestInvoker.java:146)
at org.testng.internal.TestMethodWorker.invokeTestMethods(TestMethodWorker.java:146)
at org.testng.internal.TestMethodWorker.run(TestMethodWorker.java:128)
at java.base/java.util.ArrayList.forEach(ArrayList.java:1511)
at org.testng.TestRunner.privateRun(TestRunner.java:794)
at org.testng.TestRunner.run(TestRunner.java:596)
at org.testng.SuiteRunner.runTest(SuiteRunner.java:377)
at org.testng.SuiteRunner.runSequentially(SuiteRunner.java:371)
at org.testng.SuiteRunner.privateRun(SuiteRunner.java:332)
at org.testng.SuiteRunner.run(SuiteRunner.java:276)
at org.testng.SuiteRunnerWorker.runSuite(SuiteRunnerWorker.java:53)
at org.testng.SuiteRunnerWorker.run(SuiteRunnerWorker.java:96)
at org.testng.TestNG.runSuitesSequentially(TestNG.java:1212)
at org.testng.TestNG.runSuitesLocally(TestNG.java:1134)
at org.testng.TestNG.runSuites(TestNG.java:1063)
at org.testng.TestNG.run(TestNG.java:1031)
at org.testng.remote.AbstractRemoteTestNG.run(AbstractRemoteTestNG.java:115)
at org.testng.remote.RemoteTestNG.initAndRun(RemoteTestNG.java:251)
at org.testng.remote.RemoteTestNG.main(RemoteTestNG.java:77)
]]>
    </error>
  </testcase> <!-- spellCheck -->
  <system-out>
    <![CDATA[<br>Potential error: lecturn<br>Eric will now need a "properly imposing" lecturn to read scary stories from. <br>ID: MORFOLOGIK_RULE_EN_GB = Possible spelling mistake found.<br>
<br>Potential error: Dragith<br>Meanwhile, Eric feels his story is not quite scary enough, and decides to read the ancient tome he used as a cover for his scary story, titled 'The Rituals of Dragith Nurn'. <br>ID: MORFOLOGIK_RULE_EN_GB = Possible spelling mistake found.<br>
<br>Potential error: Nurn<br>Meanwhile, Eric feels his story is not quite scary enough, and decides to read the ancient tome he used as a cover for his scary story, titled 'The Rituals of Dragith Nurn'. <br>ID: MORFOLOGIK_RULE_EN_GB = Possible spelling mistake found.<br>
<br>Potential error: Urney<br>If you miss something important, Father Urney will make you go back to it before helping you any further.( 4•1)…
<br>ID: MORFOLOGIK_RULE_EN_GB = Possible spelling mistake found.<br>
<br>Potential error: is<br>The Chambers of Eric is a reference to the similarly named Chambers of Xeric.
<br>ID: AGREEMENT_SENT_START = You should probably use: <suggestion>are</suggestion>.<br>
<br>Potential error: Dragith<br>In the event, Eric peruses upon "The Rituals of Dragith Nurn" in the lectern; in RuneScape 3, Dragith Nurn was a Fifth Age necromancer who built the Lumbridge catacombs and who features prominently in the backstory of the quest "The Blood Pact." <br>ID: MORFOLOGIK_RULE_EN_GB = Possible spelling mistake found.<br>
<br>Potential error: Nurn<br>In the event, Eric peruses upon "The Rituals of Dragith Nurn" in the lectern; in RuneScape 3, Dragith Nurn was a Fifth Age necromancer who built the Lumbridge catacombs and who features prominently in the backstory of the quest "The Blood Pact." <br>ID: MORFOLOGIK_RULE_EN_GB = Possible spelling mistake found.<br>
<br>Potential error: Dragith<br>In the event, Eric peruses upon "The Rituals of Dragith Nurn" in the lectern; in RuneScape 3, Dragith Nurn was a Fifth Age necromancer who built the Lumbridge catacombs and who features prominently in the backstory of the quest "The Blood Pact." <br>ID: MORFOLOGIK_RULE_EN_GB = Possible spelling mistake found.<br>
<br>Potential error: Nurn<br>In the event, Eric peruses upon "The Rituals of Dragith Nurn" in the lectern; in RuneScape 3, Dragith Nurn was a Fifth Age necromancer who built the Lumbridge catacombs and who features prominently in the backstory of the quest "The Blood Pact." <br>ID: MORFOLOGIK_RULE_EN_GB = Possible spelling mistake found.<br>
<br>Potential error: Nurn<br>In addition, his mask can also be reconstructed, and Nurn can be fought inside the crypts.
<br>ID: MORFOLOGIK_RULE_EN_GB = Possible spelling mistake found.<br>
https://oldschool.runescape.wiki/w/2018_Halloween_event]]>
  </system-out>
  <testcase classname="SpellCheck.SpellCheckPages" name="spellCheck" time="5.756"/>
  <system-out>
    <![CDATA[https://oldschool.runescape.wiki/w/13_November]]>
  </system-out>
  <testcase classname="SpellCheck.SpellCheckPages" name="spellCheck" time="5.815"/>
  <system-out>
    <![CDATA[https://oldschool.runescape.wiki/w/(h4)]]>
  </system-out>
  <testcase classname="SpellCheck.SpellCheckPages" name="spellCheck" time="5.190"/>
  <system-out>
    <![CDATA[https://oldschool.runescape.wiki/w/15_November]]>
  </system-out>
  <testcase classname="SpellCheck.SpellCheckPages" name="spellCheck" time="7.009"/>
  <system-out>
    <![CDATA[https://oldschool.runescape.wiki/w/%27No_fingers%27]]>
  </system-out>
  <testcase classname="SpellCheck.SpellCheckPages" name="spellCheck" time="9.761">
    <error message="expected:&lt;0&gt; but was:&lt;12&gt;" type="junit.framework.AssertionFailedError">
      <![CDATA[junit.framework.AssertionFailedError: expected:<0> but was:<12>
at junit.framework.Assert.fail(Assert.java:47)
at junit.framework.Assert.failNotEquals(Assert.java:282)
at junit.framework.Assert.assertEquals(Assert.java:64)
at junit.framework.Assert.assertEquals(Assert.java:201)
at junit.framework.Assert.assertEquals(Assert.java:207)
at SpellCheck.SpellCheckPages.spellCheck(SpellCheckPages.java:140)
at jdk.internal.reflect.GeneratedMethodAccessor3.invoke(Unknown Source)
at java.base/jdk.internal.reflect.DelegatingMethodAccessorImpl.invoke(DelegatingMethodAccessorImpl.java:43)
at java.base/java.lang.reflect.Method.invoke(Method.java:567)
at org.testng.internal.MethodInvocationHelper.invokeMethod(MethodInvocationHelper.java:133)
at org.testng.internal.TestInvoker.invokeMethod(TestInvoker.java:598)
at org.testng.internal.TestInvoker.invokeTestMethod(TestInvoker.java:173)
at org.testng.internal.MethodRunner.runInSequence(MethodRunner.java:46)
at org.testng.internal.TestInvoker$MethodInvocationAgent.invoke(TestInvoker.java:824)
at org.testng.internal.TestInvoker.invokeTestMethods(TestInvoker.java:146)
at org.testng.internal.TestMethodWorker.invokeTestMethods(TestMethodWorker.java:146)
at org.testng.internal.TestMethodWorker.run(TestMethodWorker.java:128)
at java.base/java.util.ArrayList.forEach(ArrayList.java:1511)
at org.testng.TestRunner.privateRun(TestRunner.java:794)
at org.testng.TestRunner.run(TestRunner.java:596)
at org.testng.SuiteRunner.runTest(SuiteRunner.java:377)
at org.testng.SuiteRunner.runSequentially(SuiteRunner.java:371)
at org.testng.SuiteRunner.privateRun(SuiteRunner.java:332)
at org.testng.SuiteRunner.run(SuiteRunner.java:276)
at org.testng.SuiteRunnerWorker.runSuite(SuiteRunnerWorker.java:53)
at org.testng.SuiteRunnerWorker.run(SuiteRunnerWorker.java:96)
at org.testng.TestNG.runSuitesSequentially(TestNG.java:1212)
at org.testng.TestNG.runSuitesLocally(TestNG.java:1134)
at org.testng.TestNG.runSuites(TestNG.java:1063)
at org.testng.TestNG.run(TestNG.java:1031)
at org.testng.remote.AbstractRemoteTestNG.run(AbstractRemoteTestNG.java:115)
at org.testng.remote.RemoteTestNG.initAndRun(RemoteTestNG.java:251)
at org.testng.remote.RemoteTestNG.main(RemoteTestNG.java:77)
]]>
    </error>
  </testcase> <!-- spellCheck -->
  <system-out>
    <![CDATA[<br>Potential error: Guthixian<br>He will be concerned as the ritual to protect nature from evil spirits isn't working, and the Guthixian altar isn't responding to their chants. <br>ID: MORFOLOGIK_RULE_EN_GB = Possible spelling mistake found.<br>
<br>Potential error: JagexMatK<br>From left to right: JagexMatK JagexJohnC JagexAsh JagexAlfred JagexWeath JagexRonan JagexKrista JagexDay JagexArchie Jagex_Ghost JagexIan JagexMaz
On the 3rd of July, when the event had ended, players were still able to speak with Kaqemeex and be teleported to Thordur where they would receive a riddle as well as a Disk of returning as normal; however, the riddle he gave to players was "null". <br>ID: MORFOLOGIK_RULE_EN_GB = Possible spelling mistake found.<br>
<br>Potential error: JagexJohnC<br>From left to right: JagexMatK JagexJohnC JagexAsh JagexAlfred JagexWeath JagexRonan JagexKrista JagexDay JagexArchie Jagex_Ghost JagexIan JagexMaz
On the 3rd of July, when the event had ended, players were still able to speak with Kaqemeex and be teleported to Thordur where they would receive a riddle as well as a Disk of returning as normal; however, the riddle he gave to players was "null". <br>ID: MORFOLOGIK_RULE_EN_GB = Possible spelling mistake found.<br>
<br>Potential error: JagexAsh<br>From left to right: JagexMatK JagexJohnC JagexAsh JagexAlfred JagexWeath JagexRonan JagexKrista JagexDay JagexArchie Jagex_Ghost JagexIan JagexMaz
On the 3rd of July, when the event had ended, players were still able to speak with Kaqemeex and be teleported to Thordur where they would receive a riddle as well as a Disk of returning as normal; however, the riddle he gave to players was "null". <br>ID: MORFOLOGIK_RULE_EN_GB = Possible spelling mistake found.<br>
<br>Potential error: JagexAlfred<br>From left to right: JagexMatK JagexJohnC JagexAsh JagexAlfred JagexWeath JagexRonan JagexKrista JagexDay JagexArchie Jagex_Ghost JagexIan JagexMaz
On the 3rd of July, when the event had ended, players were still able to speak with Kaqemeex and be teleported to Thordur where they would receive a riddle as well as a Disk of returning as normal; however, the riddle he gave to players was "null". <br>ID: MORFOLOGIK_RULE_EN_GB = Possible spelling mistake found.<br>
<br>Potential error: JagexWeath<br>From left to right: JagexMatK JagexJohnC JagexAsh JagexAlfred JagexWeath JagexRonan JagexKrista JagexDay JagexArchie Jagex_Ghost JagexIan JagexMaz
On the 3rd of July, when the event had ended, players were still able to speak with Kaqemeex and be teleported to Thordur where they would receive a riddle as well as a Disk of returning as normal; however, the riddle he gave to players was "null". <br>ID: MORFOLOGIK_RULE_EN_GB = Possible spelling mistake found.<br>
<br>Potential error: JagexRonan<br>From left to right: JagexMatK JagexJohnC JagexAsh JagexAlfred JagexWeath JagexRonan JagexKrista JagexDay JagexArchie Jagex_Ghost JagexIan JagexMaz
On the 3rd of July, when the event had ended, players were still able to speak with Kaqemeex and be teleported to Thordur where they would receive a riddle as well as a Disk of returning as normal; however, the riddle he gave to players was "null". <br>ID: MORFOLOGIK_RULE_EN_GB = Possible spelling mistake found.<br>
<br>Potential error: JagexKrista<br>From left to right: JagexMatK JagexJohnC JagexAsh JagexAlfred JagexWeath JagexRonan JagexKrista JagexDay JagexArchie Jagex_Ghost JagexIan JagexMaz
On the 3rd of July, when the event had ended, players were still able to speak with Kaqemeex and be teleported to Thordur where they would receive a riddle as well as a Disk of returning as normal; however, the riddle he gave to players was "null". <br>ID: MORFOLOGIK_RULE_EN_GB = Possible spelling mistake found.<br>
<br>Potential error: JagexDay<br>From left to right: JagexMatK JagexJohnC JagexAsh JagexAlfred JagexWeath JagexRonan JagexKrista JagexDay JagexArchie Jagex_Ghost JagexIan JagexMaz
On the 3rd of July, when the event had ended, players were still able to speak with Kaqemeex and be teleported to Thordur where they would receive a riddle as well as a Disk of returning as normal; however, the riddle he gave to players was "null". <br>ID: MORFOLOGIK_RULE_EN_GB = Possible spelling mistake found.<br>
<br>Potential error: JagexArchie<br>From left to right: JagexMatK JagexJohnC JagexAsh JagexAlfred JagexWeath JagexRonan JagexKrista JagexDay JagexArchie Jagex_Ghost JagexIan JagexMaz
On the 3rd of July, when the event had ended, players were still able to speak with Kaqemeex and be teleported to Thordur where they would receive a riddle as well as a Disk of returning as normal; however, the riddle he gave to players was "null". <br>ID: MORFOLOGIK_RULE_EN_GB = Possible spelling mistake found.<br>
<br>Potential error: JagexIan<br>From left to right: JagexMatK JagexJohnC JagexAsh JagexAlfred JagexWeath JagexRonan JagexKrista JagexDay JagexArchie Jagex_Ghost JagexIan JagexMaz
On the 3rd of July, when the event had ended, players were still able to speak with Kaqemeex and be teleported to Thordur where they would receive a riddle as well as a Disk of returning as normal; however, the riddle he gave to players was "null". <br>ID: MORFOLOGIK_RULE_EN_GB = Possible spelling mistake found.<br>
<br>Potential error: JagexMaz<br>From left to right: JagexMatK JagexJohnC JagexAsh JagexAlfred JagexWeath JagexRonan JagexKrista JagexDay JagexArchie Jagex_Ghost JagexIan JagexMaz
On the 3rd of July, when the event had ended, players were still able to speak with Kaqemeex and be teleported to Thordur where they would receive a riddle as well as a Disk of returning as normal; however, the riddle he gave to players was "null". <br>ID: MORFOLOGIK_RULE_EN_GB = Possible spelling mistake found.<br>
https://oldschool.runescape.wiki/w/2015_Midsummer_event]]>
  </system-out>
  <testcase classname="SpellCheck.SpellCheckPages" name="spellCheck" time="30.716">
    <error message="stale element reference: element is not attached to the page document
  (Session info: chrome=92.0.4515.159)
For documentation on this error, please visit: https://www.seleniumhq.org/exceptions/stale_element_reference.html
Build info: version: &#039;3.141.59&#039;, revision: &#039;e82be7d358&#039;, time: &#039;2018-11-14T08:17:03&#039;
System info: host: &#039;DESKTOP-HCKLODP&#039;, ip: &#039;192.168.0.109&#039;, os.name: &#039;Windows 10&#039;, os.arch: &#039;amd64&#039;, os.version: &#039;10.0&#039;, java.version: &#039;16.0.2&#039;
Driver info: org.openqa.selenium.chrome.ChromeDriver
Capabilities {acceptInsecureCerts: false, browserName: chrome, browserVersion: 92.0.4515.159, chrome: {chromedriverVersion: 91.0.4472.101 (af52a90bf870..., userDataDir: C:\Users\nheis\AppData\Loca...}, goog:chromeOptions: {debuggerAddress: localhost:58440}, javascriptEnabled: true, networkConnectionEnabled: false, pageLoadStrategy: normal, platform: WINDOWS, platformName: WINDOWS, proxy: Proxy(), setWindowRect: true, strictFileInteractability: false, timeouts: {implicit: 0, pageLoad: 300000, script: 30000}, unhandledPromptBehavior: dismiss and notify, webauthn:extension:largeBlob: true, webauthn:virtualAuthenticators: true}
Session ID: 0af79efb9ca574052bb827422db72649" type="org.openqa.selenium.StaleElementReferenceException">
      <![CDATA[org.openqa.selenium.StaleElementReferenceException: stale element reference: element is not attached to the page document
  (Session info: chrome=92.0.4515.159)
For documentation on this error, please visit: https://www.seleniumhq.org/exceptions/stale_element_reference.html
Build info: version: '3.141.59', revision: 'e82be7d358', time: '2018-11-14T08:17:03'
System info: host: 'DESKTOP-HCKLODP', ip: '192.168.0.109', os.name: 'Windows 10', os.arch: 'amd64', os.version: '10.0', java.version: '16.0.2'
Driver info: org.openqa.selenium.chrome.ChromeDriver
Capabilities {acceptInsecureCerts: false, browserName: chrome, browserVersion: 92.0.4515.159, chrome: {chromedriverVersion: 91.0.4472.101 (af52a90bf870..., userDataDir: C:\Users\nheis\AppData\Loca...}, goog:chromeOptions: {debuggerAddress: localhost:58440}, javascriptEnabled: true, networkConnectionEnabled: false, pageLoadStrategy: normal, platform: WINDOWS, platformName: WINDOWS, proxy: Proxy(), setWindowRect: true, strictFileInteractability: false, timeouts: {implicit: 0, pageLoad: 300000, script: 30000}, unhandledPromptBehavior: dismiss and notify, webauthn:extension:largeBlob: true, webauthn:virtualAuthenticators: true}
Session ID: 0af79efb9ca574052bb827422db72649
at java.base/jdk.internal.reflect.NativeConstructorAccessorImpl.newInstance0(Native Method)
at java.base/jdk.internal.reflect.NativeConstructorAccessorImpl.newInstance(NativeConstructorAccessorImpl.java:78)
at java.base/jdk.internal.reflect.DelegatingConstructorAccessorImpl.newInstance(DelegatingConstructorAccessorImpl.java:45)
at java.base/java.lang.reflect.Constructor.newInstanceWithCaller(Constructor.java:499)
at java.base/java.lang.reflect.Constructor.newInstance(Constructor.java:480)
at org.openqa.selenium.remote.http.W3CHttpResponseCodec.createException(W3CHttpResponseCodec.java:187)
at org.openqa.selenium.remote.http.W3CHttpResponseCodec.decode(W3CHttpResponseCodec.java:122)
at org.openqa.selenium.remote.http.W3CHttpResponseCodec.decode(W3CHttpResponseCodec.java:49)
at org.openqa.selenium.remote.HttpCommandExecutor.execute(HttpCommandExecutor.java:158)
at org.openqa.selenium.remote.service.DriverCommandExecutor.execute(DriverCommandExecutor.java:83)
at org.openqa.selenium.remote.RemoteWebDriver.execute(RemoteWebDriver.java:552)
at org.openqa.selenium.remote.RemoteWebElement.execute(RemoteWebElement.java:285)
at org.openqa.selenium.remote.RemoteWebElement.getText(RemoteWebElement.java:166)
at SpellCheck.BaseTest.getAllLinkWords(BaseTest.java:59)
at SpellCheck.SpellCheckPages.spellCheck(SpellCheckPages.java:133)
at jdk.internal.reflect.GeneratedMethodAccessor3.invoke(Unknown Source)
at java.base/jdk.internal.reflect.DelegatingMethodAccessorImpl.invoke(DelegatingMethodAccessorImpl.java:43)
at java.base/java.lang.reflect.Method.invoke(Method.java:567)
at org.testng.internal.MethodInvocationHelper.invokeMethod(MethodInvocationHelper.java:133)
at org.testng.internal.TestInvoker.invokeMethod(TestInvoker.java:598)
at org.testng.internal.TestInvoker.invokeTestMethod(TestInvoker.java:173)
at org.testng.internal.MethodRunner.runInSequence(MethodRunner.java:46)
at org.testng.internal.TestInvoker$MethodInvocationAgent.invoke(TestInvoker.java:824)
at org.testng.internal.TestInvoker.invokeTestMethods(TestInvoker.java:146)
at org.testng.internal.TestMethodWorker.invokeTestMethods(TestMethodWorker.java:146)
[...]
at org.testng.SuiteRunnerWorker.runSuite(SuiteRunnerWorker.java:53)
at org.testng.SuiteRunnerWorker.run(SuiteRunnerWorker.java:96)
at org.testng.TestNG.runSuitesSequentially(TestNG.java:1212)
at org.testng.TestNG.runSuitesLocally(TestNG.java:1134)
at org.testng.TestNG.runSuites(TestNG.java:1063)
at org.testng.TestNG.run(TestNG.java:1031)
at org.testng.remote.AbstractRemoteTestNG.run(AbstractRemoteTestNG.java:115)
at org.testng.remote.RemoteTestNG.initAndRun(RemoteTestNG.java:251)
at org.testng.remote.RemoteTestNG.main(RemoteTestNG.java:77)
]]>
    </error>
  </testcase> <!-- spellCheck -->
  <system-out>
    <![CDATA[<br>Potential error: civilised<br>Chair The civilised way to rest your legs.
<br>ID: OXFORD_SPELLING_Z_NOT_S = Would you like to use the Oxford spelling <suggestion>civilized</suggestion>? The spelling 'civilised' is also correct.<br>
<br>Potential error: houses<br>Bookcase Strange contraptions that houses paper things.
<br>ID: PLURAL_THAT_WHICH_WHO_AGREEMENT = The verb 'houses' does not seem to match the subject.<br>
<br>Potential error: Wheeeeeee<br>Wheeeeeee!
<br>ID: MORFOLOGIK_RULE_EN_GB = Possible spelling mistake found.<br>
<br>Potential error: ween<br>Other rewards from previous events: Skeleton outfit, Scythe, a Zombie head, an untradeable Black h'ween mask and two noted Pumpkins, red, blue, and green h'ween masks.
<br>ID: MORFOLOGIK_RULE_EN_GB = Possible spelling mistake found.<br>
<br>Potential error: ween<br>Other rewards from previous events: Skeleton outfit, Scythe, a Zombie head, an untradeable Black h'ween mask and two noted Pumpkins, red, blue, and green h'ween masks.
<br>ID: MORFOLOGIK_RULE_EN_GB = Possible spelling mistake found.<br>
https://oldschool.runescape.wiki/w/2014_Halloween_event]]>
  </system-out>
  <testcase classname="SpellCheck.SpellCheckPages" name="spellCheck" time="5.324"/>
  <system-out>
    <![CDATA[https://oldschool.runescape.wiki/w/2_July]]>
  </system-out>
  <testcase classname="SpellCheck.SpellCheckPages" name="spellCheck" time="9.701">
    <error message="expected:&lt;0&gt; but was:&lt;2&gt;" type="junit.framework.AssertionFailedError">
      <![CDATA[junit.framework.AssertionFailedError: expected:<0> but was:<2>
at junit.framework.Assert.fail(Assert.java:47)
at junit.framework.Assert.failNotEquals(Assert.java:282)
at junit.framework.Assert.assertEquals(Assert.java:64)
at junit.framework.Assert.assertEquals(Assert.java:201)
at junit.framework.Assert.assertEquals(Assert.java:207)
at SpellCheck.SpellCheckPages.spellCheck(SpellCheckPages.java:140)
at jdk.internal.reflect.GeneratedMethodAccessor3.invoke(Unknown Source)
at java.base/jdk.internal.reflect.DelegatingMethodAccessorImpl.invoke(DelegatingMethodAccessorImpl.java:43)
at java.base/java.lang.reflect.Method.invoke(Method.java:567)
at org.testng.internal.MethodInvocationHelper.invokeMethod(MethodInvocationHelper.java:133)
at org.testng.internal.TestInvoker.invokeMethod(TestInvoker.java:598)
at org.testng.internal.TestInvoker.invokeTestMethod(TestInvoker.java:173)
at org.testng.internal.MethodRunner.runInSequence(MethodRunner.java:46)
at org.testng.internal.TestInvoker$MethodInvocationAgent.invoke(TestInvoker.java:824)
at org.testng.internal.TestInvoker.invokeTestMethods(TestInvoker.java:146)
at org.testng.internal.TestMethodWorker.invokeTestMethods(TestMethodWorker.java:146)
at org.testng.internal.TestMethodWorker.run(TestMethodWorker.java:128)
at java.base/java.util.ArrayList.forEach(ArrayList.java:1511)
at org.testng.TestRunner.privateRun(TestRunner.java:794)
at org.testng.TestRunner.run(TestRunner.java:596)
at org.testng.SuiteRunner.runTest(SuiteRunner.java:377)
at org.testng.SuiteRunner.runSequentially(SuiteRunner.java:371)
at org.testng.SuiteRunner.privateRun(SuiteRunner.java:332)
at org.testng.SuiteRunner.run(SuiteRunner.java:276)
at org.testng.SuiteRunnerWorker.runSuite(SuiteRunnerWorker.java:53)
at org.testng.SuiteRunnerWorker.run(SuiteRunnerWorker.java:96)
at org.testng.TestNG.runSuitesSequentially(TestNG.java:1212)
at org.testng.TestNG.runSuitesLocally(TestNG.java:1134)
at org.testng.TestNG.runSuites(TestNG.java:1063)
at org.testng.TestNG.run(TestNG.java:1031)
at org.testng.remote.AbstractRemoteTestNG.run(AbstractRemoteTestNG.java:115)
at org.testng.remote.RemoteTestNG.initAndRun(RemoteTestNG.java:251)
at org.testng.remote.RemoteTestNG.main(RemoteTestNG.java:77)
]]>
    </error>
  </testcase> <!-- spellCheck -->
  <system-out>
    <![CDATA[<br>Potential error: event<br>event. <br>ID: UPPERCASE_SENTENCE_START = This sentence does not start with an uppercase letter.<br>
<br>Potential error: jk<br>Instead, a halloween mask would appear on the ground, with the chatbox stating "jk :P"[sic].
<br>ID: MORFOLOGIK_RULE_EN_GB = Possible spelling mistake found.<br>
https://oldschool.runescape.wiki/w/2017_April_Fools]]>
  </system-out>
  <testcase classname="SpellCheck.SpellCheckPages" name="spellCheck" time="4.730"/>
  <system-out>
    <![CDATA[https://oldschool.runescape.wiki/w/(basic)]]>
  </system-out>
  <testcase classname="SpellCheck.SpellCheckPages" name="spellCheck" time="6.728"/>
  <system-out>
    <![CDATA[https://oldschool.runescape.wiki/w/27_June]]>
  </system-out>
  <testcase classname="SpellCheck.SpellCheckPages" name="spellCheck" time="4.692"/>
  <system-out>
    <![CDATA[https://oldschool.runescape.wiki/w/(attuned)]]>
  </system-out>
  <testcase classname="SpellCheck.SpellCheckPages" name="spellCheck" time="9.022"/>
  <system-out>
    <![CDATA[https://oldschool.runescape.wiki/w/(l)]]>
  </system-out>
  <testcase classname="SpellCheck.SpellCheckPages" name="spellCheck" time="8.988"/>
  <system-out>
    <![CDATA[https://oldschool.runescape.wiki/w/24_May]]>
  </system-out>
  <testcase classname="SpellCheck.SpellCheckPages" name="spellCheck" time="5.498"/>
  <system-out>
    <![CDATA[https://oldschool.runescape.wiki/w/31_May]]>
  </system-out>
  <testcase classname="SpellCheck.SpellCheckPages" name="spellCheck" time="6.366"/>
  <system-out>
    <![CDATA[https://oldschool.runescape.wiki/w/(u)]]>
  </system-out>
  <testcase classname="SpellCheck.SpellCheckPages" name="spellCheck" time="4.844"/>
  <system-out>
    <![CDATA[https://oldschool.runescape.wiki/w/21_July]]>
  </system-out>
  <testcase classname="SpellCheck.SpellCheckPages" name="spellCheck" time="5.639"/>
  <system-out>
    <![CDATA[https://oldschool.runescape.wiki/w/15_September]]>
  </system-out>
  <testcase classname="SpellCheck.SpellCheckPages" name="spellCheck" time="6.006"/>
  <system-out>
    <![CDATA[https://oldschool.runescape.wiki/w/(m)]]>
  </system-out>
  <testcase classname="SpellCheck.SpellCheckPages" name="spellCheck" time="37.849">
    <error message="expected:&lt;0&gt; but was:&lt;2&gt;" type="junit.framework.AssertionFailedError">
      <![CDATA[junit.framework.AssertionFailedError: expected:<0> but was:<2>
at junit.framework.Assert.fail(Assert.java:47)
at junit.framework.Assert.failNotEquals(Assert.java:282)
at junit.framework.Assert.assertEquals(Assert.java:64)
at junit.framework.Assert.assertEquals(Assert.java:201)
at junit.framework.Assert.assertEquals(Assert.java:207)
at SpellCheck.SpellCheckPages.spellCheck(SpellCheckPages.java:140)
at jdk.internal.reflect.GeneratedMethodAccessor3.invoke(Unknown Source)
at java.base/jdk.internal.reflect.DelegatingMethodAccessorImpl.invoke(DelegatingMethodAccessorImpl.java:43)
at java.base/java.lang.reflect.Method.invoke(Method.java:567)
at org.testng.internal.MethodInvocationHelper.invokeMethod(MethodInvocationHelper.java:133)
at org.testng.internal.TestInvoker.invokeMethod(TestInvoker.java:598)
at org.testng.internal.TestInvoker.invokeTestMethod(TestInvoker.java:173)
at org.testng.internal.MethodRunner.runInSequence(MethodRunner.java:46)
at org.testng.internal.TestInvoker$MethodInvocationAgent.invoke(TestInvoker.java:824)
at org.testng.internal.TestInvoker.invokeTestMethods(TestInvoker.java:146)
at org.testng.internal.TestMethodWorker.invokeTestMethods(TestMethodWorker.java:146)
at org.testng.internal.TestMethodWorker.run(TestMethodWorker.java:128)
at java.base/java.util.ArrayList.forEach(ArrayList.java:1511)
at org.testng.TestRunner.privateRun(TestRunner.java:794)
at org.testng.TestRunner.run(TestRunner.java:596)
at org.testng.SuiteRunner.runTest(SuiteRunner.java:377)
at org.testng.SuiteRunner.runSequentially(SuiteRunner.java:371)
at org.testng.SuiteRunner.privateRun(SuiteRunner.java:332)
at org.testng.SuiteRunner.run(SuiteRunner.java:276)
at org.testng.SuiteRunnerWorker.runSuite(SuiteRunnerWorker.java:53)
at org.testng.SuiteRunnerWorker.run(SuiteRunnerWorker.java:96)
at org.testng.TestNG.runSuitesSequentially(TestNG.java:1212)
at org.testng.TestNG.runSuitesLocally(TestNG.java:1134)
at org.testng.TestNG.runSuites(TestNG.java:1063)
at org.testng.TestNG.run(TestNG.java:1031)
at org.testng.remote.AbstractRemoteTestNG.run(AbstractRemoteTestNG.java:115)
at org.testng.remote.RemoteTestNG.initAndRun(RemoteTestNG.java:251)
at org.testng.remote.RemoteTestNG.main(RemoteTestNG.java:77)
]]>
    </error>
  </testcase> <!-- spellCheck -->
  <system-out>
    <![CDATA[<br>Potential error: say<br>Ask her where her boss is, and she'll say her boss is named Carol and is found inside the cave entrance to the west, where the Christmas Factory is located. <br>ID: SAY_TELL = 'Say' cannot be followed by a direct personal object. Did you mean <suggestion>tell</suggestion>?<br>
<br>Potential error: coworkers<br>Talk to the coworkers around the factory and find out what Carol likes. <br>ID: MORFOLOGIK_RULE_EN_GB = Possible spelling mistake found.<br>
https://oldschool.runescape.wiki/w/2016_Christmas_event]]>
  </system-out>
  <testcase classname="SpellCheck.SpellCheckPages" name="spellCheck" time="6.022"/>
  <system-out>
    <![CDATA[https://oldschool.runescape.wiki/w/10_February]]>
  </system-out>
  <testcase classname="SpellCheck.SpellCheckPages" name="spellCheck" time="5.899"/>
  <system-out>
    <![CDATA[https://oldschool.runescape.wiki/w/21_June]]>
  </system-out>
  <testcase classname="SpellCheck.SpellCheckPages" name="spellCheck" time="10.577">
    <error message="expected:&lt;0&gt; but was:&lt;1&gt;" type="junit.framework.AssertionFailedError">
      <![CDATA[junit.framework.AssertionFailedError: expected:<0> but was:<1>
at junit.framework.Assert.fail(Assert.java:47)
at junit.framework.Assert.failNotEquals(Assert.java:282)
at junit.framework.Assert.assertEquals(Assert.java:64)
at junit.framework.Assert.assertEquals(Assert.java:201)
at junit.framework.Assert.assertEquals(Assert.java:207)
at SpellCheck.SpellCheckPages.spellCheck(SpellCheckPages.java:140)
at jdk.internal.reflect.GeneratedMethodAccessor3.invoke(Unknown Source)
at java.base/jdk.internal.reflect.DelegatingMethodAccessorImpl.invoke(DelegatingMethodAccessorImpl.java:43)
at java.base/java.lang.reflect.Method.invoke(Method.java:567)
at org.testng.internal.MethodInvocationHelper.invokeMethod(MethodInvocationHelper.java:133)
at org.testng.internal.TestInvoker.invokeMethod(TestInvoker.java:598)
at org.testng.internal.TestInvoker.invokeTestMethod(TestInvoker.java:173)
at org.testng.internal.MethodRunner.runInSequence(MethodRunner.java:46)
at org.testng.internal.TestInvoker$MethodInvocationAgent.invoke(TestInvoker.java:824)
at org.testng.internal.TestInvoker.invokeTestMethods(TestInvoker.java:146)
at org.testng.internal.TestMethodWorker.invokeTestMethods(TestMethodWorker.java:146)
at org.testng.internal.TestMethodWorker.run(TestMethodWorker.java:128)
at java.base/java.util.ArrayList.forEach(ArrayList.java:1511)
at org.testng.TestRunner.privateRun(TestRunner.java:794)
at org.testng.TestRunner.run(TestRunner.java:596)
at org.testng.SuiteRunner.runTest(SuiteRunner.java:377)
at org.testng.SuiteRunner.runSequentially(SuiteRunner.java:371)
at org.testng.SuiteRunner.privateRun(SuiteRunner.java:332)
at org.testng.SuiteRunner.run(SuiteRunner.java:276)
at org.testng.SuiteRunnerWorker.runSuite(SuiteRunnerWorker.java:53)
at org.testng.SuiteRunnerWorker.run(SuiteRunnerWorker.java:96)
at org.testng.TestNG.runSuitesSequentially(TestNG.java:1212)
at org.testng.TestNG.runSuitesLocally(TestNG.java:1134)
at org.testng.TestNG.runSuites(TestNG.java:1063)
at org.testng.TestNG.run(TestNG.java:1031)
at org.testng.remote.AbstractRemoteTestNG.run(AbstractRemoteTestNG.java:115)
at org.testng.remote.RemoteTestNG.initAndRun(RemoteTestNG.java:251)
at org.testng.remote.RemoteTestNG.main(RemoteTestNG.java:77)
]]>
    </error>
  </testcase> <!-- spellCheck -->
  <system-out>
    <![CDATA[<br>Potential error: Ebel<br>Head to Falador Park and speak to Sir Tiffy Cashien to receive a present intended for his grandson, Ebel Lum.
<br>ID: MORFOLOGIK_RULE_EN_GB = Possible spelling mistake found.<br>
https://oldschool.runescape.wiki/w/2016_Birthday_event]]>
  </system-out>
  <testcase classname="SpellCheck.SpellCheckPages" name="spellCheck" time="5.199"/>
  <system-out>
    <![CDATA[https://oldschool.runescape.wiki/w/23_November]]>
  </system-out>
  <testcase classname="SpellCheck.SpellCheckPages" name="spellCheck" time="4.464"/>
  <system-out>
    <![CDATA[https://oldschool.runescape.wiki/w/(+)]]>
  </system-out>
  <testcase classname="SpellCheck.SpellCheckPages" name="spellCheck" time="6.121"/>
  <system-out>
    <![CDATA[https://oldschool.runescape.wiki/w/11_March]]>
  </system-out>
  <testcase classname="SpellCheck.SpellCheckPages" name="spellCheck" time="6.279"/>
  <system-out>
    <![CDATA[https://oldschool.runescape.wiki/w/16_April]]>
  </system-out>
  <testcase classname="SpellCheck.SpellCheckPages" name="spellCheck" time="5.531"/>
  <system-out>
    <![CDATA[https://oldschool.runescape.wiki/w/17_January]]>
  </system-out>
  <testcase classname="SpellCheck.SpellCheckPages" name="spellCheck" time="4.595"/>
  <system-out>
    <![CDATA[https://oldschool.runescape.wiki/w/(kg)]]>
  </system-out>
  <testcase classname="SpellCheck.SpellCheckPages" name="spellCheck" time="6.128"/>
  <system-out>
    <![CDATA[https://oldschool.runescape.wiki/w/18_January]]>
  </system-out>
  <testcase classname="SpellCheck.SpellCheckPages" name="spellCheck" time="5.413"/>
  <system-out>
    <![CDATA[https://oldschool.runescape.wiki/w/4_March]]>
  </system-out>
  <testcase classname="SpellCheck.SpellCheckPages" name="spellCheck" time="4.862"/>
  <system-out>
    <![CDATA[https://oldschool.runescape.wiki/w/18_November]]>
  </system-out>
  <testcase classname="SpellCheck.SpellCheckPages" name="spellCheck" time="6.077"/>
  <system-out>
    <![CDATA[https://oldschool.runescape.wiki/w/10_November]]>
  </system-out>
  <testcase classname="SpellCheck.SpellCheckPages" name="spellCheck" time="6.416"/>
  <system-out>
    <![CDATA[https://oldschool.runescape.wiki/w/12_June]]>
  </system-out>
  <testcase classname="SpellCheck.SpellCheckPages" name="spellCheck" time="4.650"/>
  <system-out>
    <![CDATA[https://oldschool.runescape.wiki/w/3_November]]>
  </system-out>
  <testcase classname="SpellCheck.SpellCheckPages" name="spellCheck" time="4.305"/>
  <system-out>
    <![CDATA[https://oldschool.runescape.wiki/w/(blue)]]>
  </system-out>
  <testcase classname="SpellCheck.SpellCheckPages" name="spellCheck" time="6.310"/>
  <system-out>
    <![CDATA[https://oldschool.runescape.wiki/w/1_December]]>
  </system-out>
  <testcase classname="SpellCheck.SpellCheckPages" name="spellCheck" time="5.722"/>
  <system-out>
    <![CDATA[https://oldschool.runescape.wiki/w/19_March]]>
  </system-out>
  <testcase classname="SpellCheck.SpellCheckPages" name="spellCheck" time="5.287"/>
  <system-out>
    <![CDATA[https://oldschool.runescape.wiki/w/4_May]]>
  </system-out>
  <testcase classname="SpellCheck.SpellCheckPages" name="spellCheck" time="6.504"/>
  <system-out>
    <![CDATA[https://oldschool.runescape.wiki/w/22_June]]>
  </system-out>
  <testcase classname="SpellCheck.SpellCheckPages" name="spellCheck" time="4.558"/>
  <system-out>
    <![CDATA[https://oldschool.runescape.wiki/w/19_April]]>
  </system-out>
  <testcase classname="SpellCheck.SpellCheckPages" name="spellCheck" time="4.672"/>
  <system-out>
    <![CDATA[https://oldschool.runescape.wiki/w/25_March]]>
  </system-out>
  <testcase classname="SpellCheck.SpellCheckPages" name="spellCheck" time="5.972"/>
  <system-out>
    <![CDATA[https://oldschool.runescape.wiki/w/23_August]]>
  </system-out>
  <testcase classname="SpellCheck.SpellCheckPages" name="spellCheck" time="4.688"/>
  <system-out>
    <![CDATA[https://oldschool.runescape.wiki/w/17_November]]>
  </system-out>
  <testcase classname="SpellCheck.SpellCheckPages" name="spellCheck" time="6.745"/>
  <system-out>
    <![CDATA[https://oldschool.runescape.wiki/w/23_April]]>
  </system-out>
  <testcase classname="SpellCheck.SpellCheckPages" name="spellCheck" time="7.473"/>
  <system-out>
    <![CDATA[https://oldschool.runescape.wiki/w/20_September]]>
  </system-out>
  <testcase classname="SpellCheck.SpellCheckPages" name="spellCheck" time="6.723"/>
  <system-out>
    <![CDATA[https://oldschool.runescape.wiki/w/28_December]]>
  </system-out>
  <testcase classname="SpellCheck.SpellCheckPages" name="spellCheck" time="4.618"/>
  <system-out>
    <![CDATA[https://oldschool.runescape.wiki/w/26_May]]>
  </system-out>
  <testcase classname="SpellCheck.SpellCheckPages" name="spellCheck" time="14.657">
    <error message="expected:&lt;0&gt; but was:&lt;1&gt;" type="junit.framework.AssertionFailedError">
      <![CDATA[junit.framework.AssertionFailedError: expected:<0> but was:<1>
at junit.framework.Assert.fail(Assert.java:47)
at junit.framework.Assert.failNotEquals(Assert.java:282)
at junit.framework.Assert.assertEquals(Assert.java:64)
at junit.framework.Assert.assertEquals(Assert.java:201)
at junit.framework.Assert.assertEquals(Assert.java:207)
at SpellCheck.SpellCheckPages.spellCheck(SpellCheckPages.java:140)
at jdk.internal.reflect.GeneratedMethodAccessor3.invoke(Unknown Source)
at java.base/jdk.internal.reflect.DelegatingMethodAccessorImpl.invoke(DelegatingMethodAccessorImpl.java:43)
at java.base/java.lang.reflect.Method.invoke(Method.java:567)
at org.testng.internal.MethodInvocationHelper.invokeMethod(MethodInvocationHelper.java:133)
at org.testng.internal.TestInvoker.invokeMethod(TestInvoker.java:598)
at org.testng.internal.TestInvoker.invokeTestMethod(TestInvoker.java:173)
at org.testng.internal.MethodRunner.runInSequence(MethodRunner.java:46)
at org.testng.internal.TestInvoker$MethodInvocationAgent.invoke(TestInvoker.java:824)
at org.testng.internal.TestInvoker.invokeTestMethods(TestInvoker.java:146)
at org.testng.internal.TestMethodWorker.invokeTestMethods(TestMethodWorker.java:146)
at org.testng.internal.TestMethodWorker.run(TestMethodWorker.java:128)
at java.base/java.util.ArrayList.forEach(ArrayList.java:1511)
at org.testng.TestRunner.privateRun(TestRunner.java:794)
at org.testng.TestRunner.run(TestRunner.java:596)
at org.testng.SuiteRunner.runTest(SuiteRunner.java:377)
at org.testng.SuiteRunner.runSequentially(SuiteRunner.java:371)
at org.testng.SuiteRunner.privateRun(SuiteRunner.java:332)
at org.testng.SuiteRunner.run(SuiteRunner.java:276)
at org.testng.SuiteRunnerWorker.runSuite(SuiteRunnerWorker.java:53)
at org.testng.SuiteRunnerWorker.run(SuiteRunnerWorker.java:96)
at org.testng.TestNG.runSuitesSequentially(TestNG.java:1212)
at org.testng.TestNG.runSuitesLocally(TestNG.java:1134)
at org.testng.TestNG.runSuites(TestNG.java:1063)
at org.testng.TestNG.run(TestNG.java:1031)
at org.testng.remote.AbstractRemoteTestNG.run(AbstractRemoteTestNG.java:115)
at org.testng.remote.RemoteTestNG.initAndRun(RemoteTestNG.java:251)
at org.testng.remote.RemoteTestNG.main(RemoteTestNG.java:77)
]]>
    </error>
  </testcase> <!-- spellCheck -->
  <system-out>
    <![CDATA[<br>Potential error: icelords<br>Even if the player has completed Cold War, they will still say that they don't know how to deal with icelords.
<br>ID: MORFOLOGIK_RULE_EN_GB = Possible spelling mistake found.<br>
https://oldschool.runescape.wiki/w/2019_Christmas_event]]>
  </system-out>
</testsuite> <!-- SpellCheck.SpellCheckPages -->
