<?xml version="1.0" encoding="UTF-8"?>
<!-- Generated by org.testng.reporters.JUnitReportReporter -->
<testsuite hostname="DESKTOP-HCKLODP" failures="56" tests="100" name="SpellCheck.SpellCheckPages" time="1019.192" errors="0" timestamp="2021-08-15T19:00:58 EDT" skipped="0">
  <testcase classname="SpellCheck.SpellCheckPages" name="spellCheck" time="13.633">
    <failure type="java.lang.AssertionError">
      <![CDATA[java.lang.AssertionError
at SpellCheck.SpellCheckPages.spellCheck(SpellCheckPages.java:104)
at jdk.internal.reflect.GeneratedMethodAccessor3.invoke(Unknown Source)
at java.base/jdk.internal.reflect.DelegatingMethodAccessorImpl.invoke(DelegatingMethodAccessorImpl.java:43)
at java.base/java.lang.reflect.Method.invoke(Method.java:567)
at org.testng.internal.MethodInvocationHelper.invokeMethod(MethodInvocationHelper.java:133)
at org.testng.internal.TestInvoker.invokeMethod(TestInvoker.java:598)
at org.testng.internal.TestInvoker.invokeTestMethod(TestInvoker.java:173)
at org.testng.internal.MethodRunner.runInSequence(MethodRunner.java:46)
at org.testng.internal.TestInvoker$MethodInvocationAgent.invoke(TestInvoker.java:824)
at org.testng.internal.TestInvoker.invokeTestMethods(TestInvoker.java:146)
at org.testng.internal.TestMethodWorker.invokeTestMethods(TestMethodWorker.java:146)
at org.testng.internal.TestMethodWorker.run(TestMethodWorker.java:128)
at java.base/java.util.ArrayList.forEach(ArrayList.java:1511)
at org.testng.TestRunner.privateRun(TestRunner.java:794)
at org.testng.TestRunner.run(TestRunner.java:596)
at org.testng.SuiteRunner.runTest(SuiteRunner.java:377)
at org.testng.SuiteRunner.runSequentially(SuiteRunner.java:371)
at org.testng.SuiteRunner.privateRun(SuiteRunner.java:332)
at org.testng.SuiteRunner.run(SuiteRunner.java:276)
at org.testng.SuiteRunnerWorker.runSuite(SuiteRunnerWorker.java:53)
at org.testng.SuiteRunnerWorker.run(SuiteRunnerWorker.java:96)
at org.testng.TestNG.runSuitesSequentially(TestNG.java:1212)
at org.testng.TestNG.runSuitesLocally(TestNG.java:1134)
at org.testng.TestNG.runSuites(TestNG.java:1063)
at org.testng.TestNG.run(TestNG.java:1031)
at org.testng.remote.AbstractRemoteTestNG.run(AbstractRemoteTestNG.java:115)
at org.testng.remote.RemoteTestNG.initAndRun(RemoteTestNG.java:251)
at org.testng.remote.RemoteTestNG.main(RemoteTestNG.java:77)
]]>
    </failure>
  </testcase> <!-- spellCheck -->
  <system-out>
    <![CDATA[<br>Potential error: Zaff<br>The staff can be purchased from various shops across Gielinor, including Zaff's Superior Staffs! <br>ID: MORFOLOGIK_RULE_EN_GB = Possible spelling mistake found.<br>
<br>Potential error: Yaga<br>Baba Yaga's Magic Shop. <br>ID: MORFOLOGIK_RULE_EN_GB = Possible spelling mistake found.<br>
<br>Potential error: 10m<br>Lunar Isle 2 10m 1,500 825
This page was last modified on 13 August 2021, at 02:26.
<br>ID: UNIT_SPACE = Insert a space between the numerical value and the unit symbol.<br>]]>
  </system-out>
  <testcase classname="SpellCheck.SpellCheckPages" name="spellCheck" time="8.136"/>
  <system-out/>
  <testcase classname="SpellCheck.SpellCheckPages" name="spellCheck" time="16.526">
    <failure type="java.lang.AssertionError">
      <![CDATA[java.lang.AssertionError
at SpellCheck.SpellCheckPages.spellCheck(SpellCheckPages.java:104)
at jdk.internal.reflect.GeneratedMethodAccessor3.invoke(Unknown Source)
at java.base/jdk.internal.reflect.DelegatingMethodAccessorImpl.invoke(DelegatingMethodAccessorImpl.java:43)
at java.base/java.lang.reflect.Method.invoke(Method.java:567)
at org.testng.internal.MethodInvocationHelper.invokeMethod(MethodInvocationHelper.java:133)
at org.testng.internal.TestInvoker.invokeMethod(TestInvoker.java:598)
at org.testng.internal.TestInvoker.invokeTestMethod(TestInvoker.java:173)
at org.testng.internal.MethodRunner.runInSequence(MethodRunner.java:46)
at org.testng.internal.TestInvoker$MethodInvocationAgent.invoke(TestInvoker.java:824)
at org.testng.internal.TestInvoker.invokeTestMethods(TestInvoker.java:146)
at org.testng.internal.TestMethodWorker.invokeTestMethods(TestMethodWorker.java:146)
at org.testng.internal.TestMethodWorker.run(TestMethodWorker.java:128)
at java.base/java.util.ArrayList.forEach(ArrayList.java:1511)
at org.testng.TestRunner.privateRun(TestRunner.java:794)
at org.testng.TestRunner.run(TestRunner.java:596)
at org.testng.SuiteRunner.runTest(SuiteRunner.java:377)
at org.testng.SuiteRunner.runSequentially(SuiteRunner.java:371)
at org.testng.SuiteRunner.privateRun(SuiteRunner.java:332)
at org.testng.SuiteRunner.run(SuiteRunner.java:276)
at org.testng.SuiteRunnerWorker.runSuite(SuiteRunnerWorker.java:53)
at org.testng.SuiteRunnerWorker.run(SuiteRunnerWorker.java:96)
at org.testng.TestNG.runSuitesSequentially(TestNG.java:1212)
at org.testng.TestNG.runSuitesLocally(TestNG.java:1134)
at org.testng.TestNG.runSuites(TestNG.java:1063)
at org.testng.TestNG.run(TestNG.java:1031)
at org.testng.remote.AbstractRemoteTestNG.run(AbstractRemoteTestNG.java:115)
at org.testng.remote.RemoteTestNG.initAndRun(RemoteTestNG.java:251)
at org.testng.remote.RemoteTestNG.main(RemoteTestNG.java:77)
]]>
    </failure>
  </testcase> <!-- spellCheck -->
  <system-out>
    <![CDATA[<br>Potential error: 6[d<br>Rune 2h sword 1 1/25.6 37,695
Rune pickaxe 1 1/25.6 18,481
Rune spear 1 1/25.6 11,695
Bucket of sand 25 (noted) 1/21.33 925
Cactus spine 10 (noted) 1/21.33 15,060
Uncut emerald 6 (noted) 1/25.6[d 1] 3,348
Uncut sapphire 4 (noted) 1/25.6[d 1] 1,268
1.0 1.1 6 uncut emeralds are dropped along 4 uncut sapphires.
<br>ID: NON_STANDARD_WORD = The word '6[d' is not standard English. Did you mean <suggestion>6’d</suggestion> (curly apostrophe) or <suggestion>6'd</suggestion> (straight apostrophe)?<br>
<br>Potential error: 6[d<br>Rune 2h sword 1 1/25.6 37,695
Rune pickaxe 1 1/25.6 18,481
Rune spear 1 1/25.6 11,695
Bucket of sand 25 (noted) 1/21.33 925
Cactus spine 10 (noted) 1/21.33 15,060
Uncut emerald 6 (noted) 1/25.6[d 1] 3,348
Uncut sapphire 4 (noted) 1/25.6[d 1] 1,268
1.0 1.1 6 uncut emeralds are dropped along 4 uncut sapphires.
<br>ID: NON_STANDARD_WORD = The word '6[d' is not standard English. Did you mean <suggestion>6’d</suggestion> (curly apostrophe) or <suggestion>6'd</suggestion> (straight apostrophe)?<br>
<br>Potential error: Never[d<br>Nothing N/A 1/47.02; Never[d 1] N/A
Uncut sapphire 1 1/110.7; 1/56.2[d 2] 317
Loop half of key 1 1/193.6; 1/184[d 2] 10,197
Tooth half of key 1 1/193.6; 1/184[d 2] 10,502
Coins 3,000 1/195.1 3,000
Uncut emerald 1 1/221.4; 1/112[d 2] 558
Uncut ruby 1 1/442.8; 1/225[d 2] 1,123
Runite bar 1 1/819.2 12,372
? The "nothing" drop is removed while wearing a ring of wealth.
<br>ID: NON_STANDARD_WORD = The word 'Never[d' is not standard English. Did you mean <suggestion>Never’d</suggestion> (curly apostrophe) or <suggestion>Never'd</suggestion> (straight apostrophe)?<br>
<br>Potential error: 2[d<br>Nothing N/A 1/47.02; Never[d 1] N/A
Uncut sapphire 1 1/110.7; 1/56.2[d 2] 317
Loop half of key 1 1/193.6; 1/184[d 2] 10,197
Tooth half of key 1 1/193.6; 1/184[d 2] 10,502
Coins 3,000 1/195.1 3,000
Uncut emerald 1 1/221.4; 1/112[d 2] 558
Uncut ruby 1 1/442.8; 1/225[d 2] 1,123
Runite bar 1 1/819.2 12,372
? The "nothing" drop is removed while wearing a ring of wealth.
<br>ID: NON_STANDARD_WORD = The word '2[d' is not standard English. Did you mean <suggestion>2’d</suggestion> (curly apostrophe) or <suggestion>2'd</suggestion> (straight apostrophe)?<br>
<br>Potential error: 184[d<br>Nothing N/A 1/47.02; Never[d 1] N/A
Uncut sapphire 1 1/110.7; 1/56.2[d 2] 317
Loop half of key 1 1/193.6; 1/184[d 2] 10,197
Tooth half of key 1 1/193.6; 1/184[d 2] 10,502
Coins 3,000 1/195.1 3,000
Uncut emerald 1 1/221.4; 1/112[d 2] 558
Uncut ruby 1 1/442.8; 1/225[d 2] 1,123
Runite bar 1 1/819.2 12,372
? The "nothing" drop is removed while wearing a ring of wealth.
<br>ID: NON_STANDARD_WORD = The word '184[d' is not standard English. Did you mean <suggestion>184’d</suggestion> (curly apostrophe) or <suggestion>184'd</suggestion> (straight apostrophe)?<br>
<br>Potential error: 184[d<br>Nothing N/A 1/47.02; Never[d 1] N/A
Uncut sapphire 1 1/110.7; 1/56.2[d 2] 317
Loop half of key 1 1/193.6; 1/184[d 2] 10,197
Tooth half of key 1 1/193.6; 1/184[d 2] 10,502
Coins 3,000 1/195.1 3,000
Uncut emerald 1 1/221.4; 1/112[d 2] 558
Uncut ruby 1 1/442.8; 1/225[d 2] 1,123
Runite bar 1 1/819.2 12,372
? The "nothing" drop is removed while wearing a ring of wealth.
<br>ID: NON_STANDARD_WORD = The word '184[d' is not standard English. Did you mean <suggestion>184’d</suggestion> (curly apostrophe) or <suggestion>184'd</suggestion> (straight apostrophe)?<br>
<br>Potential error: 112[d<br>Nothing N/A 1/47.02; Never[d 1] N/A
Uncut sapphire 1 1/110.7; 1/56.2[d 2] 317
Loop half of key 1 1/193.6; 1/184[d 2] 10,197
Tooth half of key 1 1/193.6; 1/184[d 2] 10,502
Coins 3,000 1/195.1 3,000
Uncut emerald 1 1/221.4; 1/112[d 2] 558
Uncut ruby 1 1/442.8; 1/225[d 2] 1,123
Runite bar 1 1/819.2 12,372
? The "nothing" drop is removed while wearing a ring of wealth.
<br>ID: NON_STANDARD_WORD = The word '112[d' is not standard English. Did you mean <suggestion>112’d</suggestion> (curly apostrophe) or <suggestion>112'd</suggestion> (straight apostrophe)?<br>
<br>Potential error: 225[d<br>Nothing N/A 1/47.02; Never[d 1] N/A
Uncut sapphire 1 1/110.7; 1/56.2[d 2] 317
Loop half of key 1 1/193.6; 1/184[d 2] 10,197
Tooth half of key 1 1/193.6; 1/184[d 2] 10,502
Coins 3,000 1/195.1 3,000
Uncut emerald 1 1/221.4; 1/112[d 2] 558
Uncut ruby 1 1/442.8; 1/225[d 2] 1,123
Runite bar 1 1/819.2 12,372
? The "nothing" drop is removed while wearing a ring of wealth.
<br>ID: NON_STANDARD_WORD = The word '225[d' is not standard English. Did you mean <suggestion>225’d</suggestion> (curly apostrophe) or <suggestion>225'd</suggestion> (straight apostrophe)?<br>]]>
  </system-out>
  <testcase classname="SpellCheck.SpellCheckPages" name="spellCheck" time="11.508">
    <failure type="java.lang.AssertionError">
      <![CDATA[java.lang.AssertionError
at SpellCheck.SpellCheckPages.spellCheck(SpellCheckPages.java:104)
at jdk.internal.reflect.GeneratedMethodAccessor3.invoke(Unknown Source)
at java.base/jdk.internal.reflect.DelegatingMethodAccessorImpl.invoke(DelegatingMethodAccessorImpl.java:43)
at java.base/java.lang.reflect.Method.invoke(Method.java:567)
at org.testng.internal.MethodInvocationHelper.invokeMethod(MethodInvocationHelper.java:133)
at org.testng.internal.TestInvoker.invokeMethod(TestInvoker.java:598)
at org.testng.internal.TestInvoker.invokeTestMethod(TestInvoker.java:173)
at org.testng.internal.MethodRunner.runInSequence(MethodRunner.java:46)
at org.testng.internal.TestInvoker$MethodInvocationAgent.invoke(TestInvoker.java:824)
at org.testng.internal.TestInvoker.invokeTestMethods(TestInvoker.java:146)
at org.testng.internal.TestMethodWorker.invokeTestMethods(TestMethodWorker.java:146)
at org.testng.internal.TestMethodWorker.run(TestMethodWorker.java:128)
at java.base/java.util.ArrayList.forEach(ArrayList.java:1511)
at org.testng.TestRunner.privateRun(TestRunner.java:794)
at org.testng.TestRunner.run(TestRunner.java:596)
at org.testng.SuiteRunner.runTest(SuiteRunner.java:377)
at org.testng.SuiteRunner.runSequentially(SuiteRunner.java:371)
at org.testng.SuiteRunner.privateRun(SuiteRunner.java:332)
at org.testng.SuiteRunner.run(SuiteRunner.java:276)
at org.testng.SuiteRunnerWorker.runSuite(SuiteRunnerWorker.java:53)
at org.testng.SuiteRunnerWorker.run(SuiteRunnerWorker.java:96)
at org.testng.TestNG.runSuitesSequentially(TestNG.java:1212)
at org.testng.TestNG.runSuitesLocally(TestNG.java:1134)
at org.testng.TestNG.runSuites(TestNG.java:1063)
at org.testng.TestNG.run(TestNG.java:1031)
at org.testng.remote.AbstractRemoteTestNG.run(AbstractRemoteTestNG.java:115)
at org.testng.remote.RemoteTestNG.initAndRun(RemoteTestNG.java:251)
at org.testng.remote.RemoteTestNG.main(RemoteTestNG.java:77)
]]>
    </failure>
  </testcase> <!-- spellCheck -->
  <system-out>
    <![CDATA[<br>Potential error: ultracompost<br>Once mature, the hops produces up to 35 Yanillian hops at a time without compost and 65 with ultracompost.
<br>ID: MORFOLOGIK_RULE_EN_GB = Possible spelling mistake found.<br>
<br>Potential error: xp<br>No xp is given for checking on the hops. <br>ID: MORFOLOGIK_RULE_EN_GB = Possible spelling mistake found.<br>
<br>Potential error: xp<br>Planting XP 14.5 xp
? Only dropped by Grown version.
<br>ID: MORFOLOGIK_RULE_EN_GB = Possible spelling mistake found.<br>]]>
  </system-out>
  <testcase classname="SpellCheck.SpellCheckPages" name="spellCheck" time="6.282">
    <failure type="java.lang.AssertionError">
      <![CDATA[java.lang.AssertionError
at SpellCheck.SpellCheckPages.spellCheck(SpellCheckPages.java:104)
at jdk.internal.reflect.GeneratedMethodAccessor3.invoke(Unknown Source)
at java.base/jdk.internal.reflect.DelegatingMethodAccessorImpl.invoke(DelegatingMethodAccessorImpl.java:43)
at java.base/java.lang.reflect.Method.invoke(Method.java:567)
at org.testng.internal.MethodInvocationHelper.invokeMethod(MethodInvocationHelper.java:133)
at org.testng.internal.TestInvoker.invokeMethod(TestInvoker.java:598)
at org.testng.internal.TestInvoker.invokeTestMethod(TestInvoker.java:173)
at org.testng.internal.MethodRunner.runInSequence(MethodRunner.java:46)
at org.testng.internal.TestInvoker$MethodInvocationAgent.invoke(TestInvoker.java:824)
at org.testng.internal.TestInvoker.invokeTestMethods(TestInvoker.java:146)
at org.testng.internal.TestMethodWorker.invokeTestMethods(TestMethodWorker.java:146)
at org.testng.internal.TestMethodWorker.run(TestMethodWorker.java:128)
at java.base/java.util.ArrayList.forEach(ArrayList.java:1511)
at org.testng.TestRunner.privateRun(TestRunner.java:794)
at org.testng.TestRunner.run(TestRunner.java:596)
at org.testng.SuiteRunner.runTest(SuiteRunner.java:377)
at org.testng.SuiteRunner.runSequentially(SuiteRunner.java:371)
at org.testng.SuiteRunner.privateRun(SuiteRunner.java:332)
at org.testng.SuiteRunner.run(SuiteRunner.java:276)
at org.testng.SuiteRunnerWorker.runSuite(SuiteRunnerWorker.java:53)
at org.testng.SuiteRunnerWorker.run(SuiteRunnerWorker.java:96)
at org.testng.TestNG.runSuitesSequentially(TestNG.java:1212)
at org.testng.TestNG.runSuitesLocally(TestNG.java:1134)
at org.testng.TestNG.runSuites(TestNG.java:1063)
at org.testng.TestNG.run(TestNG.java:1031)
at org.testng.remote.AbstractRemoteTestNG.run(AbstractRemoteTestNG.java:115)
at org.testng.remote.RemoteTestNG.initAndRun(RemoteTestNG.java:251)
at org.testng.remote.RemoteTestNG.main(RemoteTestNG.java:77)
]]>
    </failure>
  </testcase> <!-- spellCheck -->
  <system-out>
    <![CDATA[<br>Potential error: minigame-exclusive<br>The rope in Last Man Standing is a minigame-exclusive variant of the normal rope. <br>ID: MORFOLOGIK_RULE_EN_GB = Possible spelling mistake found.<br>]]>
  </system-out>
  <testcase classname="SpellCheck.SpellCheckPages" name="spellCheck" time="25.276">
    <failure type="java.lang.AssertionError">
      <![CDATA[java.lang.AssertionError
at SpellCheck.SpellCheckPages.spellCheck(SpellCheckPages.java:104)
at jdk.internal.reflect.GeneratedMethodAccessor3.invoke(Unknown Source)
at java.base/jdk.internal.reflect.DelegatingMethodAccessorImpl.invoke(DelegatingMethodAccessorImpl.java:43)
at java.base/java.lang.reflect.Method.invoke(Method.java:567)
at org.testng.internal.MethodInvocationHelper.invokeMethod(MethodInvocationHelper.java:133)
at org.testng.internal.TestInvoker.invokeMethod(TestInvoker.java:598)
at org.testng.internal.TestInvoker.invokeTestMethod(TestInvoker.java:173)
at org.testng.internal.MethodRunner.runInSequence(MethodRunner.java:46)
at org.testng.internal.TestInvoker$MethodInvocationAgent.invoke(TestInvoker.java:824)
at org.testng.internal.TestInvoker.invokeTestMethods(TestInvoker.java:146)
at org.testng.internal.TestMethodWorker.invokeTestMethods(TestMethodWorker.java:146)
at org.testng.internal.TestMethodWorker.run(TestMethodWorker.java:128)
at java.base/java.util.ArrayList.forEach(ArrayList.java:1511)
at org.testng.TestRunner.privateRun(TestRunner.java:794)
at org.testng.TestRunner.run(TestRunner.java:596)
at org.testng.SuiteRunner.runTest(SuiteRunner.java:377)
at org.testng.SuiteRunner.runSequentially(SuiteRunner.java:371)
at org.testng.SuiteRunner.privateRun(SuiteRunner.java:332)
at org.testng.SuiteRunner.run(SuiteRunner.java:276)
at org.testng.SuiteRunnerWorker.runSuite(SuiteRunnerWorker.java:53)
at org.testng.SuiteRunnerWorker.run(SuiteRunnerWorker.java:96)
at org.testng.TestNG.runSuitesSequentially(TestNG.java:1212)
at org.testng.TestNG.runSuitesLocally(TestNG.java:1134)
at org.testng.TestNG.runSuites(TestNG.java:1063)
at org.testng.TestNG.run(TestNG.java:1031)
at org.testng.remote.AbstractRemoteTestNG.run(AbstractRemoteTestNG.java:115)
at org.testng.remote.RemoteTestNG.initAndRun(RemoteTestNG.java:251)
at org.testng.remote.RemoteTestNG.main(RemoteTestNG.java:77)
]]>
    </failure>
  </testcase> <!-- spellCheck -->
  <system-out>
    <![CDATA[<br>Potential error: He Sells<br>Ishmael's Fish He Sells is a shop located in the Ruins of Unkah. <br>ID: PRONOUN_NOUN = Possible mistake. Please verify.<br>]]>
  </system-out>
  <testcase classname="SpellCheck.SpellCheckPages" name="spellCheck" time="11.358">
    <failure type="java.lang.AssertionError">
      <![CDATA[java.lang.AssertionError
at SpellCheck.SpellCheckPages.spellCheck(SpellCheckPages.java:104)
at jdk.internal.reflect.GeneratedMethodAccessor3.invoke(Unknown Source)
at java.base/jdk.internal.reflect.DelegatingMethodAccessorImpl.invoke(DelegatingMethodAccessorImpl.java:43)
at java.base/java.lang.reflect.Method.invoke(Method.java:567)
at org.testng.internal.MethodInvocationHelper.invokeMethod(MethodInvocationHelper.java:133)
at org.testng.internal.TestInvoker.invokeMethod(TestInvoker.java:598)
at org.testng.internal.TestInvoker.invokeTestMethod(TestInvoker.java:173)
at org.testng.internal.MethodRunner.runInSequence(MethodRunner.java:46)
at org.testng.internal.TestInvoker$MethodInvocationAgent.invoke(TestInvoker.java:824)
at org.testng.internal.TestInvoker.invokeTestMethods(TestInvoker.java:146)
at org.testng.internal.TestMethodWorker.invokeTestMethods(TestMethodWorker.java:146)
at org.testng.internal.TestMethodWorker.run(TestMethodWorker.java:128)
at java.base/java.util.ArrayList.forEach(ArrayList.java:1511)
at org.testng.TestRunner.privateRun(TestRunner.java:794)
at org.testng.TestRunner.run(TestRunner.java:596)
at org.testng.SuiteRunner.runTest(SuiteRunner.java:377)
at org.testng.SuiteRunner.runSequentially(SuiteRunner.java:371)
at org.testng.SuiteRunner.privateRun(SuiteRunner.java:332)
at org.testng.SuiteRunner.run(SuiteRunner.java:276)
at org.testng.SuiteRunnerWorker.runSuite(SuiteRunnerWorker.java:53)
at org.testng.SuiteRunnerWorker.run(SuiteRunnerWorker.java:96)
at org.testng.TestNG.runSuitesSequentially(TestNG.java:1212)
at org.testng.TestNG.runSuitesLocally(TestNG.java:1134)
at org.testng.TestNG.runSuites(TestNG.java:1063)
at org.testng.TestNG.run(TestNG.java:1031)
at org.testng.remote.AbstractRemoteTestNG.run(AbstractRemoteTestNG.java:115)
at org.testng.remote.RemoteTestNG.initAndRun(RemoteTestNG.java:251)
at org.testng.remote.RemoteTestNG.main(RemoteTestNG.java:77)
]]>
    </failure>
  </testcase> <!-- spellCheck -->
  <system-out>
    <![CDATA[<br>Potential error: Greenman<br>Greenman's ale is a variant of Greenman's ale that can be obtained in a Player-owned house. <br>ID: MORFOLOGIK_RULE_EN_GB = Possible spelling mistake found.<br>
<br>Potential error: Greenman<br>Greenman's ale is a variant of Greenman's ale that can be obtained in a Player-owned house. <br>ID: MORFOLOGIK_RULE_EN_GB = Possible spelling mistake found.<br>
<br>Potential error: an<br>Players can obtain it by using an empty beer glass on an Greenman's ale barrel, which can be built in the kitchen of a player-owned house.
<br>ID: EN_A_VS_AN = Use <suggestion>a</suggestion> instead of 'an' if the following word doesn't start with a vowel sound, e.g. 'a sentence', 'a university'.<br>
<br>Potential error: Greenman<br>Players can obtain it by using an empty beer glass on an Greenman's ale barrel, which can be built in the kitchen of a player-owned house.
<br>ID: MORFOLOGIK_RULE_EN_GB = Possible spelling mistake found.<br>]]>
  </system-out>
  <testcase classname="SpellCheck.SpellCheckPages" name="spellCheck" time="19.193">
    <failure type="java.lang.AssertionError">
      <![CDATA[java.lang.AssertionError
at SpellCheck.SpellCheckPages.spellCheck(SpellCheckPages.java:104)
at jdk.internal.reflect.GeneratedMethodAccessor3.invoke(Unknown Source)
at java.base/jdk.internal.reflect.DelegatingMethodAccessorImpl.invoke(DelegatingMethodAccessorImpl.java:43)
at java.base/java.lang.reflect.Method.invoke(Method.java:567)
at org.testng.internal.MethodInvocationHelper.invokeMethod(MethodInvocationHelper.java:133)
at org.testng.internal.TestInvoker.invokeMethod(TestInvoker.java:598)
at org.testng.internal.TestInvoker.invokeTestMethod(TestInvoker.java:173)
at org.testng.internal.MethodRunner.runInSequence(MethodRunner.java:46)
at org.testng.internal.TestInvoker$MethodInvocationAgent.invoke(TestInvoker.java:824)
at org.testng.internal.TestInvoker.invokeTestMethods(TestInvoker.java:146)
at org.testng.internal.TestMethodWorker.invokeTestMethods(TestMethodWorker.java:146)
at org.testng.internal.TestMethodWorker.run(TestMethodWorker.java:128)
at java.base/java.util.ArrayList.forEach(ArrayList.java:1511)
at org.testng.TestRunner.privateRun(TestRunner.java:794)
at org.testng.TestRunner.run(TestRunner.java:596)
at org.testng.SuiteRunner.runTest(SuiteRunner.java:377)
at org.testng.SuiteRunner.runSequentially(SuiteRunner.java:371)
at org.testng.SuiteRunner.privateRun(SuiteRunner.java:332)
at org.testng.SuiteRunner.run(SuiteRunner.java:276)
at org.testng.SuiteRunnerWorker.runSuite(SuiteRunnerWorker.java:53)
at org.testng.SuiteRunnerWorker.run(SuiteRunnerWorker.java:96)
at org.testng.TestNG.runSuitesSequentially(TestNG.java:1212)
at org.testng.TestNG.runSuitesLocally(TestNG.java:1134)
at org.testng.TestNG.runSuites(TestNG.java:1063)
at org.testng.TestNG.run(TestNG.java:1031)
at org.testng.remote.AbstractRemoteTestNG.run(AbstractRemoteTestNG.java:115)
at org.testng.remote.RemoteTestNG.initAndRun(RemoteTestNG.java:251)
at org.testng.remote.RemoteTestNG.main(RemoteTestNG.java:77)
]]>
    </failure>
  </testcase> <!-- spellCheck -->
  <system-out>
    <![CDATA[<br>Potential error: 7[d<br>Tree wizards' journal 1 1/103.7; 1/99.7[d 1] Not sold
Runescroll of swampbark 1 1/103.7; 1/99.7[d 2] 12,119
Bloody notes 1 1/103.7; 1/99.7[d 3] Not sold
Runescroll of bloodbark 1 1/103.7; 1/99.7[d 2] 14,370
? Players will only receive the tree wizards' journal once; subsequent rolls will give players a runescroll of swampbark instead.
<br>ID: NON_STANDARD_WORD = The word '7[d' is not standard English. Did you mean <suggestion>7’d</suggestion> (curly apostrophe) or <suggestion>7'd</suggestion> (straight apostrophe)?<br>
<br>Potential error: 7[d<br>Tree wizards' journal 1 1/103.7; 1/99.7[d 1] Not sold
Runescroll of swampbark 1 1/103.7; 1/99.7[d 2] 12,119
Bloody notes 1 1/103.7; 1/99.7[d 3] Not sold
Runescroll of bloodbark 1 1/103.7; 1/99.7[d 2] 14,370
? Players will only receive the tree wizards' journal once; subsequent rolls will give players a runescroll of swampbark instead.
<br>ID: NON_STANDARD_WORD = The word '7[d' is not standard English. Did you mean <suggestion>7’d</suggestion> (curly apostrophe) or <suggestion>7'd</suggestion> (straight apostrophe)?<br>
<br>Potential error: 7[d<br>Tree wizards' journal 1 1/103.7; 1/99.7[d 1] Not sold
Runescroll of swampbark 1 1/103.7; 1/99.7[d 2] 12,119
Bloody notes 1 1/103.7; 1/99.7[d 3] Not sold
Runescroll of bloodbark 1 1/103.7; 1/99.7[d 2] 14,370
? Players will only receive the tree wizards' journal once; subsequent rolls will give players a runescroll of swampbark instead.
<br>ID: NON_STANDARD_WORD = The word '7[d' is not standard English. Did you mean <suggestion>7’d</suggestion> (curly apostrophe) or <suggestion>7'd</suggestion> (straight apostrophe)?<br>
<br>Potential error: 7[d<br>Tree wizards' journal 1 1/103.7; 1/99.7[d 1] Not sold
Runescroll of swampbark 1 1/103.7; 1/99.7[d 2] 12,119
Bloody notes 1 1/103.7; 1/99.7[d 3] Not sold
Runescroll of bloodbark 1 1/103.7; 1/99.7[d 2] 14,370
? Players will only receive the tree wizards' journal once; subsequent rolls will give players a runescroll of swampbark instead.
<br>ID: NON_STANDARD_WORD = The word '7[d' is not standard English. Did you mean <suggestion>7’d</suggestion> (curly apostrophe) or <suggestion>7'd</suggestion> (straight apostrophe)?<br>
<br>Potential error: runescrolls<br>2.0 2.1 The drop rate of runescrolls are increased when wearing a ring of wealth.
<br>ID: MORFOLOGIK_RULE_EN_GB = Possible spelling mistake found.<br>
<br>Potential error: 9[d<br>Battlestaff 3 (noted) 1/13.11; 1/12.9[d 1] 24,192
Adamant spear 1 1/20.6 841
Adamant spear(p) 1 1/24.03 834
Rune longsword 1 1/28.84; 1/47.5[d 1] 18,534
Rune sword 1 1/48.06; 1/47.5[d 1] 12,014
Adamant longsword 1 1/48.06 1,614
Rune scimitar 1 1/48.06; 1/47.5[d 1] 15,056
Dragon dagger 1 1/72.09; 1/71.2[d 1] 17,350
Dragon longsword 1 1/144.2; 1/142[d 1] 59,194
Dragon mace 1 1/144.2; 1/142[d 1] 29,518
1.0 1.1 1.2 1.3 1.4 1.5 1.6 The drop rate of this item is increased if players already have an elite clue scroll.
<br>ID: NON_STANDARD_WORD = The word '9[d' is not standard English. Did you mean <suggestion>9’d</suggestion> (curly apostrophe) or <suggestion>9'd</suggestion> (straight apostrophe)?<br>
<br>Potential error: 5[d<br>Battlestaff 3 (noted) 1/13.11; 1/12.9[d 1] 24,192
Adamant spear 1 1/20.6 841
Adamant spear(p) 1 1/24.03 834
Rune longsword 1 1/28.84; 1/47.5[d 1] 18,534
Rune sword 1 1/48.06; 1/47.5[d 1] 12,014
Adamant longsword 1 1/48.06 1,614
Rune scimitar 1 1/48.06; 1/47.5[d 1] 15,056
Dragon dagger 1 1/72.09; 1/71.2[d 1] 17,350
Dragon longsword 1 1/144.2; 1/142[d 1] 59,194
Dragon mace 1 1/144.2; 1/142[d 1] 29,518
1.0 1.1 1.2 1.3 1.4 1.5 1.6 The drop rate of this item is increased if players already have an elite clue scroll.
<br>ID: NON_STANDARD_WORD = The word '5[d' is not standard English. Did you mean <suggestion>5’d</suggestion> (curly apostrophe) or <suggestion>5'd</suggestion> (straight apostrophe)?<br>
<br>Potential error: 5[d<br>Battlestaff 3 (noted) 1/13.11; 1/12.9[d 1] 24,192
Adamant spear 1 1/20.6 841
Adamant spear(p) 1 1/24.03 834
Rune longsword 1 1/28.84; 1/47.5[d 1] 18,534
Rune sword 1 1/48.06; 1/47.5[d 1] 12,014
Adamant longsword 1 1/48.06 1,614
Rune scimitar 1 1/48.06; 1/47.5[d 1] 15,056
Dragon dagger 1 1/72.09; 1/71.2[d 1] 17,350
Dragon longsword 1 1/144.2; 1/142[d 1] 59,194
Dragon mace 1 1/144.2; 1/142[d 1] 29,518
1.0 1.1 1.2 1.3 1.4 1.5 1.6 The drop rate of this item is increased if players already have an elite clue scroll.
<br>ID: NON_STANDARD_WORD = The word '5[d' is not standard English. Did you mean <suggestion>5’d</suggestion> (curly apostrophe) or <suggestion>5'd</suggestion> (straight apostrophe)?<br>
<br>Potential error: 5[d<br>Battlestaff 3 (noted) 1/13.11; 1/12.9[d 1] 24,192
Adamant spear 1 1/20.6 841
Adamant spear(p) 1 1/24.03 834
Rune longsword 1 1/28.84; 1/47.5[d 1] 18,534
Rune sword 1 1/48.06; 1/47.5[d 1] 12,014
Adamant longsword 1 1/48.06 1,614
Rune scimitar 1 1/48.06; 1/47.5[d 1] 15,056
Dragon dagger 1 1/72.09; 1/71.2[d 1] 17,350
Dragon longsword 1 1/144.2; 1/142[d 1] 59,194
Dragon mace 1 1/144.2; 1/142[d 1] 29,518
1.0 1.1 1.2 1.3 1.4 1.5 1.6 The drop rate of this item is increased if players already have an elite clue scroll.
<br>ID: NON_STANDARD_WORD = The word '5[d' is not standard English. Did you mean <suggestion>5’d</suggestion> (curly apostrophe) or <suggestion>5'd</suggestion> (straight apostrophe)?<br>
<br>Potential error: 2[d<br>Battlestaff 3 (noted) 1/13.11; 1/12.9[d 1] 24,192
Adamant spear 1 1/20.6 841
Adamant spear(p) 1 1/24.03 834
Rune longsword 1 1/28.84; 1/47.5[d 1] 18,534
Rune sword 1 1/48.06; 1/47.5[d 1] 12,014
Adamant longsword 1 1/48.06 1,614
Rune scimitar 1 1/48.06; 1/47.5[d 1] 15,056
Dragon dagger 1 1/72.09; 1/71.2[d 1] 17,350
Dragon longsword 1 1/144.2; 1/142[d 1] 59,194
Dragon mace 1 1/144.2; 1/142[d 1] 29,518
1.0 1.1 1.2 1.3 1.4 1.5 1.6 The drop rate of this item is increased if players already have an elite clue scroll.
<br>ID: NON_STANDARD_WORD = The word '2[d' is not standard English. Did you mean <suggestion>2’d</suggestion> (curly apostrophe) or <suggestion>2'd</suggestion> (straight apostrophe)?<br>
<br>Potential error: 142[d<br>Battlestaff 3 (noted) 1/13.11; 1/12.9[d 1] 24,192
Adamant spear 1 1/20.6 841
Adamant spear(p) 1 1/24.03 834
Rune longsword 1 1/28.84; 1/47.5[d 1] 18,534
Rune sword 1 1/48.06; 1/47.5[d 1] 12,014
Adamant longsword 1 1/48.06 1,614
Rune scimitar 1 1/48.06; 1/47.5[d 1] 15,056
Dragon dagger 1 1/72.09; 1/71.2[d 1] 17,350
Dragon longsword 1 1/144.2; 1/142[d 1] 59,194
Dragon mace 1 1/144.2; 1/142[d 1] 29,518
1.0 1.1 1.2 1.3 1.4 1.5 1.6 The drop rate of this item is increased if players already have an elite clue scroll.
<br>ID: NON_STANDARD_WORD = The word '142[d' is not standard English. Did you mean <suggestion>142’d</suggestion> (curly apostrophe) or <suggestion>142'd</suggestion> (straight apostrophe)?<br>
<br>Potential error: 142[d<br>Battlestaff 3 (noted) 1/13.11; 1/12.9[d 1] 24,192
Adamant spear 1 1/20.6 841
Adamant spear(p) 1 1/24.03 834
Rune longsword 1 1/28.84; 1/47.5[d 1] 18,534
Rune sword 1 1/48.06; 1/47.5[d 1] 12,014
Adamant longsword 1 1/48.06 1,614
Rune scimitar 1 1/48.06; 1/47.5[d 1] 15,056
Dragon dagger 1 1/72.09; 1/71.2[d 1] 17,350
Dragon longsword 1 1/144.2; 1/142[d 1] 59,194
Dragon mace 1 1/144.2; 1/142[d 1] 29,518
1.0 1.1 1.2 1.3 1.4 1.5 1.6 The drop rate of this item is increased if players already have an elite clue scroll.
<br>ID: NON_STANDARD_WORD = The word '142[d' is not standard English. Did you mean <suggestion>142’d</suggestion> (curly apostrophe) or <suggestion>142'd</suggestion> (straight apostrophe)?<br>
<br>Potential error: 6[d<br>Adamant full helm 1 1/18.02 1,835
Mithril plateskirt 1 1/28.84 1,326
Adamant chainbody 1 1/36.05; 1/35.6[d 1] 2,753
Rune med helm 1 1/48.06; 1/47.5[d 1] 11,060
Adamant platelegs 1 1/48.06; 1/47.5[d 1] 3,482
Adamant plateskirt 1 1/48.06; 1/47.5[d 1] 3,625
Adamant platebody 1 1/48.06; 1/47.5[d 1] 9,305
Adamant kiteshield 1 1/72.09; 1/71.2[d 1] 2,938
Rune chainbody 1 1/72.09; 1/71.2[d 1] 29,438
Rune platebody 1 1/72.09; 1/71.2[d 1] 38,417
Rune platelegs 1 1/72.09; 1/71.2[d 1] 37,767
Rune plateskirt 1 1/72.09; 1/71.2[d 1] 37,762
1.0 1.1 1.2 1.3 1.4 1.5 1.6 1.7 1.8 1.9 The drop rate of this item is increased if players already have an elite clue scroll.
<br>ID: NON_STANDARD_WORD = The word '6[d' is not standard English. Did you mean <suggestion>6’d</suggestion> (curly apostrophe) or <suggestion>6'd</suggestion> (straight apostrophe)?<br>
<br>Potential error: 5[d<br>Adamant full helm 1 1/18.02 1,835
Mithril plateskirt 1 1/28.84 1,326
Adamant chainbody 1 1/36.05; 1/35.6[d 1] 2,753
Rune med helm 1 1/48.06; 1/47.5[d 1] 11,060
Adamant platelegs 1 1/48.06; 1/47.5[d 1] 3,482
Adamant plateskirt 1 1/48.06; 1/47.5[d 1] 3,625
Adamant platebody 1 1/48.06; 1/47.5[d 1] 9,305
Adamant kiteshield 1 1/72.09; 1/71.2[d 1] 2,938
Rune chainbody 1 1/72.09; 1/71.2[d 1] 29,438
Rune platebody 1 1/72.09; 1/71.2[d 1] 38,417
Rune platelegs 1 1/72.09; 1/71.2[d 1] 37,767
Rune plateskirt 1 1/72.09; 1/71.2[d 1] 37,762
1.0 1.1 1.2 1.3 1.4 1.5 1.6 1.7 1.8 1.9 The drop rate of this item is increased if players already have an elite clue scroll.
<br>ID: NON_STANDARD_WORD = The word '5[d' is not standard English. Did you mean <suggestion>5’d</suggestion> (curly apostrophe) or <suggestion>5'd</suggestion> (straight apostrophe)?<br>
<br>Potential error: 5[d<br>Adamant full helm 1 1/18.02 1,835
Mithril plateskirt 1 1/28.84 1,326
Adamant chainbody 1 1/36.05; 1/35.6[d 1] 2,753
Rune med helm 1 1/48.06; 1/47.5[d 1] 11,060
Adamant platelegs 1 1/48.06; 1/47.5[d 1] 3,482
Adamant plateskirt 1 1/48.06; 1/47.5[d 1] 3,625
Adamant platebody 1 1/48.06; 1/47.5[d 1] 9,305
Adamant kiteshield 1 1/72.09; 1/71.2[d 1] 2,938
Rune chainbody 1 1/72.09; 1/71.2[d 1] 29,438
Rune platebody 1 1/72.09; 1/71.2[d 1] 38,417
Rune platelegs 1 1/72.09; 1/71.2[d 1] 37,767
Rune plateskirt 1 1/72.09; 1/71.2[d 1] 37,762
1.0 1.1 1.2 1.3 1.4 1.5 1.6 1.7 1.8 1.9 The drop rate of this item is increased if players already have an elite clue scroll.
<br>ID: NON_STANDARD_WORD = The word '5[d' is not standard English. Did you mean <suggestion>5’d</suggestion> (curly apostrophe) or <suggestion>5'd</suggestion> (straight apostrophe)?<br>
<br>Potential error: 5[d<br>Adamant full helm 1 1/18.02 1,835
Mithril plateskirt 1 1/28.84 1,326
Adamant chainbody 1 1/36.05; 1/35.6[d 1] 2,753
Rune med helm 1 1/48.06; 1/47.5[d 1] 11,060
Adamant platelegs 1 1/48.06; 1/47.5[d 1] 3,482
Adamant plateskirt 1 1/48.06; 1/47.5[d 1] 3,625
Adamant platebody 1 1/48.06; 1/47.5[d 1] 9,305
Adamant kiteshield 1 1/72.09; 1/71.2[d 1] 2,938
Rune chainbody 1 1/72.09; 1/71.2[d 1] 29,438
Rune platebody 1 1/72.09; 1/71.2[d 1] 38,417
Rune platelegs 1 1/72.09; 1/71.2[d 1] 37,767
Rune plateskirt 1 1/72.09; 1/71.2[d 1] 37,762
1.0 1.1 1.2 1.3 1.4 1.5 1.6 1.7 1.8 1.9 The drop rate of this item is increased if players already have an elite clue scroll.
<br>ID: NON_STANDARD_WORD = The word '5[d' is not standard English. Did you mean <suggestion>5’d</suggestion> (curly apostrophe) or <suggestion>5'd</suggestion> (straight apostrophe)?<br>
<br>Potential error: 5[d<br>Adamant full helm 1 1/18.02 1,835
Mithril plateskirt 1 1/28.84 1,326
Adamant chainbody 1 1/36.05; 1/35.6[d 1] 2,753
Rune med helm 1 1/48.06; 1/47.5[d 1] 11,060
Adamant platelegs 1 1/48.06; 1/47.5[d 1] 3,482
Adamant plateskirt 1 1/48.06; 1/47.5[d 1] 3,625
Adamant platebody 1 1/48.06; 1/47.5[d 1] 9,305
Adamant kiteshield 1 1/72.09; 1/71.2[d 1] 2,938
Rune chainbody 1 1/72.09; 1/71.2[d 1] 29,438
Rune platebody 1 1/72.09; 1/71.2[d 1] 38,417
Rune platelegs 1 1/72.09; 1/71.2[d 1] 37,767
Rune plateskirt 1 1/72.09; 1/71.2[d 1] 37,762
1.0 1.1 1.2 1.3 1.4 1.5 1.6 1.7 1.8 1.9 The drop rate of this item is increased if players already have an elite clue scroll.
<br>ID: NON_STANDARD_WORD = The word '5[d' is not standard English. Did you mean <suggestion>5’d</suggestion> (curly apostrophe) or <suggestion>5'd</suggestion> (straight apostrophe)?<br>
<br>Potential error: 2[d<br>Adamant full helm 1 1/18.02 1,835
Mithril plateskirt 1 1/28.84 1,326
Adamant chainbody 1 1/36.05; 1/35.6[d 1] 2,753
Rune med helm 1 1/48.06; 1/47.5[d 1] 11,060
Adamant platelegs 1 1/48.06; 1/47.5[d 1] 3,482
Adamant plateskirt 1 1/48.06; 1/47.5[d 1] 3,625
Adamant platebody 1 1/48.06; 1/47.5[d 1] 9,305
Adamant kiteshield 1 1/72.09; 1/71.2[d 1] 2,938
Rune chainbody 1 1/72.09; 1/71.2[d 1] 29,438
Rune platebody 1 1/72.09; 1/71.2[d 1] 38,417
Rune platelegs 1 1/72.09; 1/71.2[d 1] 37,767
Rune plateskirt 1 1/72.09; 1/71.2[d 1] 37,762
1.0 1.1 1.2 1.3 1.4 1.5 1.6 1.7 1.8 1.9 The drop rate of this item is increased if players already have an elite clue scroll.
<br>ID: NON_STANDARD_WORD = The word '2[d' is not standard English. Did you mean <suggestion>2’d</suggestion> (curly apostrophe) or <suggestion>2'd</suggestion> (straight apostrophe)?<br>
<br>Potential error: 2[d<br>Adamant full helm 1 1/18.02 1,835
Mithril plateskirt 1 1/28.84 1,326
Adamant chainbody 1 1/36.05; 1/35.6[d 1] 2,753
Rune med helm 1 1/48.06; 1/47.5[d 1] 11,060
Adamant platelegs 1 1/48.06; 1/47.5[d 1] 3,482
Adamant plateskirt 1 1/48.06; 1/47.5[d 1] 3,625
Adamant platebody 1 1/48.06; 1/47.5[d 1] 9,305
Adamant kiteshield 1 1/72.09; 1/71.2[d 1] 2,938
Rune chainbody 1 1/72.09; 1/71.2[d 1] 29,438
Rune platebody 1 1/72.09; 1/71.2[d 1] 38,417
Rune platelegs 1 1/72.09; 1/71.2[d 1] 37,767
Rune plateskirt 1 1/72.09; 1/71.2[d 1] 37,762
1.0 1.1 1.2 1.3 1.4 1.5 1.6 1.7 1.8 1.9 The drop rate of this item is increased if players already have an elite clue scroll.
<br>ID: NON_STANDARD_WORD = The word '2[d' is not standard English. Did you mean <suggestion>2’d</suggestion> (curly apostrophe) or <suggestion>2'd</suggestion> (straight apostrophe)?<br>
<br>Potential error: 2[d<br>Adamant full helm 1 1/18.02 1,835
Mithril plateskirt 1 1/28.84 1,326
Adamant chainbody 1 1/36.05; 1/35.6[d 1] 2,753
Rune med helm 1 1/48.06; 1/47.5[d 1] 11,060
Adamant platelegs 1 1/48.06; 1/47.5[d 1] 3,482
Adamant plateskirt 1 1/48.06; 1/47.5[d 1] 3,625
Adamant platebody 1 1/48.06; 1/47.5[d 1] 9,305
Adamant kiteshield 1 1/72.09; 1/71.2[d 1] 2,938
Rune chainbody 1 1/72.09; 1/71.2[d 1] 29,438
Rune platebody 1 1/72.09; 1/71.2[d 1] 38,417
Rune platelegs 1 1/72.09; 1/71.2[d 1] 37,767
Rune plateskirt 1 1/72.09; 1/71.2[d 1] 37,762
1.0 1.1 1.2 1.3 1.4 1.5 1.6 1.7 1.8 1.9 The drop rate of this item is increased if players already have an elite clue scroll.
<br>ID: NON_STANDARD_WORD = The word '2[d' is not standard English. Did you mean <suggestion>2’d</suggestion> (curly apostrophe) or <suggestion>2'd</suggestion> (straight apostrophe)?<br>
<br>Potential error: 2[d<br>Adamant full helm 1 1/18.02 1,835
Mithril plateskirt 1 1/28.84 1,326
Adamant chainbody 1 1/36.05; 1/35.6[d 1] 2,753
Rune med helm 1 1/48.06; 1/47.5[d 1] 11,060
Adamant platelegs 1 1/48.06; 1/47.5[d 1] 3,482
Adamant plateskirt 1 1/48.06; 1/47.5[d 1] 3,625
Adamant platebody 1 1/48.06; 1/47.5[d 1] 9,305
Adamant kiteshield 1 1/72.09; 1/71.2[d 1] 2,938
Rune chainbody 1 1/72.09; 1/71.2[d 1] 29,438
Rune platebody 1 1/72.09; 1/71.2[d 1] 38,417
Rune platelegs 1 1/72.09; 1/71.2[d 1] 37,767
Rune plateskirt 1 1/72.09; 1/71.2[d 1] 37,762
1.0 1.1 1.2 1.3 1.4 1.5 1.6 1.7 1.8 1.9 The drop rate of this item is increased if players already have an elite clue scroll.
<br>ID: NON_STANDARD_WORD = The word '2[d' is not standard English. Did you mean <suggestion>2’d</suggestion> (curly apostrophe) or <suggestion>2'd</suggestion> (straight apostrophe)?<br>
<br>Potential error: 2[d<br>Adamant full helm 1 1/18.02 1,835
Mithril plateskirt 1 1/28.84 1,326
Adamant chainbody 1 1/36.05; 1/35.6[d 1] 2,753
Rune med helm 1 1/48.06; 1/47.5[d 1] 11,060
Adamant platelegs 1 1/48.06; 1/47.5[d 1] 3,482
Adamant plateskirt 1 1/48.06; 1/47.5[d 1] 3,625
Adamant platebody 1 1/48.06; 1/47.5[d 1] 9,305
Adamant kiteshield 1 1/72.09; 1/71.2[d 1] 2,938
Rune chainbody 1 1/72.09; 1/71.2[d 1] 29,438
Rune platebody 1 1/72.09; 1/71.2[d 1] 38,417
Rune platelegs 1 1/72.09; 1/71.2[d 1] 37,767
Rune plateskirt 1 1/72.09; 1/71.2[d 1] 37,762
1.0 1.1 1.2 1.3 1.4 1.5 1.6 1.7 1.8 1.9 The drop rate of this item is increased if players already have an elite clue scroll.
<br>ID: NON_STANDARD_WORD = The word '2[d' is not standard English. Did you mean <suggestion>2’d</suggestion> (curly apostrophe) or <suggestion>2'd</suggestion> (straight apostrophe)?<br>
<br>Potential error: 93[d<br>Fine cloth 1 1/6.008; 1/5.93[d 1][d 2] 7,723
Death rune 10–29 1/16.02 1,830–5,307
Amulet of the damned (full) 1 1/24.03; 1/23.7[d 1] 34,237
Soul rune 10–29 1/24.03 1,830–5,307
Flamtaer hammer 1 1/36.05 5,347
Dragonstone ring 1 1/48.06 11,615
Dragonstone 1 1/72.09; 1/71.2[d 1] 11,625
Yew logs 5–14 (noted) 1/80.1; 1/241[d 3] 1,085–3,038
Redwood logs 5–14 (noted) 1/120.2; 1/361[d 3] 1,370–3,836
Clue scroll (elite) 1 1/144.2 Not sold
1.0 1.1 1.2 The drop rate of this item is increased if players already have an elite clue scroll.
<br>ID: NON_STANDARD_WORD = The word '93[d' is not standard English. Did you mean <suggestion>93’d</suggestion> (curly apostrophe) or <suggestion>93'd</suggestion> (straight apostrophe)?<br>
<br>Potential error: 7[d<br>Fine cloth 1 1/6.008; 1/5.93[d 1][d 2] 7,723
Death rune 10–29 1/16.02 1,830–5,307
Amulet of the damned (full) 1 1/24.03; 1/23.7[d 1] 34,237
Soul rune 10–29 1/24.03 1,830–5,307
Flamtaer hammer 1 1/36.05 5,347
Dragonstone ring 1 1/48.06 11,615
Dragonstone 1 1/72.09; 1/71.2[d 1] 11,625
Yew logs 5–14 (noted) 1/80.1; 1/241[d 3] 1,085–3,038
Redwood logs 5–14 (noted) 1/120.2; 1/361[d 3] 1,370–3,836
Clue scroll (elite) 1 1/144.2 Not sold
1.0 1.1 1.2 The drop rate of this item is increased if players already have an elite clue scroll.
<br>ID: NON_STANDARD_WORD = The word '7[d' is not standard English. Did you mean <suggestion>7’d</suggestion> (curly apostrophe) or <suggestion>7'd</suggestion> (straight apostrophe)?<br>
<br>Potential error: 2[d<br>Fine cloth 1 1/6.008; 1/5.93[d 1][d 2] 7,723
Death rune 10–29 1/16.02 1,830–5,307
Amulet of the damned (full) 1 1/24.03; 1/23.7[d 1] 34,237
Soul rune 10–29 1/24.03 1,830–5,307
Flamtaer hammer 1 1/36.05 5,347
Dragonstone ring 1 1/48.06 11,615
Dragonstone 1 1/72.09; 1/71.2[d 1] 11,625
Yew logs 5–14 (noted) 1/80.1; 1/241[d 3] 1,085–3,038
Redwood logs 5–14 (noted) 1/120.2; 1/361[d 3] 1,370–3,836
Clue scroll (elite) 1 1/144.2 Not sold
1.0 1.1 1.2 The drop rate of this item is increased if players already have an elite clue scroll.
<br>ID: NON_STANDARD_WORD = The word '2[d' is not standard English. Did you mean <suggestion>2’d</suggestion> (curly apostrophe) or <suggestion>2'd</suggestion> (straight apostrophe)?<br>
<br>Potential error: 241[d<br>Fine cloth 1 1/6.008; 1/5.93[d 1][d 2] 7,723
Death rune 10–29 1/16.02 1,830–5,307
Amulet of the damned (full) 1 1/24.03; 1/23.7[d 1] 34,237
Soul rune 10–29 1/24.03 1,830–5,307
Flamtaer hammer 1 1/36.05 5,347
Dragonstone ring 1 1/48.06 11,615
Dragonstone 1 1/72.09; 1/71.2[d 1] 11,625
Yew logs 5–14 (noted) 1/80.1; 1/241[d 3] 1,085–3,038
Redwood logs 5–14 (noted) 1/120.2; 1/361[d 3] 1,370–3,836
Clue scroll (elite) 1 1/144.2 Not sold
1.0 1.1 1.2 The drop rate of this item is increased if players already have an elite clue scroll.
<br>ID: NON_STANDARD_WORD = The word '241[d' is not standard English. Did you mean <suggestion>241’d</suggestion> (curly apostrophe) or <suggestion>241'd</suggestion> (straight apostrophe)?<br>
<br>Potential error: 361[d<br>Fine cloth 1 1/6.008; 1/5.93[d 1][d 2] 7,723
Death rune 10–29 1/16.02 1,830–5,307
Amulet of the damned (full) 1 1/24.03; 1/23.7[d 1] 34,237
Soul rune 10–29 1/24.03 1,830–5,307
Flamtaer hammer 1 1/36.05 5,347
Dragonstone ring 1 1/48.06 11,615
Dragonstone 1 1/72.09; 1/71.2[d 1] 11,625
Yew logs 5–14 (noted) 1/80.1; 1/241[d 3] 1,085–3,038
Redwood logs 5–14 (noted) 1/120.2; 1/361[d 3] 1,370–3,836
Clue scroll (elite) 1 1/144.2 Not sold
1.0 1.1 1.2 The drop rate of this item is increased if players already have an elite clue scroll.
<br>ID: NON_STANDARD_WORD = The word '361[d' is not standard English. Did you mean <suggestion>361’d</suggestion> (curly apostrophe) or <suggestion>361'd</suggestion> (straight apostrophe)?<br>]]>
  </system-out>
  <testcase classname="SpellCheck.SpellCheckPages" name="spellCheck" time="14.472">
    <failure type="java.lang.AssertionError">
      <![CDATA[java.lang.AssertionError
at SpellCheck.SpellCheckPages.spellCheck(SpellCheckPages.java:104)
at java.base/jdk.internal.reflect.NativeMethodAccessorImpl.invoke0(Native Method)
at java.base/jdk.internal.reflect.NativeMethodAccessorImpl.invoke(NativeMethodAccessorImpl.java:78)
at java.base/jdk.internal.reflect.DelegatingMethodAccessorImpl.invoke(DelegatingMethodAccessorImpl.java:43)
at java.base/java.lang.reflect.Method.invoke(Method.java:567)
at org.testng.internal.MethodInvocationHelper.invokeMethod(MethodInvocationHelper.java:133)
at org.testng.internal.TestInvoker.invokeMethod(TestInvoker.java:598)
at org.testng.internal.TestInvoker.invokeTestMethod(TestInvoker.java:173)
at org.testng.internal.MethodRunner.runInSequence(MethodRunner.java:46)
at org.testng.internal.TestInvoker$MethodInvocationAgent.invoke(TestInvoker.java:824)
at org.testng.internal.TestInvoker.invokeTestMethods(TestInvoker.java:146)
at org.testng.internal.TestMethodWorker.invokeTestMethods(TestMethodWorker.java:146)
at org.testng.internal.TestMethodWorker.run(TestMethodWorker.java:128)
at java.base/java.util.ArrayList.forEach(ArrayList.java:1511)
at org.testng.TestRunner.privateRun(TestRunner.java:794)
at org.testng.TestRunner.run(TestRunner.java:596)
at org.testng.SuiteRunner.runTest(SuiteRunner.java:377)
at org.testng.SuiteRunner.runSequentially(SuiteRunner.java:371)
at org.testng.SuiteRunner.privateRun(SuiteRunner.java:332)
at org.testng.SuiteRunner.run(SuiteRunner.java:276)
at org.testng.SuiteRunnerWorker.runSuite(SuiteRunnerWorker.java:53)
at org.testng.SuiteRunnerWorker.run(SuiteRunnerWorker.java:96)
at org.testng.TestNG.runSuitesSequentially(TestNG.java:1212)
at org.testng.TestNG.runSuitesLocally(TestNG.java:1134)
at org.testng.TestNG.runSuites(TestNG.java:1063)
at org.testng.TestNG.run(TestNG.java:1031)
at org.testng.remote.AbstractRemoteTestNG.run(AbstractRemoteTestNG.java:115)
at org.testng.remote.RemoteTestNG.initAndRun(RemoteTestNG.java:251)
at org.testng.remote.RemoteTestNG.main(RemoteTestNG.java:77)
]]>
    </failure>
  </testcase> <!-- spellCheck -->
  <system-out>
    <![CDATA[<br>Potential error: 5m<br>Blast Furnace in Keldagrim 0 5m 2,600 1,560
Louie's Armoured Legs Bazaar. <br>ID: UNIT_SPACE = Insert a space between the numerical value and the unit symbol.<br>
<br>Potential error: 20m<br>Al Kharid 1 20m 2,600 1,690
The platelegs's ranged attack bonus has been decreased from -7 to -11.
<br>ID: UNIT_SPACE = Insert a space between the numerical value and the unit symbol.<br>]]>
  </system-out>
  <testcase classname="SpellCheck.SpellCheckPages" name="spellCheck" time="10.773"/>
  <system-out/>
  <testcase classname="SpellCheck.SpellCheckPages" name="spellCheck" time="20.540">
    <failure type="java.lang.AssertionError">
      <![CDATA[java.lang.AssertionError
at SpellCheck.SpellCheckPages.spellCheck(SpellCheckPages.java:104)
at jdk.internal.reflect.GeneratedMethodAccessor3.invoke(Unknown Source)
at java.base/jdk.internal.reflect.DelegatingMethodAccessorImpl.invoke(DelegatingMethodAccessorImpl.java:43)
at java.base/java.lang.reflect.Method.invoke(Method.java:567)
at org.testng.internal.MethodInvocationHelper.invokeMethod(MethodInvocationHelper.java:133)
at org.testng.internal.TestInvoker.invokeMethod(TestInvoker.java:598)
at org.testng.internal.TestInvoker.invokeTestMethod(TestInvoker.java:173)
at org.testng.internal.MethodRunner.runInSequence(MethodRunner.java:46)
at org.testng.internal.TestInvoker$MethodInvocationAgent.invoke(TestInvoker.java:824)
at org.testng.internal.TestInvoker.invokeTestMethods(TestInvoker.java:146)
at org.testng.internal.TestMethodWorker.invokeTestMethods(TestMethodWorker.java:146)
at org.testng.internal.TestMethodWorker.run(TestMethodWorker.java:128)
at java.base/java.util.ArrayList.forEach(ArrayList.java:1511)
at org.testng.TestRunner.privateRun(TestRunner.java:794)
at org.testng.TestRunner.run(TestRunner.java:596)
at org.testng.SuiteRunner.runTest(SuiteRunner.java:377)
at org.testng.SuiteRunner.runSequentially(SuiteRunner.java:371)
at org.testng.SuiteRunner.privateRun(SuiteRunner.java:332)
at org.testng.SuiteRunner.run(SuiteRunner.java:276)
at org.testng.SuiteRunnerWorker.runSuite(SuiteRunnerWorker.java:53)
at org.testng.SuiteRunnerWorker.run(SuiteRunnerWorker.java:96)
at org.testng.TestNG.runSuitesSequentially(TestNG.java:1212)
at org.testng.TestNG.runSuitesLocally(TestNG.java:1134)
at org.testng.TestNG.runSuites(TestNG.java:1063)
at org.testng.TestNG.run(TestNG.java:1031)
at org.testng.remote.AbstractRemoteTestNG.run(AbstractRemoteTestNG.java:115)
at org.testng.remote.RemoteTestNG.initAndRun(RemoteTestNG.java:251)
at org.testng.remote.RemoteTestNG.main(RemoteTestNG.java:77)
]]>
    </failure>
  </testcase> <!-- spellCheck -->
  <system-out>
    <![CDATA[<br>Potential error: are<br>There are a mix of combat level 8 and 145 on the 1st floor[US] and only combat level 8 dark warriors on the 2nd floor[US]. <br>ID: THERE_VBP_NN = Possible agreement error. Did you mean <suggestion>is</suggestion>?<br>]]>
  </system-out>
  <testcase classname="SpellCheck.SpellCheckPages" name="spellCheck" time="6.205"/>
  <system-out/>
  <testcase classname="SpellCheck.SpellCheckPages" name="spellCheck" time="4.517"/>
  <system-out/>
  <testcase classname="SpellCheck.SpellCheckPages" name="spellCheck" time="3.633"/>
  <system-out/>
  <testcase classname="SpellCheck.SpellCheckPages" name="spellCheck" time="16.372">
    <failure type="java.lang.AssertionError">
      <![CDATA[java.lang.AssertionError
at SpellCheck.SpellCheckPages.spellCheck(SpellCheckPages.java:104)
at jdk.internal.reflect.GeneratedMethodAccessor3.invoke(Unknown Source)
at java.base/jdk.internal.reflect.DelegatingMethodAccessorImpl.invoke(DelegatingMethodAccessorImpl.java:43)
at java.base/java.lang.reflect.Method.invoke(Method.java:567)
at org.testng.internal.MethodInvocationHelper.invokeMethod(MethodInvocationHelper.java:133)
at org.testng.internal.TestInvoker.invokeMethod(TestInvoker.java:598)
at org.testng.internal.TestInvoker.invokeTestMethod(TestInvoker.java:173)
at org.testng.internal.MethodRunner.runInSequence(MethodRunner.java:46)
at org.testng.internal.TestInvoker$MethodInvocationAgent.invoke(TestInvoker.java:824)
at org.testng.internal.TestInvoker.invokeTestMethods(TestInvoker.java:146)
at org.testng.internal.TestMethodWorker.invokeTestMethods(TestMethodWorker.java:146)
at org.testng.internal.TestMethodWorker.run(TestMethodWorker.java:128)
at java.base/java.util.ArrayList.forEach(ArrayList.java:1511)
at org.testng.TestRunner.privateRun(TestRunner.java:794)
at org.testng.TestRunner.run(TestRunner.java:596)
at org.testng.SuiteRunner.runTest(SuiteRunner.java:377)
at org.testng.SuiteRunner.runSequentially(SuiteRunner.java:371)
at org.testng.SuiteRunner.privateRun(SuiteRunner.java:332)
at org.testng.SuiteRunner.run(SuiteRunner.java:276)
at org.testng.SuiteRunnerWorker.runSuite(SuiteRunnerWorker.java:53)
at org.testng.SuiteRunnerWorker.run(SuiteRunnerWorker.java:96)
at org.testng.TestNG.runSuitesSequentially(TestNG.java:1212)
at org.testng.TestNG.runSuitesLocally(TestNG.java:1134)
at org.testng.TestNG.runSuites(TestNG.java:1063)
at org.testng.TestNG.run(TestNG.java:1031)
at org.testng.remote.AbstractRemoteTestNG.run(AbstractRemoteTestNG.java:115)
at org.testng.remote.RemoteTestNG.initAndRun(RemoteTestNG.java:251)
at org.testng.remote.RemoteTestNG.main(RemoteTestNG.java:77)
]]>
    </failure>
  </testcase> <!-- spellCheck -->
  <system-out>
    <![CDATA[<br>Potential error: chatbox<br>Whenever the energy restore function is used, a message appears in the player's chatbox displaying how many uses are left for that day.
<br>ID: MORFOLOGIK_RULE_EN_GB = Possible spelling mistake found.<br>
<br>Potential error: Perdu<br>It is now also possible to get multiple copies of achievement diary equipment by talking to relevant diary masters or by talking to Perdu, found upstairs in the Edgeville general store. <br>ID: MORFOLOGIK_RULE_EN_GB = Possible spelling mistake found.<br>
<br>Potential error: Perdu<br>Perdu will charge a small fee.
<br>ID: MORFOLOGIK_RULE_EN_GB = Possible spelling mistake found.<br>]]>
  </system-out>
  <testcase classname="SpellCheck.SpellCheckPages" name="spellCheck" time="13.456">
    <failure type="java.lang.AssertionError">
      <![CDATA[java.lang.AssertionError
at SpellCheck.SpellCheckPages.spellCheck(SpellCheckPages.java:104)
at jdk.internal.reflect.GeneratedMethodAccessor3.invoke(Unknown Source)
at java.base/jdk.internal.reflect.DelegatingMethodAccessorImpl.invoke(DelegatingMethodAccessorImpl.java:43)
at java.base/java.lang.reflect.Method.invoke(Method.java:567)
at org.testng.internal.MethodInvocationHelper.invokeMethod(MethodInvocationHelper.java:133)
at org.testng.internal.TestInvoker.invokeMethod(TestInvoker.java:598)
at org.testng.internal.TestInvoker.invokeTestMethod(TestInvoker.java:173)
at org.testng.internal.MethodRunner.runInSequence(MethodRunner.java:46)
at org.testng.internal.TestInvoker$MethodInvocationAgent.invoke(TestInvoker.java:824)
at org.testng.internal.TestInvoker.invokeTestMethods(TestInvoker.java:146)
at org.testng.internal.TestMethodWorker.invokeTestMethods(TestMethodWorker.java:146)
at org.testng.internal.TestMethodWorker.run(TestMethodWorker.java:128)
at java.base/java.util.ArrayList.forEach(ArrayList.java:1511)
at org.testng.TestRunner.privateRun(TestRunner.java:794)
at org.testng.TestRunner.run(TestRunner.java:596)
at org.testng.SuiteRunner.runTest(SuiteRunner.java:377)
at org.testng.SuiteRunner.runSequentially(SuiteRunner.java:371)
at org.testng.SuiteRunner.privateRun(SuiteRunner.java:332)
at org.testng.SuiteRunner.run(SuiteRunner.java:276)
at org.testng.SuiteRunnerWorker.runSuite(SuiteRunnerWorker.java:53)
at org.testng.SuiteRunnerWorker.run(SuiteRunnerWorker.java:96)
at org.testng.TestNG.runSuitesSequentially(TestNG.java:1212)
at org.testng.TestNG.runSuitesLocally(TestNG.java:1134)
at org.testng.TestNG.runSuites(TestNG.java:1063)
at org.testng.TestNG.run(TestNG.java:1031)
at org.testng.remote.AbstractRemoteTestNG.run(AbstractRemoteTestNG.java:115)
at org.testng.remote.RemoteTestNG.initAndRun(RemoteTestNG.java:251)
at org.testng.remote.RemoteTestNG.main(RemoteTestNG.java:77)
]]>
    </failure>
  </testcase> <!-- spellCheck -->
  <system-out>
    <![CDATA[<br>Potential error: xp<br>Planting XP 20.5 xp
Harvesting XP 115.5 xp
For an exhaustive list of all known sources for this item, see here (include RDT).
<br>ID: MORFOLOGIK_RULE_EN_GB = Possible spelling mistake found.<br>
<br>Potential error: xp<br>Planting XP 20.5 xp
Harvesting XP 115.5 xp
For an exhaustive list of all known sources for this item, see here (include RDT).
<br>ID: MORFOLOGIK_RULE_EN_GB = Possible spelling mistake found.<br>]]>
  </system-out>
  <testcase classname="SpellCheck.SpellCheckPages" name="spellCheck" time="6.231">
    <failure type="java.lang.AssertionError">
      <![CDATA[java.lang.AssertionError
at SpellCheck.SpellCheckPages.spellCheck(SpellCheckPages.java:104)
at jdk.internal.reflect.GeneratedMethodAccessor3.invoke(Unknown Source)
at java.base/jdk.internal.reflect.DelegatingMethodAccessorImpl.invoke(DelegatingMethodAccessorImpl.java:43)
at java.base/java.lang.reflect.Method.invoke(Method.java:567)
at org.testng.internal.MethodInvocationHelper.invokeMethod(MethodInvocationHelper.java:133)
at org.testng.internal.TestInvoker.invokeMethod(TestInvoker.java:598)
at org.testng.internal.TestInvoker.invokeTestMethod(TestInvoker.java:173)
at org.testng.internal.MethodRunner.runInSequence(MethodRunner.java:46)
at org.testng.internal.TestInvoker$MethodInvocationAgent.invoke(TestInvoker.java:824)
at org.testng.internal.TestInvoker.invokeTestMethods(TestInvoker.java:146)
at org.testng.internal.TestMethodWorker.invokeTestMethods(TestMethodWorker.java:146)
at org.testng.internal.TestMethodWorker.run(TestMethodWorker.java:128)
at java.base/java.util.ArrayList.forEach(ArrayList.java:1511)
at org.testng.TestRunner.privateRun(TestRunner.java:794)
at org.testng.TestRunner.run(TestRunner.java:596)
at org.testng.SuiteRunner.runTest(SuiteRunner.java:377)
at org.testng.SuiteRunner.runSequentially(SuiteRunner.java:371)
at org.testng.SuiteRunner.privateRun(SuiteRunner.java:332)
at org.testng.SuiteRunner.run(SuiteRunner.java:276)
at org.testng.SuiteRunnerWorker.runSuite(SuiteRunnerWorker.java:53)
at org.testng.SuiteRunnerWorker.run(SuiteRunnerWorker.java:96)
at org.testng.TestNG.runSuitesSequentially(TestNG.java:1212)
at org.testng.TestNG.runSuitesLocally(TestNG.java:1134)
at org.testng.TestNG.runSuites(TestNG.java:1063)
at org.testng.TestNG.run(TestNG.java:1031)
at org.testng.remote.AbstractRemoteTestNG.run(AbstractRemoteTestNG.java:115)
at org.testng.remote.RemoteTestNG.initAndRun(RemoteTestNG.java:251)
at org.testng.remote.RemoteTestNG.main(RemoteTestNG.java:77)
]]>
    </failure>
  </testcase> <!-- spellCheck -->
  <system-out>
    <![CDATA[<br>Potential error: its<br>Blue dragon scale, and its ground down version.
<br>ID: IT_IS_2 = Did you mean <suggestion>it's</suggestion> (short for 'it is' or 'it has') instead of 'its' (possessive pronoun)?<br>]]>
  </system-out>
  <testcase classname="SpellCheck.SpellCheckPages" name="spellCheck" time="14.451">
    <failure type="java.lang.AssertionError">
      <![CDATA[java.lang.AssertionError
at SpellCheck.SpellCheckPages.spellCheck(SpellCheckPages.java:104)
at jdk.internal.reflect.GeneratedMethodAccessor3.invoke(Unknown Source)
at java.base/jdk.internal.reflect.DelegatingMethodAccessorImpl.invoke(DelegatingMethodAccessorImpl.java:43)
at java.base/java.lang.reflect.Method.invoke(Method.java:567)
at org.testng.internal.MethodInvocationHelper.invokeMethod(MethodInvocationHelper.java:133)
at org.testng.internal.TestInvoker.invokeMethod(TestInvoker.java:598)
at org.testng.internal.TestInvoker.invokeTestMethod(TestInvoker.java:173)
at org.testng.internal.MethodRunner.runInSequence(MethodRunner.java:46)
at org.testng.internal.TestInvoker$MethodInvocationAgent.invoke(TestInvoker.java:824)
at org.testng.internal.TestInvoker.invokeTestMethods(TestInvoker.java:146)
at org.testng.internal.TestMethodWorker.invokeTestMethods(TestMethodWorker.java:146)
at org.testng.internal.TestMethodWorker.run(TestMethodWorker.java:128)
at java.base/java.util.ArrayList.forEach(ArrayList.java:1511)
at org.testng.TestRunner.privateRun(TestRunner.java:794)
at org.testng.TestRunner.run(TestRunner.java:596)
at org.testng.SuiteRunner.runTest(SuiteRunner.java:377)
at org.testng.SuiteRunner.runSequentially(SuiteRunner.java:371)
at org.testng.SuiteRunner.privateRun(SuiteRunner.java:332)
at org.testng.SuiteRunner.run(SuiteRunner.java:276)
at org.testng.SuiteRunnerWorker.runSuite(SuiteRunnerWorker.java:53)
at org.testng.SuiteRunnerWorker.run(SuiteRunnerWorker.java:96)
at org.testng.TestNG.runSuitesSequentially(TestNG.java:1212)
at org.testng.TestNG.runSuitesLocally(TestNG.java:1134)
at org.testng.TestNG.runSuites(TestNG.java:1063)
at org.testng.TestNG.run(TestNG.java:1031)
at org.testng.remote.AbstractRemoteTestNG.run(AbstractRemoteTestNG.java:115)
at org.testng.remote.RemoteTestNG.initAndRun(RemoteTestNG.java:251)
at org.testng.remote.RemoteTestNG.main(RemoteTestNG.java:77)
]]>
    </failure>
  </testcase> <!-- spellCheck -->
  <system-out>
    <![CDATA[<br>Potential error: chatbox<br>When drinking a sip of the potion, the player will get a chatbox message stating, "You drink the lumpy potion." <br>ID: MORFOLOGIK_RULE_EN_GB = Possible spelling mistake found.<br>
<br>Potential error: ess<br>The item was renamed from "Magic ess. <br>ID: MORFOLOGIK_RULE_EN_GB = Possible spelling mistake found.<br>]]>
  </system-out>
  <testcase classname="SpellCheck.SpellCheckPages" name="spellCheck" time="8.109"/>
  <system-out/>
  <testcase classname="SpellCheck.SpellCheckPages" name="spellCheck" time="7.511">
    <failure type="java.lang.AssertionError">
      <![CDATA[java.lang.AssertionError
at SpellCheck.SpellCheckPages.spellCheck(SpellCheckPages.java:104)
at java.base/jdk.internal.reflect.NativeMethodAccessorImpl.invoke0(Native Method)
at java.base/jdk.internal.reflect.NativeMethodAccessorImpl.invoke(NativeMethodAccessorImpl.java:78)
at java.base/jdk.internal.reflect.DelegatingMethodAccessorImpl.invoke(DelegatingMethodAccessorImpl.java:43)
at java.base/java.lang.reflect.Method.invoke(Method.java:567)
at org.testng.internal.MethodInvocationHelper.invokeMethod(MethodInvocationHelper.java:133)
at org.testng.internal.TestInvoker.invokeMethod(TestInvoker.java:598)
at org.testng.internal.TestInvoker.invokeTestMethod(TestInvoker.java:173)
at org.testng.internal.MethodRunner.runInSequence(MethodRunner.java:46)
at org.testng.internal.TestInvoker$MethodInvocationAgent.invoke(TestInvoker.java:824)
at org.testng.internal.TestInvoker.invokeTestMethods(TestInvoker.java:146)
at org.testng.internal.TestMethodWorker.invokeTestMethods(TestMethodWorker.java:146)
at org.testng.internal.TestMethodWorker.run(TestMethodWorker.java:128)
at java.base/java.util.ArrayList.forEach(ArrayList.java:1511)
at org.testng.TestRunner.privateRun(TestRunner.java:794)
at org.testng.TestRunner.run(TestRunner.java:596)
at org.testng.SuiteRunner.runTest(SuiteRunner.java:377)
at org.testng.SuiteRunner.runSequentially(SuiteRunner.java:371)
at org.testng.SuiteRunner.privateRun(SuiteRunner.java:332)
at org.testng.SuiteRunner.run(SuiteRunner.java:276)
at org.testng.SuiteRunnerWorker.runSuite(SuiteRunnerWorker.java:53)
at org.testng.SuiteRunnerWorker.run(SuiteRunnerWorker.java:96)
at org.testng.TestNG.runSuitesSequentially(TestNG.java:1212)
at org.testng.TestNG.runSuitesLocally(TestNG.java:1134)
at org.testng.TestNG.runSuites(TestNG.java:1063)
at org.testng.TestNG.run(TestNG.java:1031)
at org.testng.remote.AbstractRemoteTestNG.run(AbstractRemoteTestNG.java:115)
at org.testng.remote.RemoteTestNG.initAndRun(RemoteTestNG.java:251)
at org.testng.remote.RemoteTestNG.main(RemoteTestNG.java:77)
]]>
    </failure>
  </testcase> <!-- spellCheck -->
  <system-out>
    <![CDATA[<br>Potential error: Ulfric<br>Ulfric Longbeard is a skeletal boss monster who appears during Olaf's Quest. <br>ID: MORFOLOGIK_RULE_EN_GB = Possible spelling mistake found.<br>
<br>Potential error: Longbeard<br>Ulfric Longbeard is a skeletal boss monster who appears during Olaf's Quest. <br>ID: MORFOLOGIK_RULE_EN_GB = Possible spelling mistake found.<br>
<br>Potential error: Ulfric<br>His max hit is rather low compared to monsters of a similar level, with the fact that Ulfric is inaccurate, makes him a very easy boss for players about his level.
<br>ID: MORFOLOGIK_RULE_EN_GB = Possible spelling mistake found.<br>
<br>Potential error: Ulfric<br>Ulfric Longbeard was once a Fremennik sailor who collected treasure. <br>ID: MORFOLOGIK_RULE_EN_GB = Possible spelling mistake found.<br>
<br>Potential error: Longbeard<br>Ulfric Longbeard was once a Fremennik sailor who collected treasure. <br>ID: MORFOLOGIK_RULE_EN_GB = Possible spelling mistake found.<br>
<br>Potential error: Ulfric<br>A few years ago, several ships, including Ulfric's, were destroyed along the shores of the Fremennik Province. <br>ID: MORFOLOGIK_RULE_EN_GB = Possible spelling mistake found.<br>
<br>Potential error: Ulfric<br>Ulfric and his men died soon afterwards.
<br>ID: MORFOLOGIK_RULE_EN_GB = Possible spelling mistake found.<br>]]>
  </system-out>
  <testcase classname="SpellCheck.SpellCheckPages" name="spellCheck" time="6.781">
    <failure type="java.lang.AssertionError">
      <![CDATA[java.lang.AssertionError
at SpellCheck.SpellCheckPages.spellCheck(SpellCheckPages.java:104)
at jdk.internal.reflect.GeneratedMethodAccessor3.invoke(Unknown Source)
at java.base/jdk.internal.reflect.DelegatingMethodAccessorImpl.invoke(DelegatingMethodAccessorImpl.java:43)
at java.base/java.lang.reflect.Method.invoke(Method.java:567)
at org.testng.internal.MethodInvocationHelper.invokeMethod(MethodInvocationHelper.java:133)
at org.testng.internal.TestInvoker.invokeMethod(TestInvoker.java:598)
at org.testng.internal.TestInvoker.invokeTestMethod(TestInvoker.java:173)
at org.testng.internal.MethodRunner.runInSequence(MethodRunner.java:46)
at org.testng.internal.TestInvoker$MethodInvocationAgent.invoke(TestInvoker.java:824)
at org.testng.internal.TestInvoker.invokeTestMethods(TestInvoker.java:146)
at org.testng.internal.TestMethodWorker.invokeTestMethods(TestMethodWorker.java:146)
at org.testng.internal.TestMethodWorker.run(TestMethodWorker.java:128)
at java.base/java.util.ArrayList.forEach(ArrayList.java:1511)
at org.testng.TestRunner.privateRun(TestRunner.java:794)
at org.testng.TestRunner.run(TestRunner.java:596)
at org.testng.SuiteRunner.runTest(SuiteRunner.java:377)
at org.testng.SuiteRunner.runSequentially(SuiteRunner.java:371)
at org.testng.SuiteRunner.privateRun(SuiteRunner.java:332)
at org.testng.SuiteRunner.run(SuiteRunner.java:276)
at org.testng.SuiteRunnerWorker.runSuite(SuiteRunnerWorker.java:53)
at org.testng.SuiteRunnerWorker.run(SuiteRunnerWorker.java:96)
at org.testng.TestNG.runSuitesSequentially(TestNG.java:1212)
at org.testng.TestNG.runSuitesLocally(TestNG.java:1134)
at org.testng.TestNG.runSuites(TestNG.java:1063)
at org.testng.TestNG.run(TestNG.java:1031)
at org.testng.remote.AbstractRemoteTestNG.run(AbstractRemoteTestNG.java:115)
at org.testng.remote.RemoteTestNG.initAndRun(RemoteTestNG.java:251)
at org.testng.remote.RemoteTestNG.main(RemoteTestNG.java:77)
]]>
    </failure>
  </testcase> <!-- spellCheck -->
  <system-out>
    <![CDATA[<br>Potential error: color<br>Once the plant has grown to its third stage, it will become a pink, red, or white rose bush and the color of the flowers will be visible.
<br>ID: MORFOLOGIK_RULE_EN_GB = Possible spelling mistake. 'color' is American English.<br>]]>
  </system-out>
  <testcase classname="SpellCheck.SpellCheckPages" name="spellCheck" time="4.969"/>
  <system-out/>
  <testcase classname="SpellCheck.SpellCheckPages" name="spellCheck" time="4.346"/>
  <system-out/>
  <testcase classname="SpellCheck.SpellCheckPages" name="spellCheck" time="16.824"/>
  <system-out/>
  <testcase classname="SpellCheck.SpellCheckPages" name="spellCheck" time="5.909"/>
  <system-out/>
  <testcase classname="SpellCheck.SpellCheckPages" name="spellCheck" time="5.879"/>
  <system-out/>
  <testcase classname="SpellCheck.SpellCheckPages" name="spellCheck" time="6.305"/>
  <system-out/>
  <testcase classname="SpellCheck.SpellCheckPages" name="spellCheck" time="5.623"/>
  <system-out/>
  <testcase classname="SpellCheck.SpellCheckPages" name="spellCheck" time="3.438"/>
  <system-out/>
  <testcase classname="SpellCheck.SpellCheckPages" name="spellCheck" time="5.188"/>
  <system-out/>
  <testcase classname="SpellCheck.SpellCheckPages" name="spellCheck" time="14.710"/>
  <system-out/>
  <testcase classname="SpellCheck.SpellCheckPages" name="spellCheck" time="40.227">
    <failure type="java.lang.AssertionError">
      <![CDATA[java.lang.AssertionError
at SpellCheck.SpellCheckPages.spellCheck(SpellCheckPages.java:104)
at jdk.internal.reflect.GeneratedMethodAccessor3.invoke(Unknown Source)
at java.base/jdk.internal.reflect.DelegatingMethodAccessorImpl.invoke(DelegatingMethodAccessorImpl.java:43)
at java.base/java.lang.reflect.Method.invoke(Method.java:567)
at org.testng.internal.MethodInvocationHelper.invokeMethod(MethodInvocationHelper.java:133)
at org.testng.internal.TestInvoker.invokeMethod(TestInvoker.java:598)
at org.testng.internal.TestInvoker.invokeTestMethod(TestInvoker.java:173)
at org.testng.internal.MethodRunner.runInSequence(MethodRunner.java:46)
at org.testng.internal.TestInvoker$MethodInvocationAgent.invoke(TestInvoker.java:824)
at org.testng.internal.TestInvoker.invokeTestMethods(TestInvoker.java:146)
at org.testng.internal.TestMethodWorker.invokeTestMethods(TestMethodWorker.java:146)
at org.testng.internal.TestMethodWorker.run(TestMethodWorker.java:128)
at java.base/java.util.ArrayList.forEach(ArrayList.java:1511)
at org.testng.TestRunner.privateRun(TestRunner.java:794)
at org.testng.TestRunner.run(TestRunner.java:596)
at org.testng.SuiteRunner.runTest(SuiteRunner.java:377)
at org.testng.SuiteRunner.runSequentially(SuiteRunner.java:371)
at org.testng.SuiteRunner.privateRun(SuiteRunner.java:332)
at org.testng.SuiteRunner.run(SuiteRunner.java:276)
at org.testng.SuiteRunnerWorker.runSuite(SuiteRunnerWorker.java:53)
at org.testng.SuiteRunnerWorker.run(SuiteRunnerWorker.java:96)
at org.testng.TestNG.runSuitesSequentially(TestNG.java:1212)
at org.testng.TestNG.runSuitesLocally(TestNG.java:1134)
at org.testng.TestNG.runSuites(TestNG.java:1063)
at org.testng.TestNG.run(TestNG.java:1031)
at org.testng.remote.AbstractRemoteTestNG.run(AbstractRemoteTestNG.java:115)
at org.testng.remote.RemoteTestNG.initAndRun(RemoteTestNG.java:251)
at org.testng.remote.RemoteTestNG.main(RemoteTestNG.java:77)
]]>
    </failure>
  </testcase> <!-- spellCheck -->
  <system-out>
    <![CDATA[<br>Potential error: Drakan<br>The Vyrewatch are the vampyric vanguard that receive blood tithes from the population of Morytania and suppress any resistance to the Drakan overlords. <br>ID: MORFOLOGIK_RULE_EN_GB = Possible spelling mistake found.<br>
<br>Potential error: Vyre<br>This variant does not tithe the player, but will tell them to be careful of the humans if they are wearing a Vyre Noble Disguise. <br>ID: MORFOLOGIK_RULE_EN_GB = Possible spelling mistake found.<br>
<br>Potential error: Efaritay<br>Efaritay's aid does not work against Vyrewatch. <br>ID: MORFOLOGIK_RULE_EN_GB = Possible spelling mistake found.<br>
<br>Potential error: drakan<br>Players utilizing a general prayer armour setup can use drakan's medallion to teleport to Ver Sinhaza for banking and run north to Slepe where they can use an Altar of Zamorak to restore prayer points on their way to slaying Vyrewatch immediately north of the Crombwick Manor. <br>ID: MORFOLOGIK_RULE_EN_GB = Possible spelling mistake found.<br>
<br>Potential error: maximise<br>An empty inventory with a single combat potion can be used to maximise a players collection of vampyre dust and runite bars, while praying Protect from Melee at this location.
<br>ID: OXFORD_SPELLING_Z_NOT_S = Would you like to use the Oxford spelling <suggestion>maximize</suggestion>? The spelling 'maximise' is also correct.<br>
<br>Potential error: players<br>An empty inventory with a single combat potion can be used to maximise a players collection of vampyre dust and runite bars, while praying Protect from Melee at this location.
<br>ID: POSSESSIVE_APOSTROPHE = An apostrophe may be missing.<br>
<br>Potential error: Never[d<br>Nothing N/A 1/141.1; Never[d 1] N/A
Uncut sapphire 1 1/332.1; 1/169[d 2] 317
Loop half of key 1 1/580.8; 1/552[d 2] 10,197
Tooth half of key 1 1/580.8; 1/552[d 2] 10,502
Coins 3,000 1/585.1 3,000
Uncut emerald 1 1/664.2; 1/337[d 2] 558
? The "nothing" drop is removed while wearing a ring of wealth.
<br>ID: NON_STANDARD_WORD = The word 'Never[d' is not standard English. Did you mean <suggestion>Never’d</suggestion> (curly apostrophe) or <suggestion>Never'd</suggestion> (straight apostrophe)?<br>
<br>Potential error: 169[d<br>Nothing N/A 1/141.1; Never[d 1] N/A
Uncut sapphire 1 1/332.1; 1/169[d 2] 317
Loop half of key 1 1/580.8; 1/552[d 2] 10,197
Tooth half of key 1 1/580.8; 1/552[d 2] 10,502
Coins 3,000 1/585.1 3,000
Uncut emerald 1 1/664.2; 1/337[d 2] 558
? The "nothing" drop is removed while wearing a ring of wealth.
<br>ID: NON_STANDARD_WORD = The word '169[d' is not standard English. Did you mean <suggestion>169’d</suggestion> (curly apostrophe) or <suggestion>169'd</suggestion> (straight apostrophe)?<br>
<br>Potential error: 552[d<br>Nothing N/A 1/141.1; Never[d 1] N/A
Uncut sapphire 1 1/332.1; 1/169[d 2] 317
Loop half of key 1 1/580.8; 1/552[d 2] 10,197
Tooth half of key 1 1/580.8; 1/552[d 2] 10,502
Coins 3,000 1/585.1 3,000
Uncut emerald 1 1/664.2; 1/337[d 2] 558
? The "nothing" drop is removed while wearing a ring of wealth.
<br>ID: NON_STANDARD_WORD = The word '552[d' is not standard English. Did you mean <suggestion>552’d</suggestion> (curly apostrophe) or <suggestion>552'd</suggestion> (straight apostrophe)?<br>
<br>Potential error: 552[d<br>Nothing N/A 1/141.1; Never[d 1] N/A
Uncut sapphire 1 1/332.1; 1/169[d 2] 317
Loop half of key 1 1/580.8; 1/552[d 2] 10,197
Tooth half of key 1 1/580.8; 1/552[d 2] 10,502
Coins 3,000 1/585.1 3,000
Uncut emerald 1 1/664.2; 1/337[d 2] 558
? The "nothing" drop is removed while wearing a ring of wealth.
<br>ID: NON_STANDARD_WORD = The word '552[d' is not standard English. Did you mean <suggestion>552’d</suggestion> (curly apostrophe) or <suggestion>552'd</suggestion> (straight apostrophe)?<br>
<br>Potential error: 337[d<br>Nothing N/A 1/141.1; Never[d 1] N/A
Uncut sapphire 1 1/332.1; 1/169[d 2] 317
Loop half of key 1 1/580.8; 1/552[d 2] 10,197
Tooth half of key 1 1/580.8; 1/552[d 2] 10,502
Coins 3,000 1/585.1 3,000
Uncut emerald 1 1/664.2; 1/337[d 2] 558
? The "nothing" drop is removed while wearing a ring of wealth.
<br>ID: NON_STANDARD_WORD = The word '337[d' is not standard English. Did you mean <suggestion>337’d</suggestion> (curly apostrophe) or <suggestion>337'd</suggestion> (straight apostrophe)?<br>]]>
  </system-out>
  <testcase classname="SpellCheck.SpellCheckPages" name="spellCheck" time="10.418"/>
  <system-out/>
  <testcase classname="SpellCheck.SpellCheckPages" name="spellCheck" time="12.776">
    <failure type="java.lang.AssertionError">
      <![CDATA[java.lang.AssertionError
at SpellCheck.SpellCheckPages.spellCheck(SpellCheckPages.java:104)
at jdk.internal.reflect.GeneratedMethodAccessor3.invoke(Unknown Source)
at java.base/jdk.internal.reflect.DelegatingMethodAccessorImpl.invoke(DelegatingMethodAccessorImpl.java:43)
at java.base/java.lang.reflect.Method.invoke(Method.java:567)
at org.testng.internal.MethodInvocationHelper.invokeMethod(MethodInvocationHelper.java:133)
at org.testng.internal.TestInvoker.invokeMethod(TestInvoker.java:598)
at org.testng.internal.TestInvoker.invokeTestMethod(TestInvoker.java:173)
at org.testng.internal.MethodRunner.runInSequence(MethodRunner.java:46)
at org.testng.internal.TestInvoker$MethodInvocationAgent.invoke(TestInvoker.java:824)
at org.testng.internal.TestInvoker.invokeTestMethods(TestInvoker.java:146)
at org.testng.internal.TestMethodWorker.invokeTestMethods(TestMethodWorker.java:146)
at org.testng.internal.TestMethodWorker.run(TestMethodWorker.java:128)
at java.base/java.util.ArrayList.forEach(ArrayList.java:1511)
at org.testng.TestRunner.privateRun(TestRunner.java:794)
at org.testng.TestRunner.run(TestRunner.java:596)
at org.testng.SuiteRunner.runTest(SuiteRunner.java:377)
at org.testng.SuiteRunner.runSequentially(SuiteRunner.java:371)
at org.testng.SuiteRunner.privateRun(SuiteRunner.java:332)
at org.testng.SuiteRunner.run(SuiteRunner.java:276)
at org.testng.SuiteRunnerWorker.runSuite(SuiteRunnerWorker.java:53)
at org.testng.SuiteRunnerWorker.run(SuiteRunnerWorker.java:96)
at org.testng.TestNG.runSuitesSequentially(TestNG.java:1212)
at org.testng.TestNG.runSuitesLocally(TestNG.java:1134)
at org.testng.TestNG.runSuites(TestNG.java:1063)
at org.testng.TestNG.run(TestNG.java:1031)
at org.testng.remote.AbstractRemoteTestNG.run(AbstractRemoteTestNG.java:115)
at org.testng.remote.RemoteTestNG.initAndRun(RemoteTestNG.java:251)
at org.testng.remote.RemoteTestNG.main(RemoteTestNG.java:77)
]]>
    </failure>
  </testcase> <!-- spellCheck -->
  <system-out>
    <![CDATA[<br>Potential error: Air Craft<br>Breath of Fresh Air Craft some Air Runes at the Air Altar None None Air tiara or talisman, rune or pure essence Note that Rune Mysteries is required to mine essence, but not required to craft runes.
<br>ID: AIR_COMPOUNDS = This word is normally spelled as one.<br>
<br>Potential error: None None<br>Breath of Fresh Air Craft some Air Runes at the Air Altar None None Air tiara or talisman, rune or pure essence Note that Rune Mysteries is required to mine essence, but not required to craft runes.
<br>ID: ENGLISH_WORD_REPEAT_RULE = Possible typo: you repeated a word<br>
<br>Potential error: Thessalia<br>FashionScape Chat clothing with Thessalia in Varrock None None None Trading Thessalia completes this achievement, no chat necessary.
<br>ID: MORFOLOGIK_RULE_EN_GB = Possible spelling mistake found.<br>
<br>Potential error: Thessalia<br>FashionScape Chat clothing with Thessalia in Varrock None None None Trading Thessalia completes this achievement, no chat necessary.
<br>ID: MORFOLOGIK_RULE_EN_GB = Possible spelling mistake found.<br>
<br>Potential error: Al-kharid<br>Shopaholic Visit the General Stores in Lumbridge, Falador, Varrock, Edgeville, Rimmington, Al-kharid and Karamja (Musa point) None None None View map of required general stores.
<br>ID: MORFOLOGIK_RULE_EN_GB = Possible spelling mistake found.<br>
<br>Potential error: None None<br>Get the boot Equip Fancy Boots or Fighting Boots from Stronghold of Security None None Fancy boots or Fighting boots Decent combat stats recommended. <br>ID: ENGLISH_WORD_REPEAT_RULE = Possible typo: you repeated a word<br>]]>
  </system-out>
  <testcase classname="SpellCheck.SpellCheckPages" name="spellCheck" time="5.173"/>
  <system-out/>
  <testcase classname="SpellCheck.SpellCheckPages" name="spellCheck" time="14.503"/>
  <system-out/>
  <testcase classname="SpellCheck.SpellCheckPages" name="spellCheck" time="3.271">
    <failure type="java.lang.AssertionError">
      <![CDATA[java.lang.AssertionError
at SpellCheck.SpellCheckPages.spellCheck(SpellCheckPages.java:104)
at jdk.internal.reflect.GeneratedMethodAccessor3.invoke(Unknown Source)
at java.base/jdk.internal.reflect.DelegatingMethodAccessorImpl.invoke(DelegatingMethodAccessorImpl.java:43)
at java.base/java.lang.reflect.Method.invoke(Method.java:567)
at org.testng.internal.MethodInvocationHelper.invokeMethod(MethodInvocationHelper.java:133)
at org.testng.internal.TestInvoker.invokeMethod(TestInvoker.java:598)
at org.testng.internal.TestInvoker.invokeTestMethod(TestInvoker.java:173)
at org.testng.internal.MethodRunner.runInSequence(MethodRunner.java:46)
at org.testng.internal.TestInvoker$MethodInvocationAgent.invoke(TestInvoker.java:824)
at org.testng.internal.TestInvoker.invokeTestMethods(TestInvoker.java:146)
at org.testng.internal.TestMethodWorker.invokeTestMethods(TestMethodWorker.java:146)
at org.testng.internal.TestMethodWorker.run(TestMethodWorker.java:128)
at java.base/java.util.ArrayList.forEach(ArrayList.java:1511)
at org.testng.TestRunner.privateRun(TestRunner.java:794)
at org.testng.TestRunner.run(TestRunner.java:596)
at org.testng.SuiteRunner.runTest(SuiteRunner.java:377)
at org.testng.SuiteRunner.runSequentially(SuiteRunner.java:371)
at org.testng.SuiteRunner.privateRun(SuiteRunner.java:332)
at org.testng.SuiteRunner.run(SuiteRunner.java:276)
at org.testng.SuiteRunnerWorker.runSuite(SuiteRunnerWorker.java:53)
at org.testng.SuiteRunnerWorker.run(SuiteRunnerWorker.java:96)
at org.testng.TestNG.runSuitesSequentially(TestNG.java:1212)
at org.testng.TestNG.runSuitesLocally(TestNG.java:1134)
at org.testng.TestNG.runSuites(TestNG.java:1063)
at org.testng.TestNG.run(TestNG.java:1031)
at org.testng.remote.AbstractRemoteTestNG.run(AbstractRemoteTestNG.java:115)
at org.testng.remote.RemoteTestNG.initAndRun(RemoteTestNG.java:251)
at org.testng.remote.RemoteTestNG.main(RemoteTestNG.java:77)
]]>
    </failure>
  </testcase> <!-- spellCheck -->
  <system-out>
    <![CDATA[<br>Potential error: Waterpump<br>A Waterpump is a water source found by the entrance of the Hairdresser in Falador. <br>ID: MORFOLOGIK_RULE_EN_GB = Possible spelling mistake found.<br>]]>
  </system-out>
  <testcase classname="SpellCheck.SpellCheckPages" name="spellCheck" time="11.205">
    <failure type="java.lang.AssertionError">
      <![CDATA[java.lang.AssertionError
at SpellCheck.SpellCheckPages.spellCheck(SpellCheckPages.java:104)
at jdk.internal.reflect.GeneratedMethodAccessor3.invoke(Unknown Source)
at java.base/jdk.internal.reflect.DelegatingMethodAccessorImpl.invoke(DelegatingMethodAccessorImpl.java:43)
at java.base/java.lang.reflect.Method.invoke(Method.java:567)
at org.testng.internal.MethodInvocationHelper.invokeMethod(MethodInvocationHelper.java:133)
at org.testng.internal.TestInvoker.invokeMethod(TestInvoker.java:598)
at org.testng.internal.TestInvoker.invokeTestMethod(TestInvoker.java:173)
at org.testng.internal.MethodRunner.runInSequence(MethodRunner.java:46)
at org.testng.internal.TestInvoker$MethodInvocationAgent.invoke(TestInvoker.java:824)
at org.testng.internal.TestInvoker.invokeTestMethods(TestInvoker.java:146)
at org.testng.internal.TestMethodWorker.invokeTestMethods(TestMethodWorker.java:146)
at org.testng.internal.TestMethodWorker.run(TestMethodWorker.java:128)
at java.base/java.util.ArrayList.forEach(ArrayList.java:1511)
at org.testng.TestRunner.privateRun(TestRunner.java:794)
at org.testng.TestRunner.run(TestRunner.java:596)
at org.testng.SuiteRunner.runTest(SuiteRunner.java:377)
at org.testng.SuiteRunner.runSequentially(SuiteRunner.java:371)
at org.testng.SuiteRunner.privateRun(SuiteRunner.java:332)
at org.testng.SuiteRunner.run(SuiteRunner.java:276)
at org.testng.SuiteRunnerWorker.runSuite(SuiteRunnerWorker.java:53)
at org.testng.SuiteRunnerWorker.run(SuiteRunnerWorker.java:96)
at org.testng.TestNG.runSuitesSequentially(TestNG.java:1212)
at org.testng.TestNG.runSuitesLocally(TestNG.java:1134)
at org.testng.TestNG.runSuites(TestNG.java:1063)
at org.testng.TestNG.run(TestNG.java:1031)
at org.testng.remote.AbstractRemoteTestNG.run(AbstractRemoteTestNG.java:115)
[...]
<br>ID: MORFOLOGIK_RULE_EN_GB = Possible spelling mistake found.<br>
<br>Potential error: ( <br>( 2•2)…
<br>ID: COMMA_PARENTHESIS_WHITESPACE = Don't put a space after the opening parenthesis.<br>
<br>Potential error: Rohak<br>(His name will change to Rohak)
If you have ice gloves, equip them and pick up the cake. <br>ID: MORFOLOGIK_RULE_EN_GB = Possible spelling mistake found.<br>
<br>Potential error: Otherwise<br>Otherwise either telegrab the cake or equip other gloves and pick it up, then kill an icefiend (at Ice Mountain) to cool the cake.
<br>ID: SENT_START_CONJUNCTIVE_LINKING_ADVERB_COMMA = A comma may be missing after the conjunctive/linking adverb 'Otherwise'.<br>
<br>Potential error: telegrab<br>Otherwise either telegrab the cake or equip other gloves and pick it up, then kill an icefiend (at Ice Mountain) to cool the cake.
<br>ID: MORFOLOGIK_RULE_EN_GB = Possible spelling mistake found.<br>]]>
  </system-out>
  <testcase classname="SpellCheck.SpellCheckPages" name="spellCheck" time="14.795">
    <failure type="java.lang.AssertionError">
      <![CDATA[java.lang.AssertionError
at SpellCheck.SpellCheckPages.spellCheck(SpellCheckPages.java:104)
at jdk.internal.reflect.GeneratedMethodAccessor3.invoke(Unknown Source)
at java.base/jdk.internal.reflect.DelegatingMethodAccessorImpl.invoke(DelegatingMethodAccessorImpl.java:43)
at java.base/java.lang.reflect.Method.invoke(Method.java:567)
at org.testng.internal.MethodInvocationHelper.invokeMethod(MethodInvocationHelper.java:133)
at org.testng.internal.TestInvoker.invokeMethod(TestInvoker.java:598)
at org.testng.internal.TestInvoker.invokeTestMethod(TestInvoker.java:173)
at org.testng.internal.MethodRunner.runInSequence(MethodRunner.java:46)
at org.testng.internal.TestInvoker$MethodInvocationAgent.invoke(TestInvoker.java:824)
at org.testng.internal.TestInvoker.invokeTestMethods(TestInvoker.java:146)
at org.testng.internal.TestMethodWorker.invokeTestMethods(TestMethodWorker.java:146)
at org.testng.internal.TestMethodWorker.run(TestMethodWorker.java:128)
at java.base/java.util.ArrayList.forEach(ArrayList.java:1511)
at org.testng.TestRunner.privateRun(TestRunner.java:794)
at org.testng.TestRunner.run(TestRunner.java:596)
at org.testng.SuiteRunner.runTest(SuiteRunner.java:377)
at org.testng.SuiteRunner.runSequentially(SuiteRunner.java:371)
at org.testng.SuiteRunner.privateRun(SuiteRunner.java:332)
at org.testng.SuiteRunner.run(SuiteRunner.java:276)
at org.testng.SuiteRunnerWorker.runSuite(SuiteRunnerWorker.java:53)
at org.testng.SuiteRunnerWorker.run(SuiteRunnerWorker.java:96)
at org.testng.TestNG.runSuitesSequentially(TestNG.java:1212)
at org.testng.TestNG.runSuitesLocally(TestNG.java:1134)
at org.testng.TestNG.runSuites(TestNG.java:1063)
at org.testng.TestNG.run(TestNG.java:1031)
at org.testng.remote.AbstractRemoteTestNG.run(AbstractRemoteTestNG.java:115)
at org.testng.remote.RemoteTestNG.initAndRun(RemoteTestNG.java:251)
at org.testng.remote.RemoteTestNG.main(RemoteTestNG.java:77)
]]>
    </failure>
  </testcase> <!-- spellCheck -->
  <system-out>
    <![CDATA[<br>Potential error: Alek<br>Alek Constantine is a vampyre found in the western area of Darkmeyer. <br>ID: MORFOLOGIK_RULE_EN_GB = Possible spelling mistake found.<br>
<br>Potential error: xp<br>Thieving XP 306.9 xp
Coins 250–315 1/1.211 250–315
Death rune 2 1/16.5 366
Uncut ruby 1 1/26.4 1,123
This article on an NPC has an associated dialogue page.
<br>ID: MORFOLOGIK_RULE_EN_GB = Possible spelling mistake found.<br>]]>
  </system-out>
  <testcase classname="SpellCheck.SpellCheckPages" name="spellCheck" time="5.984">
    <failure type="java.lang.AssertionError">
      <![CDATA[java.lang.AssertionError
at SpellCheck.SpellCheckPages.spellCheck(SpellCheckPages.java:104)
at jdk.internal.reflect.GeneratedMethodAccessor3.invoke(Unknown Source)
at java.base/jdk.internal.reflect.DelegatingMethodAccessorImpl.invoke(DelegatingMethodAccessorImpl.java:43)
at java.base/java.lang.reflect.Method.invoke(Method.java:567)
at org.testng.internal.MethodInvocationHelper.invokeMethod(MethodInvocationHelper.java:133)
at org.testng.internal.TestInvoker.invokeMethod(TestInvoker.java:598)
at org.testng.internal.TestInvoker.invokeTestMethod(TestInvoker.java:173)
at org.testng.internal.MethodRunner.runInSequence(MethodRunner.java:46)
at org.testng.internal.TestInvoker$MethodInvocationAgent.invoke(TestInvoker.java:824)
at org.testng.internal.TestInvoker.invokeTestMethods(TestInvoker.java:146)
at org.testng.internal.TestMethodWorker.invokeTestMethods(TestMethodWorker.java:146)
at org.testng.internal.TestMethodWorker.run(TestMethodWorker.java:128)
at java.base/java.util.ArrayList.forEach(ArrayList.java:1511)
at org.testng.TestRunner.privateRun(TestRunner.java:794)
at org.testng.TestRunner.run(TestRunner.java:596)
at org.testng.SuiteRunner.runTest(SuiteRunner.java:377)
at org.testng.SuiteRunner.runSequentially(SuiteRunner.java:371)
at org.testng.SuiteRunner.privateRun(SuiteRunner.java:332)
at org.testng.SuiteRunner.run(SuiteRunner.java:276)
at org.testng.SuiteRunnerWorker.runSuite(SuiteRunnerWorker.java:53)
at org.testng.SuiteRunnerWorker.run(SuiteRunnerWorker.java:96)
at org.testng.TestNG.runSuitesSequentially(TestNG.java:1212)
at org.testng.TestNG.runSuitesLocally(TestNG.java:1134)
at org.testng.TestNG.runSuites(TestNG.java:1063)
at org.testng.TestNG.run(TestNG.java:1031)
at org.testng.remote.AbstractRemoteTestNG.run(AbstractRemoteTestNG.java:115)
at org.testng.remote.RemoteTestNG.initAndRun(RemoteTestNG.java:251)
at org.testng.remote.RemoteTestNG.main(RemoteTestNG.java:77)
]]>
    </failure>
  </testcase> <!-- spellCheck -->
  <system-out>
    <![CDATA[<br>Potential error: Al-Kharid<br>Examine A resident of Al-Kharid.
<br>ID: MORFOLOGIK_RULE_EN_GB = Possible spelling mistake found.<br>
<br>Potential error: Irena<br>Irena is a woman from Al Kharid, and the mother of Ana, an eager explorer/tourist. <br>ID: MORFOLOGIK_RULE_EN_GB = Possible spelling mistake found.<br>
<br>Potential error: Irena<br>Recently, she went down into the Kharidian Desert and Irena hasn't seen her since, so she waits and sobs at the gates of the Shantay Pass, waiting for Ana to return, and waiting for an adventurer to arrive and help her. <br>ID: MORFOLOGIK_RULE_EN_GB = Possible spelling mistake found.<br>]]>
  </system-out>
  <testcase classname="SpellCheck.SpellCheckPages" name="spellCheck" time="5.641">
    <failure type="java.lang.AssertionError">
      <![CDATA[java.lang.AssertionError
at SpellCheck.SpellCheckPages.spellCheck(SpellCheckPages.java:104)
at jdk.internal.reflect.GeneratedMethodAccessor3.invoke(Unknown Source)
at java.base/jdk.internal.reflect.DelegatingMethodAccessorImpl.invoke(DelegatingMethodAccessorImpl.java:43)
at java.base/java.lang.reflect.Method.invoke(Method.java:567)
at org.testng.internal.MethodInvocationHelper.invokeMethod(MethodInvocationHelper.java:133)
at org.testng.internal.TestInvoker.invokeMethod(TestInvoker.java:598)
at org.testng.internal.TestInvoker.invokeTestMethod(TestInvoker.java:173)
at org.testng.internal.MethodRunner.runInSequence(MethodRunner.java:46)
at org.testng.internal.TestInvoker$MethodInvocationAgent.invoke(TestInvoker.java:824)
at org.testng.internal.TestInvoker.invokeTestMethods(TestInvoker.java:146)
at org.testng.internal.TestMethodWorker.invokeTestMethods(TestMethodWorker.java:146)
at org.testng.internal.TestMethodWorker.run(TestMethodWorker.java:128)
at java.base/java.util.ArrayList.forEach(ArrayList.java:1511)
at org.testng.TestRunner.privateRun(TestRunner.java:794)
at org.testng.TestRunner.run(TestRunner.java:596)
at org.testng.SuiteRunner.runTest(SuiteRunner.java:377)
at org.testng.SuiteRunner.runSequentially(SuiteRunner.java:371)
at org.testng.SuiteRunner.privateRun(SuiteRunner.java:332)
at org.testng.SuiteRunner.run(SuiteRunner.java:276)
at org.testng.SuiteRunnerWorker.runSuite(SuiteRunnerWorker.java:53)
at org.testng.SuiteRunnerWorker.run(SuiteRunnerWorker.java:96)
at org.testng.TestNG.runSuitesSequentially(TestNG.java:1212)
at org.testng.TestNG.runSuitesLocally(TestNG.java:1134)
at org.testng.TestNG.runSuites(TestNG.java:1063)
at org.testng.TestNG.run(TestNG.java:1031)
at org.testng.remote.AbstractRemoteTestNG.run(AbstractRemoteTestNG.java:115)
at org.testng.remote.RemoteTestNG.initAndRun(RemoteTestNG.java:251)
at org.testng.remote.RemoteTestNG.main(RemoteTestNG.java:77)
]]>
    </failure>
  </testcase> <!-- spellCheck -->
  <system-out>
    <![CDATA[<br>Potential error: civilisations<br>“ Myriad and beautiful were the creatures and civilisations of the early ages of the world. <br>ID: OXFORD_SPELLING_Z_NOT_S = Would you like to use the Oxford spelling <suggestion>civilizations</suggestion>? The spelling 'civilisations' is also correct.<br>
<br>Potential error: marvelous<br>Indeed, so marvelous was this light-show that the patterns of light themselves became alive, and great flocks of luminous creatures rode along the gem cast beams, each drawn to its own colour. <br>ID: MORFOLOGIK_RULE_EN_GB = Possible spelling mistake. 'marvelous' is American English.<br>]]>
  </system-out>
  <testcase classname="SpellCheck.SpellCheckPages" name="spellCheck" time="10.458"/>
  <system-out/>
  <testcase classname="SpellCheck.SpellCheckPages" name="spellCheck" time="6.768">
    <failure type="java.lang.AssertionError">
      <![CDATA[java.lang.AssertionError
at SpellCheck.SpellCheckPages.spellCheck(SpellCheckPages.java:104)
at java.base/jdk.internal.reflect.NativeMethodAccessorImpl.invoke0(Native Method)
at java.base/jdk.internal.reflect.NativeMethodAccessorImpl.invoke(NativeMethodAccessorImpl.java:78)
at java.base/jdk.internal.reflect.DelegatingMethodAccessorImpl.invoke(DelegatingMethodAccessorImpl.java:43)
at java.base/java.lang.reflect.Method.invoke(Method.java:567)
at org.testng.internal.MethodInvocationHelper.invokeMethod(MethodInvocationHelper.java:133)
at org.testng.internal.TestInvoker.invokeMethod(TestInvoker.java:598)
at org.testng.internal.TestInvoker.invokeTestMethod(TestInvoker.java:173)
at org.testng.internal.MethodRunner.runInSequence(MethodRunner.java:46)
at org.testng.internal.TestInvoker$MethodInvocationAgent.invoke(TestInvoker.java:824)
at org.testng.internal.TestInvoker.invokeTestMethods(TestInvoker.java:146)
at org.testng.internal.TestMethodWorker.invokeTestMethods(TestMethodWorker.java:146)
at org.testng.internal.TestMethodWorker.run(TestMethodWorker.java:128)
at java.base/java.util.ArrayList.forEach(ArrayList.java:1511)
at org.testng.TestRunner.privateRun(TestRunner.java:794)
at org.testng.TestRunner.run(TestRunner.java:596)
at org.testng.SuiteRunner.runTest(SuiteRunner.java:377)
at org.testng.SuiteRunner.runSequentially(SuiteRunner.java:371)
at org.testng.SuiteRunner.privateRun(SuiteRunner.java:332)
at org.testng.SuiteRunner.run(SuiteRunner.java:276)
at org.testng.SuiteRunnerWorker.runSuite(SuiteRunnerWorker.java:53)
at org.testng.SuiteRunnerWorker.run(SuiteRunnerWorker.java:96)
at org.testng.TestNG.runSuitesSequentially(TestNG.java:1212)
at org.testng.TestNG.runSuitesLocally(TestNG.java:1134)
at org.testng.TestNG.runSuites(TestNG.java:1063)
at org.testng.TestNG.run(TestNG.java:1031)
at org.testng.remote.AbstractRemoteTestNG.run(AbstractRemoteTestNG.java:115)
at org.testng.remote.RemoteTestNG.initAndRun(RemoteTestNG.java:251)
at org.testng.remote.RemoteTestNG.main(RemoteTestNG.java:77)
]]>
    </failure>
  </testcase> <!-- spellCheck -->
  <system-out>
    <![CDATA[<br>Potential error: Siad<br>Examine A solid looking chest, it belongs to Captain Siad.
<br>ID: MORFOLOGIK_RULE_EN_GB = Possible spelling mistake found.<br>
<br>Potential error: Siad<br>The chest inside Siad's office at the Desert Mining Camp can be searched during The Tourist Trap quest to obtain the Technical plans. <br>ID: MORFOLOGIK_RULE_EN_GB = Possible spelling mistake found.<br>]]>
  </system-out>
  <testcase classname="SpellCheck.SpellCheckPages" name="spellCheck" time="19.075">
    <failure type="java.lang.AssertionError">
      <![CDATA[java.lang.AssertionError
at SpellCheck.SpellCheckPages.spellCheck(SpellCheckPages.java:104)
at jdk.internal.reflect.GeneratedMethodAccessor3.invoke(Unknown Source)
at java.base/jdk.internal.reflect.DelegatingMethodAccessorImpl.invoke(DelegatingMethodAccessorImpl.java:43)
at java.base/java.lang.reflect.Method.invoke(Method.java:567)
at org.testng.internal.MethodInvocationHelper.invokeMethod(MethodInvocationHelper.java:133)
at org.testng.internal.TestInvoker.invokeMethod(TestInvoker.java:598)
at org.testng.internal.TestInvoker.invokeTestMethod(TestInvoker.java:173)
at org.testng.internal.MethodRunner.runInSequence(MethodRunner.java:46)
at org.testng.internal.TestInvoker$MethodInvocationAgent.invoke(TestInvoker.java:824)
at org.testng.internal.TestInvoker.invokeTestMethods(TestInvoker.java:146)
at org.testng.internal.TestMethodWorker.invokeTestMethods(TestMethodWorker.java:146)
at org.testng.internal.TestMethodWorker.run(TestMethodWorker.java:128)
at java.base/java.util.ArrayList.forEach(ArrayList.java:1511)
at org.testng.TestRunner.privateRun(TestRunner.java:794)
at org.testng.TestRunner.run(TestRunner.java:596)
at org.testng.SuiteRunner.runTest(SuiteRunner.java:377)
at org.testng.SuiteRunner.runSequentially(SuiteRunner.java:371)
at org.testng.SuiteRunner.privateRun(SuiteRunner.java:332)
at org.testng.SuiteRunner.run(SuiteRunner.java:276)
at org.testng.SuiteRunnerWorker.runSuite(SuiteRunnerWorker.java:53)
at org.testng.SuiteRunnerWorker.run(SuiteRunnerWorker.java:96)
at org.testng.TestNG.runSuitesSequentially(TestNG.java:1212)
at org.testng.TestNG.runSuitesLocally(TestNG.java:1134)
at org.testng.TestNG.runSuites(TestNG.java:1063)
at org.testng.TestNG.run(TestNG.java:1031)
at org.testng.remote.AbstractRemoteTestNG.run(AbstractRemoteTestNG.java:115)
at org.testng.remote.RemoteTestNG.initAndRun(RemoteTestNG.java:251)
at org.testng.remote.RemoteTestNG.main(RemoteTestNG.java:77)
]]>
    </failure>
  </testcase> <!-- spellCheck -->
  <system-out>
    <![CDATA[<br>Potential error: Trampin<br>Charlie the Tramp (or Charles E. Trampin') is a tramp that tells the player about the Black Arm Gang headquarters during the Shield of Arrav quest. <br>ID: MORFOLOGIK_RULE_EN_GB = Possible spelling mistake found.<br>
<br>Potential error: skilling<br>Once there, Charlie will assign the player a short skilling task. <br>ID: INDIAN_ENGLISH = This word is chiefly South Asian English. Consider an alternative that is more suited for an international audience.<br>
<br>Potential error: Kharedst<br>20 Kharedst's memoirs to Hosidius. <br>ID: MORFOLOGIK_RULE_EN_GB = Possible spelling mistake found.<br>
<br>Potential error: a
I<br>14 n/a
I need to craft Charlie some leather chaps. <br>ID: DT_PRP = Possible typo. Did you mean <suggestion>a</suggestion> or <suggestion>I</suggestion>?<br>
<br>Potential error: a
His<br>18 n/a
His name and title are references to the silent film star Charlie Chaplin and his onscreen persona, "The Tramp".
<br>ID: DT_PRP = Possible typo. Did you mean <suggestion>a</suggestion> or <suggestion>His</suggestion>?<br>]]>
  </system-out>
  <testcase classname="SpellCheck.SpellCheckPages" name="spellCheck" time="8.490">
    <failure type="java.lang.AssertionError">
      <![CDATA[java.lang.AssertionError
at SpellCheck.SpellCheckPages.spellCheck(SpellCheckPages.java:104)
at jdk.internal.reflect.GeneratedMethodAccessor3.invoke(Unknown Source)
at java.base/jdk.internal.reflect.DelegatingMethodAccessorImpl.invoke(DelegatingMethodAccessorImpl.java:43)
at java.base/java.lang.reflect.Method.invoke(Method.java:567)
at org.testng.internal.MethodInvocationHelper.invokeMethod(MethodInvocationHelper.java:133)
at org.testng.internal.TestInvoker.invokeMethod(TestInvoker.java:598)
at org.testng.internal.TestInvoker.invokeTestMethod(TestInvoker.java:173)
at org.testng.internal.MethodRunner.runInSequence(MethodRunner.java:46)
at org.testng.internal.TestInvoker$MethodInvocationAgent.invoke(TestInvoker.java:824)
at org.testng.internal.TestInvoker.invokeTestMethods(TestInvoker.java:146)
at org.testng.internal.TestMethodWorker.invokeTestMethods(TestMethodWorker.java:146)
at org.testng.internal.TestMethodWorker.run(TestMethodWorker.java:128)
at java.base/java.util.ArrayList.forEach(ArrayList.java:1511)
at org.testng.TestRunner.privateRun(TestRunner.java:794)
at org.testng.TestRunner.run(TestRunner.java:596)
at org.testng.SuiteRunner.runTest(SuiteRunner.java:377)
at org.testng.SuiteRunner.runSequentially(SuiteRunner.java:371)
at org.testng.SuiteRunner.privateRun(SuiteRunner.java:332)
at org.testng.SuiteRunner.run(SuiteRunner.java:276)
at org.testng.SuiteRunnerWorker.runSuite(SuiteRunnerWorker.java:53)
at org.testng.SuiteRunnerWorker.run(SuiteRunnerWorker.java:96)
at org.testng.TestNG.runSuitesSequentially(TestNG.java:1212)
at org.testng.TestNG.runSuitesLocally(TestNG.java:1134)
at org.testng.TestNG.runSuites(TestNG.java:1063)
at org.testng.TestNG.run(TestNG.java:1031)
at org.testng.remote.AbstractRemoteTestNG.run(AbstractRemoteTestNG.java:115)
at org.testng.remote.RemoteTestNG.initAndRun(RemoteTestNG.java:251)
at org.testng.remote.RemoteTestNG.main(RemoteTestNG.java:77)
]]>
    </failure>
  </testcase> <!-- spellCheck -->
  <system-out>
    <![CDATA[<br>Potential error: available<br>available about the topic. <br>ID: UPPERCASE_SENTENCE_START = This sentence does not start with an uppercase letter.<br>]]>
  </system-out>
  <testcase classname="SpellCheck.SpellCheckPages" name="spellCheck" time="11.196"/>
  <system-out/>
  <testcase classname="SpellCheck.SpellCheckPages" name="spellCheck" time="12.506">
    <failure type="java.lang.AssertionError">
      <![CDATA[java.lang.AssertionError
at SpellCheck.SpellCheckPages.spellCheck(SpellCheckPages.java:104)
at java.base/jdk.internal.reflect.NativeMethodAccessorImpl.invoke0(Native Method)
at java.base/jdk.internal.reflect.NativeMethodAccessorImpl.invoke(NativeMethodAccessorImpl.java:78)
at java.base/jdk.internal.reflect.DelegatingMethodAccessorImpl.invoke(DelegatingMethodAccessorImpl.java:43)
at java.base/java.lang.reflect.Method.invoke(Method.java:567)
at org.testng.internal.MethodInvocationHelper.invokeMethod(MethodInvocationHelper.java:133)
at org.testng.internal.TestInvoker.invokeMethod(TestInvoker.java:598)
at org.testng.internal.TestInvoker.invokeTestMethod(TestInvoker.java:173)
at org.testng.internal.MethodRunner.runInSequence(MethodRunner.java:46)
at org.testng.internal.TestInvoker$MethodInvocationAgent.invoke(TestInvoker.java:824)
at org.testng.internal.TestInvoker.invokeTestMethods(TestInvoker.java:146)
at org.testng.internal.TestMethodWorker.invokeTestMethods(TestMethodWorker.java:146)
at org.testng.internal.TestMethodWorker.run(TestMethodWorker.java:128)
at java.base/java.util.ArrayList.forEach(ArrayList.java:1511)
at org.testng.TestRunner.privateRun(TestRunner.java:794)
at org.testng.TestRunner.run(TestRunner.java:596)
at org.testng.SuiteRunner.runTest(SuiteRunner.java:377)
at org.testng.SuiteRunner.runSequentially(SuiteRunner.java:371)
at org.testng.SuiteRunner.privateRun(SuiteRunner.java:332)
at org.testng.SuiteRunner.run(SuiteRunner.java:276)
at org.testng.SuiteRunnerWorker.runSuite(SuiteRunnerWorker.java:53)
at org.testng.SuiteRunnerWorker.run(SuiteRunnerWorker.java:96)
at org.testng.TestNG.runSuitesSequentially(TestNG.java:1212)
at org.testng.TestNG.runSuitesLocally(TestNG.java:1134)
at org.testng.TestNG.runSuites(TestNG.java:1063)
at org.testng.TestNG.run(TestNG.java:1031)
at org.testng.remote.AbstractRemoteTestNG.run(AbstractRemoteTestNG.java:115)
at org.testng.remote.RemoteTestNG.initAndRun(RemoteTestNG.java:251)
at org.testng.remote.RemoteTestNG.main(RemoteTestNG.java:77)
]]>
    </failure>
  </testcase> <!-- spellCheck -->
  <system-out>
    <![CDATA[<br>Potential error: KQ<br>You are now prompted with a warning when mounting a KQ head.
<br>ID: MORFOLOGIK_RULE_EN_GB = Possible spelling mistake found.<br>]]>
  </system-out>
</testsuite> <!-- SpellCheck.SpellCheckPages -->
